core   0: 0x00001000 (0x00000297) auipc   x5, 0x0
core   0: 3 0x00001000 (0x00000297) x5  0x00001000
core   0: 0x00001004 (0x02028593) addi    x11, x5, 32
core   0: 3 0x00001004 (0x02028593) x11 0x00001020
core   0: 0x00001008 (0xf1402573) csrr    x10, mhartid
core   0: 3 0x00001008 (0xf1402573) x10 0x00000000
core   0: 0x0000100c (0x0182a283) lw      x5, 24(x5)
core   0: 3 0x0000100c (0x0182a283) x5  0x80000000 mem 0x00001018
core   0: 0x00001010 (0x00028067) jr      x5
core   0: 3 0x00001010 (0x00028067)
core   0: 0x80000000 (0x00004197) auipc   x3, 0x4
core   0: 3 0x80000000 (0x00004197) x3  0x80004000
core   0: 0x80000004 (0x80818193) addi    x3, x3, -2040
core   0: 3 0x80000004 (0x80818193) x3  0x80003808
core   0: 0x80000008 (0x02000e93) li      x29, 32
core   0: 3 0x80000008 (0x02000e93) x29 0x00000020
core   0: 0x8000000c (0x0d0efed7) vsetvli x29, x29, e32, m1, ta, ma
core   0: 3 0x8000000c (0x0d0efed7) x29 0x00000020 c8_vstart 0x00000000 c3104_vl 0x00000020 c3105_vtype 0x000000d0 c768_mstatus 0x80000600
core   0: 0x80000010 (0x00002eb7) lui     x29, 0x2
core   0: 3 0x80000010 (0x00002eb7) x29 0x00002000
core   0: 0x80000014 (0x300eaef3) csrrs   x29, mstatus, x29
core   0: 3 0x80000014 (0x300eaef3) x29 0x80000600 c768_mstatus 0x80006600
core   0: 0x80000018 (0x00000e93) li      x29, 0
core   0: 3 0x80000018 (0x00000e93) x29 0x00000000
core   0: 0x8000001c (0x80502373) csrr    x6, wid
core   0: 3 0x8000001c (0x80502373) x6  0x00000000
core   0: 0x80000020 (0x806023f3) csrr    x7, lds
core   0: 3 0x80000020 (0x806023f3) x7  0x70000000
core   0: 0x80000024 (0x40000e13) li      x28, 1024
core   0: 3 0x80000024 (0x40000e13) x28 0x00000400
core   0: 0x80000028 (0x03c30333) mul     x6, x6, x28
core   0: 3 0x80000028 (0x03c30333) x6  0x00000000
core   0: 0x8000002c (0x00730133) add     x2, x6, x7
core   0: 3 0x8000002c (0x00730133) x2  0x70000000
core   0: 0x80000030 (0x00000213) li      x4, 0
core   0: 3 0x80000030 (0x00000213) x4  0x00000000
core   0: 0x80000034 (0x80102f73) csrr    x30, numw
core   0: 3 0x80000034 (0x80102f73) x30 0x00000001
core   0: 0x80000038 (0x40000e13) li      x28, 1024
core   0: 3 0x80000038 (0x40000e13) x28 0x00000400
core   0: 0x8000003c (0x03cf0f33) mul     x30, x30, x28
core   0: 3 0x8000003c (0x03cf0f33) x30 0x00000400
core   0: 0x80000040 (0x01e38433) add     x8, x7, x30
core   0: 3 0x80000040 (0x01e38433) x8  0x70000400
core   0: 0x80000044 (0x00003517) auipc   x10, 0x3
core   0: 3 0x80000044 (0x00003517) x10 0x80003044
core   0: 0x80000048 (0xfc850513) addi    x10, x10, -56
core   0: 3 0x80000048 (0xfc850513) x10 0x8000300c
core   0: 0x8000004c (0x00003617) auipc   x12, 0x3
core   0: 3 0x8000004c (0x00003617) x12 0x8000304c
core   0: 0x80000050 (0xfc060613) addi    x12, x12, -64
core   0: 3 0x80000050 (0xfc060613) x12 0x8000300c
core   0: 0x80000054 (0x00c50863) beq     x10, x12, pc + 16
core   0: 3 0x80000054 (0x00c50863)
core   0: 0x80000064 (0x803022f3) csrr    x5, knl
core   0: 3 0x80000064 (0x803022f3) x5  0x90026000
core   0: 0x80000068 (0x0002a303) lw      x6, 0(x5)
core   0: 3 0x80000068 (0x0002a303) x6  0x800000b8 mem 0x90026000
core   0: 0x8000006c (0x0042a503) lw      x10, 4(x5)
core   0: 3 0x8000006c (0x0042a503) x10 0x90005000 mem 0x90026004
core   0: 0x80000070 (0x0302a383) lw      x7, 48(x5)
core   0: 3 0x80000070 (0x0302a383) x7  0x00000000 mem 0x90026030
core   0: 0x80000074 (0x0342ae03) lw      x28, 52(x5)
core   0: 3 0x80000074 (0x0342ae03) x28 0x00000000 mem 0x90026034
core   0: 0x80000078 (0x00003e97) auipc   x29, 0x3
core   0: 3 0x80000078 (0x00003e97) x29 0x80003078
core   0: 0x8000007c (0xf88e8e93) addi    x29, x29, -120
core   0: 3 0x8000007c (0xf88e8e93) x29 0x80003000
core   0: 0x80000080 (0x00003f17) auipc   x30, 0x3
core   0: 3 0x80000080 (0x00003f17) x30 0x80003080
core   0: 0x80000084 (0xf84f0f13) addi    x30, x30, -124
core   0: 3 0x80000084 (0xf84f0f13) x30 0x80003004
core   0: 0x80000088 (0x007ea023) sw      x7, 0(x29)
core   0: 3 0x80000088 (0x007ea023) mem 0x80003000 0x00000000
core   0: 0x8000008c (0x01cf2023) sw      x28, 0(x30)
core   0: 3 0x8000008c (0x01cf2023) mem 0x80003004 0x00000000
core   0: 0x80000090 (0x00000f97) auipc   x31, 0x0
core   0: 3 0x80000090 (0x00000f97) x31 0x80000090
core   0: 0x80000094 (0x018f8f93) addi    x31, x31, 24
core   0: 3 0x80000094 (0x018f8f93) x31 0x800000a8
core   0: 0x80000098 (0x305f9073) csrw    mtvec, x31
core   0: 3 0x80000098 (0x305f9073) c773_mtvec 0x800000a8
core   0: 0x8000009c (0x000300e7) jalr    x6
core   0: 3 0x8000009c (0x000300e7) x1  0x800000a0
core   0: 0x800000b8 (0x01410113) addi    x2, x2, 20
core   0: 3 0x800000b8 (0x01410113) x2  0x70000014
core   0: 0x800000bc (0xfe112623) sw      x1, -20(x2)
core   0: 3 0x800000bc (0xfe112623) mem 0x70000000 0x800000a0
core   0: 0x800000c0 (0x01052283) lw      x5, 16(x10)
core   0: 3 0x800000c0 (0x01052283) x5  0x90004000 mem 0x90005010
core   0: 0x800000c4 (0xfe512e23) sw      x5, -4(x2)
core   0: 3 0x800000c4 (0xfe512e23) mem 0x70000010 0x90004000
core   0: 0x800000c8 (0x00c52283) lw      x5, 12(x10)
core   0: 3 0x800000c8 (0x00c52283) x5  0x90003000 mem 0x9000500c
core   0: 0x800000cc (0xfe512c23) sw      x5, -8(x2)
core   0: 3 0x800000cc (0xfe512c23) mem 0x7000000c 0x90003000
core   0: 0x800000d0 (0x00052283) lw      x5, 0(x10)
core   0: 3 0x800000d0 (0x00052283) x5  0x90000000 mem 0x90005000
core   0: 0x800000d4 (0xfe512a23) sw      x5, -12(x2)
core   0: 3 0x800000d4 (0xfe512a23) mem 0x70000008 0x90000000
core   0: 0x800000d8 (0x00852283) lw      x5, 8(x10)
core   0: 3 0x800000d8 (0x00852283) x5  0x90002000 mem 0x90005008
core   0: 0x800000dc (0xfe512823) sw      x5, -16(x2)
core   0: 3 0x800000dc (0xfe512823) mem 0x70000004 0x90002000
core   0: 0x800000e0 (0x5e004057) vmv.v.x v0, x0
core   0: 3 0x800000e0 (0x5e004057) c8_vstart 0x00000000 e32 m1 l32 v0  ffffffff 0x00000000 00000000 00000000 00000000 00000000 00000000 00000000 00000000 00000000 00000000 00000000 00000000 00000000 00000000 00000000 00000000 00000000 00000000 00000000 00000000 00000000 00000000 00000000 00000000 00000000 00000000 00000000 00000000 00000000 00000000 00000000 00000000 
core   0: 0x800000e4 (0x4dc000ef) jal     pc + 0x4dc
core   0: 3 0x800000e4 (0x4dc000ef) x1  0x800000e8
core   0: 0x800005c0 (0x00410113) addi    x2, x2, 4
core   0: 3 0x800005c0 (0x00410113) x2  0x70000018
core   0: 0x800005c4 (0xfe112e23) sw      x1, -4(x2)
core   0: 3 0x800005c4 (0xfe112e23) mem 0x70000014 0x800000e8
core   0: 0x800005c8 (0x00200293) li      x5, 2
core   0: 3 0x800005c8 (0x00200293) x5  0x00000002
core   0: 0x800005cc (0x5e02c0d7) vmv.v.x v1, x5
core   0: 3 0x800005cc (0x5e02c0d7) c8_vstart 0x00000000 e32 m1 l32 v1  ffffffff 0x00000002 00000002 00000002 00000002 00000002 00000002 00000002 00000002 00000002 00000002 00000002 00000002 00000002 00000002 00000002 00000002 00000002 00000002 00000002 00000002 00000002 00000002 00000002 00000002 00000002 00000002 00000002 00000002 00000002 00000002 00000002 00000002 
core   0: 0x800005d0 (0x00000317) auipc   x6, 0x0
core   0: 3 0x800005d0 (0x00000317) x6  0x800005d0
core   0: 0x800005d4 (0x04c3305b) setrpc  x0, x6, 76
core   0: 3 0x800005d4 (0x04c3305b) c2060_rpc 0x8000061c current mask:	ffffffff current npc:	00000000 stack size: 0
core   0: 0x800005d8 (0x0200885b) vbeq    v0, v1, pc + 48
core   0: 3 0x800005d8 (0x0200885b) c8_vstart 0x00000000 e32 m1 l32 current mask:	ffffffff current npc:	800005dc stack size: 0
core   0: 0x800005dc (0x00100293) li      x5, 1
core   0: 3 0x800005dc (0x00100293) x5  0x00000001
core   0: 0x800005e0 (0x5e02c0d7) vmv.v.x v1, x5
core   0: 3 0x800005e0 (0x5e02c0d7) c8_vstart 0x00000000 e32 m1 l32 v1  ffffffff 0x00000001 00000001 00000001 00000001 00000001 00000001 00000001 00000001 00000001 00000001 00000001 00000001 00000001 00000001 00000001 00000001 00000001 00000001 00000001 00000001 00000001 00000001 00000001 00000001 00000001 00000001 00000001 00000001 00000001 00000001 00000001 00000001 
core   0: 0x800005e4 (0x00000317) auipc   x6, 0x0
core   0: 3 0x800005e4 (0x00000317) x6  0x800005e4
core   0: 0x800005e8 (0x0383305b) setrpc  x0, x6, 56
core   0: 3 0x800005e8 (0x0383305b) c2060_rpc 0x8000061c current mask:	ffffffff current npc:	800005dc stack size: 0
core   0: 0x800005ec (0x0200825b) vbeq    v0, v1, pc + 36
core   0: 3 0x800005ec (0x0200825b) c8_vstart 0x00000000 e32 m1 l32 current mask:	ffffffff current npc:	800005f0 stack size: 0
core   0: 0x800005f0 (0x5e0040d7) vmv.v.x v1, x0
core   0: 3 0x800005f0 (0x5e0040d7) c8_vstart 0x00000000 e32 m1 l32 v1  ffffffff 0x00000000 00000000 00000000 00000000 00000000 00000000 00000000 00000000 00000000 00000000 00000000 00000000 00000000 00000000 00000000 00000000 00000000 00000000 00000000 00000000 00000000 00000000 00000000 00000000 00000000 00000000 00000000 00000000 00000000 00000000 00000000 00000000 
core   0: 0x800005f4 (0x00000317) auipc   x6, 0x0
core   0: 3 0x800005f4 (0x00000317) x6  0x800005f4
core   0: 0x800005f8 (0x0283305b) setrpc  x0, x6, 40
core   0: 3 0x800005f8 (0x0283305b) c2060_rpc 0x8000061c current mask:	ffffffff current npc:	800005f0 stack size: 0
core   0: 0x800005fc (0x00009e5b) vbne    v0, v1, pc + 28
core   0: 3 0x800005fc (0x00009e5b) c8_vstart 0x00000000 e32 m1 l32 current mask:	ffffffff current npc:	80000600 stack size: 0
core   0: 0x80000600 (0x108000ef) jal     pc + 0x108
core   0: 3 0x80000600 (0x108000ef) x1  0x80000604
core   0: 0x80000708 (0x00410113) addi    x2, x2, 4
core   0: 3 0x80000708 (0x00410113) x2  0x7000001c
core   0: 0x8000070c (0xfe112e23) sw      x1, -4(x2)
core   0: 3 0x8000070c (0xfe112e23) mem 0x70000018 0x80000604
core   0: 0x80000710 (0xf1dff0ef) jal     pc - 0xe4
core   0: 3 0x80000710 (0xf1dff0ef) x1  0x80000714
core   0: 0x8000062c (0x00410113) addi    x2, x2, 4
core   0: 3 0x8000062c (0x00410113) x2  0x70000020
core   0: 0x80000630 (0xfe112e23) sw      x1, -4(x2)
core   0: 3 0x80000630 (0xfe112e23) mem 0x7000001c 0x80000714
core   0: 0x80000634 (0x80302573) csrr    x10, knl
core   0: 3 0x80000634 (0x80302573) x10 0x90026000
core   0: 0x80000638 (0x00852283) lw      x5, 8(x10)
core   0: 3 0x80000638 (0x00852283) x5  0x00000001 mem 0x90026008
core   0: 0x8000063c (0x80002373) csrr    x6, tid
core   0: 3 0x8000063c (0x80002373) x6  0x00000000
core   0: 0x80000640 (0x5208a157) vid.v   v2
core   0: 3 0x80000640 (0x5208a157) c8_vstart 0x00000000 e32 m1 l32 v2  ffffffff 0x0000001f 0000001e 0000001d 0000001c 0000001b 0000001a 00000019 00000018 00000017 00000016 00000015 00000014 00000013 00000012 00000011 00000010 0000000f 0000000e 0000000d 0000000c 0000000b 0000000a 00000009 00000008 00000007 00000006 00000005 00000004 00000003 00000002 00000001 00000000 
core   0: 0x80000644 (0x02234057) vadd.vx v0, v2, x6
core   0: 3 0x80000644 (0x02234057) c8_vstart 0x00000000 e32 m1 l32 v0  ffffffff 0x0000001f 0000001e 0000001d 0000001c 0000001b 0000001a 00000019 00000018 00000017 00000016 00000015 00000014 00000013 00000012 00000011 00000010 0000000f 0000000e 0000000d 0000000c 0000000b 0000000a 00000009 00000008 00000007 00000006 00000005 00000004 00000003 00000002 00000001 00000000 
core   0: 0x80000648 (0x01852e03) lw      x28, 24(x10)
core   0: 3 0x80000648 (0x01852e03) x28 0x00000020 mem 0x90026018
core   0: 0x8000064c (0x8a0e6057) vremu.vx v0, v0, x28
core   0: 3 0x8000064c (0x8a0e6057) c8_vstart 0x00000000 e32 m1 l32 v0  ffffffff 0x0000001f 0000001e 0000001d 0000001c 0000001b 0000001a 00000019 00000018 00000017 00000016 00000015 00000014 00000013 00000012 00000011 00000010 0000000f 0000000e 0000000d 0000000c 0000000b 0000000a 00000009 00000008 00000007 00000006 00000005 00000004 00000003 00000002 00000001 00000000 
core   0: 0x80000650 (0xffc12083) lw      x1, -4(x2)
core   0: 3 0x80000650 (0xffc12083) x1  0x80000714 mem 0x7000001c
core   0: 0x80000654 (0xffc10113) addi    x2, x2, -4
core   0: 3 0x80000654 (0xffc10113) x2  0x7000001c
core   0: 0x80000658 (0x00008067) ret
core   0: 3 0x80000658 (0x00008067)
core   0: 0x80000714 (0x80302573) csrr    x10, knl
core   0: 3 0x80000714 (0x80302573) x10 0x90026000
core   0: 0x80000718 (0x80802373) csrr    x6, gidx
core   0: 3 0x80000718 (0x80802373) x6  0x00000000
core   0: 0x8000071c (0x01852e03) lw      x28, 24(x10)
core   0: 3 0x8000071c (0x01852e03) x28 0x00000020 mem 0x90026018
core   0: 0x80000720 (0x02452e83) lw      x29, 36(x10)
core   0: 3 0x80000720 (0x02452e83) x29 0x00000000 mem 0x90026024
core   0: 0x80000724 (0x03c30fb3) mul     x31, x6, x28
core   0: 3 0x80000724 (0x03c30fb3) x31 0x00000000
core   0: 0x80000728 (0x01df8fb3) add     x31, x31, x29
core   0: 3 0x80000728 (0x01df8fb3) x31 0x00000000
core   0: 0x8000072c (0x020fc057) vadd.vx v0, v0, x31
core   0: 3 0x8000072c (0x020fc057) c8_vstart 0x00000000 e32 m1 l32 v0  ffffffff 0x0000001f 0000001e 0000001d 0000001c 0000001b 0000001a 00000019 00000018 00000017 00000016 00000015 00000014 00000013 00000012 00000011 00000010 0000000f 0000000e 0000000d 0000000c 0000000b 0000000a 00000009 00000008 00000007 00000006 00000005 00000004 00000003 00000002 00000001 00000000 
core   0: 0x80000730 (0xffc12083) lw      x1, -4(x2)
core   0: 3 0x80000730 (0xffc12083) x1  0x80000604 mem 0x70000018
core   0: 0x80000734 (0xffc10113) addi    x2, x2, -4
core   0: 3 0x80000734 (0xffc10113) x2  0x70000018
core   0: 0x80000738 (0x00008067) ret
core   0: 3 0x80000738 (0x00008067)
core   0: 0x80000604 (0x0180006f) j       pc + 0x18
core   0: 3 0x80000604 (0x0180006f)
core   0: 0x8000061c (0x0000205b) join    v0, v0, pc + 0
core   0: 3 0x8000061c (0x0000205b) current mask:	ffffffff current npc:	80000600 stack size: 0
core   0: 0x80000620 (0xffc12083) lw      x1, -4(x2)
core   0: 3 0x80000620 (0xffc12083) x1  0x800000e8 mem 0x70000014
core   0: 0x80000624 (0xffc10113) addi    x2, x2, -4
core   0: 3 0x80000624 (0xffc10113) x2  0x70000014
core   0: 0x80000628 (0x00008067) ret
core   0: 3 0x80000628 (0x00008067)
core   0: 0x800000e8 (0xff412583) lw      x11, -12(x2)
core   0: 3 0x800000e8 (0xff412583) x11 0x90000000 mem 0x70000008
core   0: 0x800000ec (0xff012503) lw      x10, -16(x2)
core   0: 3 0x800000ec (0xff012503) x10 0x90002000 mem 0x70000004
core   0: 0x800000f0 (0x5e004157) vmv.v.x v2, x0
core   0: 3 0x800000f0 (0x5e004157) c8_vstart 0x00000000 e32 m1 l32 v2  ffffffff 0x00000000 00000000 00000000 00000000 00000000 00000000 00000000 00000000 00000000 00000000 00000000 00000000 00000000 00000000 00000000 00000000 00000000 00000000 00000000 00000000 00000000 00000000 00000000 00000000 00000000 00000000 00000000 00000000 00000000 00000000 00000000 00000000 
core   0: 0x800000f4 (0xa60fb0d7) vsra.vi v1, v0, 31
core   0: 3 0x800000f4 (0xa60fb0d7) c8_vstart 0x00000000 e32 m1 l32 v1  ffffffff 0x00000000 00000000 00000000 00000000 00000000 00000000 00000000 00000000 00000000 00000000 00000000 00000000 00000000 00000000 00000000 00000000 00000000 00000000 00000000 00000000 00000000 00000000 00000000 00000000 00000000 00000000 00000000 00000000 00000000 00000000 00000000 00000000 
core   0: 0x800000f8 (0xa21eb0d7) vsrl.vi v1, v1, 29
core   0: 3 0x800000f8 (0xa21eb0d7) c8_vstart 0x00000000 e32 m1 l32 v1  ffffffff 0x00000000 00000000 00000000 00000000 00000000 00000000 00000000 00000000 00000000 00000000 00000000 00000000 00000000 00000000 00000000 00000000 00000000 00000000 00000000 00000000 00000000 00000000 00000000 00000000 00000000 00000000 00000000 00000000 00000000 00000000 00000000 00000000 
core   0: 0x800000fc (0x020080d7) vadd.vv v1, v0, v1
core   0: 3 0x800000fc (0x020080d7) c8_vstart 0x00000000 e32 m1 l32 v1  ffffffff 0x0000001f 0000001e 0000001d 0000001c 0000001b 0000001a 00000019 00000018 00000017 00000016 00000015 00000014 00000013 00000012 00000011 00000010 0000000f 0000000e 0000000d 0000000c 0000000b 0000000a 00000009 00000008 00000007 00000006 00000005 00000004 00000003 00000002 00000001 00000000 
core   0: 0x80000100 (0xa611b257) vsra.vi v4, v1, 3
core   0: 3 0x80000100 (0xa611b257) c8_vstart 0x00000000 e32 m1 l32 v4  ffffffff 0x00000003 00000003 00000003 00000003 00000003 00000003 00000003 00000003 00000002 00000002 00000002 00000002 00000002 00000002 00000002 00000002 00000001 00000001 00000001 00000001 00000001 00000001 00000001 00000001 00000000 00000000 00000000 00000000 00000000 00000000 00000000 00000000 
core   0: 0x80000104 (0x261c30d7) vand.vi v1, v1, -8
core   0: 3 0x80000104 (0x261c30d7) c8_vstart 0x00000000 e32 m1 l32 v1  ffffffff 0x00000018 00000018 00000018 00000018 00000018 00000018 00000018 00000018 00000010 00000010 00000010 00000010 00000010 00000010 00000010 00000010 00000008 00000008 00000008 00000008 00000008 00000008 00000008 00000008 00000000 00000000 00000000 00000000 00000000 00000000 00000000 00000000 
core   0: 0x80000108 (0x0a0080d7) vsub.vv v1, v0, v1
core   0: 3 0x80000108 (0x0a0080d7) c8_vstart 0x00000000 e32 m1 l32 v1  ffffffff 0x00000007 00000006 00000005 00000004 00000003 00000002 00000001 00000000 00000007 00000006 00000005 00000004 00000003 00000002 00000001 00000000 00000007 00000006 00000005 00000004 00000003 00000002 00000001 00000000 00000007 00000006 00000005 00000004 00000003 00000002 00000001 00000000 
core   0: 0x8000010c (0x961131d7) vsll.vi v3, v1, 2
core   0: 3 0x8000010c (0x961131d7) c8_vstart 0x00000000 e32 m1 l32 v3  ffffffff 0x0000001c 00000018 00000014 00000010 0000000c 00000008 00000004 00000000 0000001c 00000018 00000014 00000010 0000000c 00000008 00000004 00000000 0000001c 00000018 00000014 00000010 0000000c 00000008 00000004 00000000 0000001c 00000018 00000014 00000010 0000000c 00000008 00000004 00000000 
core   0: 0x80000110 (0x023542d7) vadd.vx v5, v3, x10
core   0: 3 0x80000110 (0x023542d7) c8_vstart 0x00000000 e32 m1 l32 v5  ffffffff 0x9000201c 90002018 90002014 90002010 9000200c 90002008 90002004 90002000 9000201c 90002018 90002014 90002010 9000200c 90002008 90002004 90002000 9000201c 90002018 90002014 90002010 9000200c 90002008 90002004 90002000 9000201c 90002018 90002014 90002010 9000200c 90002008 90002004 90002000 
core   0: 0x80000114 (0x9642b0d7) vsll.vi v1, v4, 5
core   0: 3 0x80000114 (0x9642b0d7) c8_vstart 0x00000000 e32 m1 l32 v1  ffffffff 0x00000060 00000060 00000060 00000060 00000060 00000060 00000060 00000060 00000040 00000040 00000040 00000040 00000040 00000040 00000040 00000040 00000020 00000020 00000020 00000020 00000020 00000020 00000020 00000020 00000000 00000000 00000000 00000000 00000000 00000000 00000000 00000000 
core   0: 0x80000118 (0x800032b7) lui     x5, 0x80003
core   0: 3 0x80000118 (0x800032b7) x5  0x80003000
core   0: 0x8000011c (0x0082a303) lw      x6, 8(x5)
core   0: 3 0x8000011c (0x0082a303) x6  0x00000000 mem 0x80003008
core   0: 0x80000120 (0x0215c357) vadd.vx v6, v1, x11
core   0: 3 0x80000120 (0x0215c357) c8_vstart 0x00000000 e32 m1 l32 v6  ffffffff 0x90000060 90000060 90000060 90000060 90000060 90000060 90000060 90000060 90000040 90000040 90000040 90000040 90000040 90000040 90000040 90000040 90000020 90000020 90000020 90000020 90000020 90000020 90000020 90000020 90000000 90000000 90000000 90000000 90000000 90000000 90000000 90000000 
core   0: 0x80000124 (0x01000293) li      x5, 16
core   0: 3 0x80000124 (0x01000293) x5  0x00000010
core   0: 0x80000128 (0x5e034257) vmv.v.x v4, x6
core   0: 3 0x80000128 (0x5e034257) c8_vstart 0x00000000 e32 m1 l32 v4  ffffffff 0x00000000 00000000 00000000 00000000 00000000 00000000 00000000 00000000 00000000 00000000 00000000 00000000 00000000 00000000 00000000 00000000 00000000 00000000 00000000 00000000 00000000 00000000 00000000 00000000 00000000 00000000 00000000 00000000 00000000 00000000 00000000 00000000 
core   0: 0x8000012c (0x024043d7) vadd.vx v7, v4, x0
core   0: 3 0x8000012c (0x024043d7) c8_vstart 0x00000000 e32 m1 l32 v7  ffffffff 0x00000000 00000000 00000000 00000000 00000000 00000000 00000000 00000000 00000000 00000000 00000000 00000000 00000000 00000000 00000000 00000000 00000000 00000000 00000000 00000000 00000000 00000000 00000000 00000000 00000000 00000000 00000000 00000000 00000000 00000000 00000000 00000000 
core   0: 0x80000130 (0x02610257) vadd.vv v4, v6, v2
core   0: 3 0x80000130 (0x02610257) c8_vstart 0x00000000 e32 m1 l32 v4  ffffffff 0x90000060 90000060 90000060 90000060 90000060 90000060 90000060 90000060 90000040 90000040 90000040 90000040 90000040 90000040 90000040 90000040 90000020 90000020 90000020 90000020 90000020 90000020 90000020 90000020 90000000 90000000 90000000 90000000 90000000 90000000 90000000 90000000 
core   0: 0x80000134 (0x0002227b) vlw12.v v4, v4, 0
core   0: 3 0x80000134 (0x0002227b) e32 m1 l32 v4  ffffffff 0xbee23e45 bee23e45 bee23e45 bee23e45 bee23e45 bee23e45 bee23e45 bee23e45 b8e63ba5 b8e63ba5 b8e63ba5 b8e63ba5 b8e63ba5 b8e63ba5 b8e63ba5 b8e63ba5 3f5bb801 3f5bb801 3f5bb801 3f5bb801 3f5bb801 3f5bb801 3f5bb801 3f5bb801 b7eeb49a b7eeb49a b7eeb49a b7eeb49a b7eeb49a b7eeb49a b7eeb49a b7eeb49a  c8_vstart 0x00000000 mem 0x90000000 mem 0x90000000 mem 0x90000000 mem 0x90000000 mem 0x90000000 mem 0x90000000 mem 0x90000000 mem 0x90000000 mem 0x90000020 mem 0x90000020 mem 0x90000020 mem 0x90000020 mem 0x90000020 mem 0x90000020 mem 0x90000020 mem 0x90000020 mem 0x90000040 mem 0x90000040 mem 0x90000040 mem 0x90000040 mem 0x90000040 mem 0x90000040 mem 0x90000040 mem 0x90000040 mem 0x90000060 mem 0x90000060 mem 0x90000060 mem 0x90000060 mem 0x90000060 mem 0x90000060 mem 0x90000060 mem 0x90000060
core   0: 0x80000138 (0x0002a47b) vlw12.v v8, v5, 0
core   0: 3 0x80000138 (0x0002a47b) e32 m1 l32 v8  ffffffff 0xbc48b5d6 3d12c0e5 275b3bbc bfe8b55d bd003a93 bae1b63c b86d3f05 381eb1ef bc48b5d6 3d12c0e5 275b3bbc bfe8b55d bd003a93 bae1b63c b86d3f05 381eb1ef bc48b5d6 3d12c0e5 275b3bbc bfe8b55d bd003a93 bae1b63c b86d3f05 381eb1ef bc48b5d6 3d12c0e5 275b3bbc bfe8b55d bd003a93 bae1b63c b86d3f05 381eb1ef  c8_vstart 0x00000000 mem 0x90002000 mem 0x90002004 mem 0x90002008 mem 0x9000200c mem 0x90002010 mem 0x90002014 mem 0x90002018 mem 0x9000201c mem 0x90002000 mem 0x90002004 mem 0x90002008 mem 0x9000200c mem 0x90002010 mem 0x90002014 mem 0x90002018 mem 0x9000201c mem 0x90002000 mem 0x90002004 mem 0x90002008 mem 0x9000200c mem 0x90002010 mem 0x90002014 mem 0x90002018 mem 0x9000201c mem 0x90002000 mem 0x90002004 mem 0x90002008 mem 0x9000200c mem 0x90002010 mem 0x90002014 mem 0x90002018 mem 0x9000201c
core   0: 0x8000013c (0xa2741257) vfmadd.vv v4, v7, v8
core   0: 3 0x8000013c (0xa2741257) c8_vstart 0x00000000 c1_fflags 0x00000001 e32 m1 l32 v4  ffffffff 0x3bb16159 bc81b1fc a6c1c010 3f4da8b7 3c62a5cd 3a4779c8 37d1ab58 b78c3faf 35b48222 b683fb7f a0c52abf 39514929 3666a500 344afe50 31d55de5 b18eb8d6 bc2c43d2 3cfbe8fe 273c29ae bfc7ba6a bcdc1c8d bac1b921 b84b9f6f 38083448 34bb26a6 b588d6dd 9fcc6c33 3858fcc8 356f21d6 335276a8 30dd37f6 b093f961 
core   0: 0x80000140 (0x02223157) vadd.vi v2, v2, 4
core   0: 3 0x80000140 (0x02223157) c8_vstart 0x00000000 e32 m1 l32 v2  ffffffff 0x00000004 00000004 00000004 00000004 00000004 00000004 00000004 00000004 00000004 00000004 00000004 00000004 00000004 00000004 00000004 00000004 00000004 00000004 00000004 00000004 00000004 00000004 00000004 00000004 00000004 00000004 00000004 00000004 00000004 00000004 00000004 00000004 
core   0: 0x80000144 (0x5e02c3d7) vmv.v.x v7, x5
core   0: 3 0x80000144 (0x5e02c3d7) c8_vstart 0x00000000 e32 m1 l32 v7  ffffffff 0x00000010 00000010 00000010 00000010 00000010 00000010 00000010 00000010 00000010 00000010 00000010 00000010 00000010 00000010 00000010 00000010 00000010 00000010 00000010 00000010 00000010 00000010 00000010 00000010 00000010 00000010 00000010 00000010 00000010 00000010 00000010 00000010 
core   0: 0x80000148 (0x0202828b) vadd12.vi v5, v5, 32
core   0: 3 0x80000148 (0x0202828b) c8_vstart 0x00000000 e32 m1 l32 v5  ffffffff 0x9000203c 90002038 90002034 90002030 9000202c 90002028 90002024 90002020 9000203c 90002038 90002034 90002030 9000202c 90002028 90002024 90002020 9000203c 90002038 90002034 90002030 9000202c 90002028 90002024 90002020 9000203c 90002038 90002034 90002030 9000202c 90002028 90002024 90002020 
core   0: 0x8000014c (0x00000317) auipc   x6, 0x0
core   0: 3 0x8000014c (0x00000317) x6  0x8000014c
core   0: 0x80000150 (0x00c3305b) setrpc  x0, x6, 12
core   0: 3 0x80000150 (0x00c3305b) c2060_rpc 0x80000158 current mask:	ffffffff current npc:	80000600 stack size: 0
core   0: 0x80000154 (0xfc239cdb) vbne    v2, v7, pc - 40
core   0: 3 0x80000154 (0xfc239cdb) c8_vstart 0x00000000 e32 m1 l32 current mask:	ffffffff current npc:	8000012c stack size: 0
core   0: 0x8000012c (0x024043d7) vadd.vx v7, v4, x0
core   0: 3 0x8000012c (0x024043d7) c8_vstart 0x00000000 e32 m1 l32 v7  ffffffff 0x3bb16159 bc81b1fc a6c1c010 3f4da8b7 3c62a5cd 3a4779c8 37d1ab58 b78c3faf 35b48222 b683fb7f a0c52abf 39514929 3666a500 344afe50 31d55de5 b18eb8d6 bc2c43d2 3cfbe8fe 273c29ae bfc7ba6a bcdc1c8d bac1b921 b84b9f6f 38083448 34bb26a6 b588d6dd 9fcc6c33 3858fcc8 356f21d6 335276a8 30dd37f6 b093f961 
core   0: 0x80000130 (0x02610257) vadd.vv v4, v6, v2
core   0: 3 0x80000130 (0x02610257) c8_vstart 0x00000000 e32 m1 l32 v4  ffffffff 0x90000064 90000064 90000064 90000064 90000064 90000064 90000064 90000064 90000044 90000044 90000044 90000044 90000044 90000044 90000044 90000044 90000024 90000024 90000024 90000024 90000024 90000024 90000024 90000024 90000004 90000004 90000004 90000004 90000004 90000004 90000004 90000004 
core   0: 0x80000134 (0x0002227b) vlw12.v v4, v4, 0
core   0: 3 0x80000134 (0x0002227b) e32 m1 l32 v4  ffffffff 0xb3343583 b3343583 b3343583 b3343583 b3343583 b3343583 b3343583 b3343583 3853c020 3853c020 3853c020 3853c020 3853c020 3853c020 3853c020 3853c020 bf08bc68 bf08bc68 bf08bc68 bf08bc68 bf08bc68 bf08bc68 bf08bc68 bf08bc68 b74c3ce6 b74c3ce6 b74c3ce6 b74c3ce6 b74c3ce6 b74c3ce6 b74c3ce6 b74c3ce6  c8_vstart 0x00000000 mem 0x90000004 mem 0x90000004 mem 0x90000004 mem 0x90000004 mem 0x90000004 mem 0x90000004 mem 0x90000004 mem 0x90000004 mem 0x90000024 mem 0x90000024 mem 0x90000024 mem 0x90000024 mem 0x90000024 mem 0x90000024 mem 0x90000024 mem 0x90000024 mem 0x90000044 mem 0x90000044 mem 0x90000044 mem 0x90000044 mem 0x90000044 mem 0x90000044 mem 0x90000044 mem 0x90000044 mem 0x90000064 mem 0x90000064 mem 0x90000064 mem 0x90000064 mem 0x90000064 mem 0x90000064 mem 0x90000064 mem 0x90000064
core   0: 0x80000138 (0x0002a47b) vlw12.v v8, v5, 0
core   0: 3 0x80000138 (0x0002a47b) e32 m1 l32 v8  ffffffff 0x3880b6bb 3c5ab888 2a4c30b6 b58e017f b1dd33bd 3cda3d41 bc95be69 2a603c05 3880b6bb 3c5ab888 2a4c30b6 b58e017f b1dd33bd 3cda3d41 bc95be69 2a603c05 3880b6bb 3c5ab888 2a4c30b6 b58e017f b1dd33bd 3cda3d41 bc95be69 2a603c05 3880b6bb 3c5ab888 2a4c30b6 b58e017f b1dd33bd 3cda3d41 bc95be69 2a603c05  c8_vstart 0x00000000 mem 0x90002020 mem 0x90002024 mem 0x90002028 mem 0x9000202c mem 0x90002030 mem 0x90002034 mem 0x90002038 mem 0x9000203c mem 0x90002020 mem 0x90002024 mem 0x90002028 mem 0x9000202c mem 0x90002030 mem 0x90002034 mem 0x90002038 mem 0x9000203c mem 0x90002020 mem 0x90002024 mem 0x90002028 mem 0x9000202c mem 0x90002030 mem 0x90002034 mem 0x90002038 mem 0x9000203c mem 0x90002020 mem 0x90002024 mem 0x90002028 mem 0x9000202c mem 0x90002030 mem 0x90002034 mem 0x90002038 mem 0x9000203c
core   0: 0x8000013c (0xa2741257) vfmadd.vv v4, v7, v8
core   0: 3 0x8000013c (0xa2741257) c8_vstart 0x00000000 c1_fflags 0x00000001 e32 m1 l32 v4  ffffffff 0x3bb16159 bc81b1fc a6c1c058 3f4da8b7 3c62a5cd 3a4779b5 37d1acfe b78c3faf 35b4ec99 b65abc6f 2322bc0e 39514925 3666a4ff 35cde410 b5760de8 b18eb8d6 bc2ccd52 3cc17f7e a9d43f01 bfc7ba65 bcdc1c8b bc80acba 3c1f2b19 38083448 34babff6 b59ea6c0 a2294ac5 3858fccc 356f21d7 b493cde5 3470a926 b093f961 
core   0: 0x80000140 (0x02223157) vadd.vi v2, v2, 4
core   0: 3 0x80000140 (0x02223157) c8_vstart 0x00000000 e32 m1 l32 v2  ffffffff 0x00000008 00000008 00000008 00000008 00000008 00000008 00000008 00000008 00000008 00000008 00000008 00000008 00000008 00000008 00000008 00000008 00000008 00000008 00000008 00000008 00000008 00000008 00000008 00000008 00000008 00000008 00000008 00000008 00000008 00000008 00000008 00000008 
core   0: 0x80000144 (0x5e02c3d7) vmv.v.x v7, x5
core   0: 3 0x80000144 (0x5e02c3d7) c8_vstart 0x00000000 e32 m1 l32 v7  ffffffff 0x00000010 00000010 00000010 00000010 00000010 00000010 00000010 00000010 00000010 00000010 00000010 00000010 00000010 00000010 00000010 00000010 00000010 00000010 00000010 00000010 00000010 00000010 00000010 00000010 00000010 00000010 00000010 00000010 00000010 00000010 00000010 00000010 
core   0: 0x80000148 (0x0202828b) vadd12.vi v5, v5, 32
core   0: 3 0x80000148 (0x0202828b) c8_vstart 0x00000000 e32 m1 l32 v5  ffffffff 0x9000205c 90002058 90002054 90002050 9000204c 90002048 90002044 90002040 9000205c 90002058 90002054 90002050 9000204c 90002048 90002044 90002040 9000205c 90002058 90002054 90002050 9000204c 90002048 90002044 90002040 9000205c 90002058 90002054 90002050 9000204c 90002048 90002044 90002040 
core   0: 0x8000014c (0x00000317) auipc   x6, 0x0
core   0: 3 0x8000014c (0x00000317) x6  0x8000014c
core   0: 0x80000150 (0x00c3305b) setrpc  x0, x6, 12
core   0: 3 0x80000150 (0x00c3305b) c2060_rpc 0x80000158 current mask:	ffffffff current npc:	8000012c stack size: 0
core   0: 0x80000154 (0xfc239cdb) vbne    v2, v7, pc - 40
core   0: 3 0x80000154 (0xfc239cdb) c8_vstart 0x00000000 e32 m1 l32 current mask:	ffffffff current npc:	8000012c stack size: 0
core   0: 0x8000012c (0x024043d7) vadd.vx v7, v4, x0
core   0: 3 0x8000012c (0x024043d7) c8_vstart 0x00000000 e32 m1 l32 v7  ffffffff 0x3bb16159 bc81b1fc a6c1c058 3f4da8b7 3c62a5cd 3a4779b5 37d1acfe b78c3faf 35b4ec99 b65abc6f 2322bc0e 39514925 3666a4ff 35cde410 b5760de8 b18eb8d6 bc2ccd52 3cc17f7e a9d43f01 bfc7ba65 bcdc1c8b bc80acba 3c1f2b19 38083448 34babff6 b59ea6c0 a2294ac5 3858fccc 356f21d7 b493cde5 3470a926 b093f961 
core   0: 0x80000130 (0x02610257) vadd.vv v4, v6, v2
core   0: 3 0x80000130 (0x02610257) c8_vstart 0x00000000 e32 m1 l32 v4  ffffffff 0x90000068 90000068 90000068 90000068 90000068 90000068 90000068 90000068 90000048 90000048 90000048 90000048 90000048 90000048 90000048 90000048 90000028 90000028 90000028 90000028 90000028 90000028 90000028 90000028 90000008 90000008 90000008 90000008 90000008 90000008 90000008 90000008 
core   0: 0x80000134 (0x0002227b) vlw12.v v4, v4, 0
core   0: 3 0x80000134 (0x0002227b) e32 m1 l32 v4  ffffffff 0x3699b4ec 3699b4ec 3699b4ec 3699b4ec 3699b4ec 3699b4ec 3699b4ec 3699b4ec bb6cbef5 bb6cbef5 bb6cbef5 bb6cbef5 bb6cbef5 bb6cbef5 bb6cbef5 bb6cbef5 b097b5a3 b097b5a3 b097b5a3 b097b5a3 b097b5a3 b097b5a3 b097b5a3 b097b5a3 b828acb7 b828acb7 b828acb7 b828acb7 b828acb7 b828acb7 b828acb7 b828acb7  c8_vstart 0x00000000 mem 0x90000008 mem 0x90000008 mem 0x90000008 mem 0x90000008 mem 0x90000008 mem 0x90000008 mem 0x90000008 mem 0x90000008 mem 0x90000028 mem 0x90000028 mem 0x90000028 mem 0x90000028 mem 0x90000028 mem 0x90000028 mem 0x90000028 mem 0x90000028 mem 0x90000048 mem 0x90000048 mem 0x90000048 mem 0x90000048 mem 0x90000048 mem 0x90000048 mem 0x90000048 mem 0x90000048 mem 0x90000068 mem 0x90000068 mem 0x90000068 mem 0x90000068 mem 0x90000068 mem 0x90000068 mem 0x90000068 mem 0x90000068
core   0: 0x80000138 (0x0002a47b) vlw12.v v8, v5, 0
core   0: 3 0x80000138 (0x0002a47b) e32 m1 l32 v8  ffffffff 0xb1343659 3bccbe58 b48db9c0 38bfb578 40693616 b223be26 34f6b8ac 3885bfb5 b1343659 3bccbe58 b48db9c0 38bfb578 40693616 b223be26 34f6b8ac 3885bfb5 b1343659 3bccbe58 b48db9c0 38bfb578 40693616 b223be26 34f6b8ac 3885bfb5 b1343659 3bccbe58 b48db9c0 38bfb578 40693616 b223be26 34f6b8ac 3885bfb5  c8_vstart 0x00000000 mem 0x90002040 mem 0x90002044 mem 0x90002048 mem 0x9000204c mem 0x90002050 mem 0x90002054 mem 0x90002058 mem 0x9000205c mem 0x90002040 mem 0x90002044 mem 0x90002048 mem 0x9000204c mem 0x90002050 mem 0x90002054 mem 0x90002058 mem 0x9000205c mem 0x90002040 mem 0x90002044 mem 0x90002048 mem 0x9000204c mem 0x90002050 mem 0x90002054 mem 0x90002058 mem 0x9000205c mem 0x90002040 mem 0x90002044 mem 0x90002048 mem 0x9000204c mem 0x90002050 mem 0x90002054 mem 0x90002058 mem 0x9000205c
core   0: 0x8000013c (0xa2741257) vfmadd.vv v4, v7, v8
core   0: 3 0x8000013c (0xa2741257) c8_vstart 0x00000000 c1_fflags 0x00000001 e32 m1 l32 v4  ffffffff 0x3bb16159 bc81b1ed abaa60ca 3f4da8b7 3c62ebd0 3a4779b5 37d1acff b78c3f0e 35b4ecec b7d8afc0 308310f5 3950f080 bc579d67 35cde53f b5767ffd b47bd6c5 bc2ccd52 3cc17f7e a9d39707 bfc7ba65 bcdc1c8d bc80acba 3c1f2b19 38083448 34babffa b5c06083 2d3ac306 3858f8d9 b918b9b4 b493cdd8 3470a412 b17a3cc7 
core   0: 0x80000140 (0x02223157) vadd.vi v2, v2, 4
core   0: 3 0x80000140 (0x02223157) c8_vstart 0x00000000 e32 m1 l32 v2  ffffffff 0x0000000c 0000000c 0000000c 0000000c 0000000c 0000000c 0000000c 0000000c 0000000c 0000000c 0000000c 0000000c 0000000c 0000000c 0000000c 0000000c 0000000c 0000000c 0000000c 0000000c 0000000c 0000000c 0000000c 0000000c 0000000c 0000000c 0000000c 0000000c 0000000c 0000000c 0000000c 0000000c 
core   0: 0x80000144 (0x5e02c3d7) vmv.v.x v7, x5
core   0: 3 0x80000144 (0x5e02c3d7) c8_vstart 0x00000000 e32 m1 l32 v7  ffffffff 0x00000010 00000010 00000010 00000010 00000010 00000010 00000010 00000010 00000010 00000010 00000010 00000010 00000010 00000010 00000010 00000010 00000010 00000010 00000010 00000010 00000010 00000010 00000010 00000010 00000010 00000010 00000010 00000010 00000010 00000010 00000010 00000010 
core   0: 0x80000148 (0x0202828b) vadd12.vi v5, v5, 32
core   0: 3 0x80000148 (0x0202828b) c8_vstart 0x00000000 e32 m1 l32 v5  ffffffff 0x9000207c 90002078 90002074 90002070 9000206c 90002068 90002064 90002060 9000207c 90002078 90002074 90002070 9000206c 90002068 90002064 90002060 9000207c 90002078 90002074 90002070 9000206c 90002068 90002064 90002060 9000207c 90002078 90002074 90002070 9000206c 90002068 90002064 90002060 
core   0: 0x8000014c (0x00000317) auipc   x6, 0x0
core   0: 3 0x8000014c (0x00000317) x6  0x8000014c
core   0: 0x80000150 (0x00c3305b) setrpc  x0, x6, 12
core   0: 3 0x80000150 (0x00c3305b) c2060_rpc 0x80000158 current mask:	ffffffff current npc:	8000012c stack size: 0
core   0: 0x80000154 (0xfc239cdb) vbne    v2, v7, pc - 40
core   0: 3 0x80000154 (0xfc239cdb) c8_vstart 0x00000000 e32 m1 l32 current mask:	ffffffff current npc:	8000012c stack size: 0
core   0: 0x8000012c (0x024043d7) vadd.vx v7, v4, x0
core   0: 3 0x8000012c (0x024043d7) c8_vstart 0x00000000 e32 m1 l32 v7  ffffffff 0x3bb16159 bc81b1ed abaa60ca 3f4da8b7 3c62ebd0 3a4779b5 37d1acff b78c3f0e 35b4ecec b7d8afc0 308310f5 3950f080 bc579d67 35cde53f b5767ffd b47bd6c5 bc2ccd52 3cc17f7e a9d39707 bfc7ba65 bcdc1c8d bc80acba 3c1f2b19 38083448 34babffa b5c06083 2d3ac306 3858f8d9 b918b9b4 b493cdd8 3470a412 b17a3cc7 
core   0: 0x80000130 (0x02610257) vadd.vv v4, v6, v2
core   0: 3 0x80000130 (0x02610257) c8_vstart 0x00000000 e32 m1 l32 v4  ffffffff 0x9000006c 9000006c 9000006c 9000006c 9000006c 9000006c 9000006c 9000006c 9000004c 9000004c 9000004c 9000004c 9000004c 9000004c 9000004c 9000004c 9000002c 9000002c 9000002c 9000002c 9000002c 9000002c 9000002c 9000002c 9000000c 9000000c 9000000c 9000000c 9000000c 9000000c 9000000c 9000000c 
core   0: 0x80000134 (0x0002227b) vlw12.v v4, v4, 0
core   0: 3 0x80000134 (0x0002227b) e32 m1 l32 v4  ffffffff 0x3d2da6e7 3d2da6e7 3d2da6e7 3d2da6e7 3d2da6e7 3d2da6e7 3d2da6e7 3d2da6e7 b8ee3709 b8ee3709 b8ee3709 b8ee3709 b8ee3709 b8ee3709 b8ee3709 b8ee3709 2ab9bdd3 2ab9bdd3 2ab9bdd3 2ab9bdd3 2ab9bdd3 2ab9bdd3 2ab9bdd3 2ab9bdd3 382b39d8 382b39d8 382b39d8 382b39d8 382b39d8 382b39d8 382b39d8 382b39d8  c8_vstart 0x00000000 mem 0x9000000c mem 0x9000000c mem 0x9000000c mem 0x9000000c mem 0x9000000c mem 0x9000000c mem 0x9000000c mem 0x9000000c mem 0x9000002c mem 0x9000002c mem 0x9000002c mem 0x9000002c mem 0x9000002c mem 0x9000002c mem 0x9000002c mem 0x9000002c mem 0x9000004c mem 0x9000004c mem 0x9000004c mem 0x9000004c mem 0x9000004c mem 0x9000004c mem 0x9000004c mem 0x9000004c mem 0x9000006c mem 0x9000006c mem 0x9000006c mem 0x9000006c mem 0x9000006c mem 0x9000006c mem 0x9000006c mem 0x9000006c
core   0: 0x80000138 (0x0002a47b) vlw12.v v8, v5, 0
core   0: 3 0x80000138 (0x0002a47b) e32 m1 l32 v8  ffffffff 0x3cae2a75 b0b538d0 2da9b80a 3388bc0c bc80a78c ba643a9a 367c3d12 33d1b483 3cae2a75 b0b538d0 2da9b80a 3388bc0c bc80a78c ba643a9a 367c3d12 33d1b483 3cae2a75 b0b538d0 2da9b80a 3388bc0c bc80a78c ba643a9a 367c3d12 33d1b483 3cae2a75 b0b538d0 2da9b80a 3388bc0c bc80a78c ba643a9a 367c3d12 33d1b483  c8_vstart 0x00000000 mem 0x90002060 mem 0x90002064 mem 0x90002068 mem 0x9000206c mem 0x90002070 mem 0x90002074 mem 0x90002078 mem 0x9000207c mem 0x90002060 mem 0x90002064 mem 0x90002068 mem 0x9000206c mem 0x90002070 mem 0x90002074 mem 0x90002078 mem 0x9000207c mem 0x90002060 mem 0x90002064 mem 0x90002068 mem 0x9000206c mem 0x90002070 mem 0x90002074 mem 0x90002078 mem 0x9000207c mem 0x90002060 mem 0x90002064 mem 0x90002068 mem 0x9000206c mem 0x90002070 mem 0x90002074 mem 0x90002078 mem 0x9000207c
core   0: 0x8000013c (0xa2741257) vfmadd.vv v4, v7, v8
core   0: 3 0x8000013c (0xa2741257) c8_vstart 0x00000000 c1_fflags 0x00000001 e32 m1 l32 v4  ffffffff 0x3bceea68 bc81b1ed aadd0313 3f4da8b7 3c58032d 3a3dccaf 37d30332 b78c362a b58f34e8 b7d8afc0 308310e1 3950f080 bc5795ec 35db2b38 b5769d54 b47bd9d2 bc2ccd52 3cc17f7e a9d39707 bfc7ba65 bcdc1c8d bc80acba 3c1f2b19 38083448 35a32db5 b5c06083 2d3ac692 3858f8da b91965ce b4a6e2af 3470ce3f b179f6a6 
core   0: 0x80000140 (0x02223157) vadd.vi v2, v2, 4
core   0: 3 0x80000140 (0x02223157) c8_vstart 0x00000000 e32 m1 l32 v2  ffffffff 0x00000010 00000010 00000010 00000010 00000010 00000010 00000010 00000010 00000010 00000010 00000010 00000010 00000010 00000010 00000010 00000010 00000010 00000010 00000010 00000010 00000010 00000010 00000010 00000010 00000010 00000010 00000010 00000010 00000010 00000010 00000010 00000010 
core   0: 0x80000144 (0x5e02c3d7) vmv.v.x v7, x5
core   0: 3 0x80000144 (0x5e02c3d7) c8_vstart 0x00000000 e32 m1 l32 v7  ffffffff 0x00000010 00000010 00000010 00000010 00000010 00000010 00000010 00000010 00000010 00000010 00000010 00000010 00000010 00000010 00000010 00000010 00000010 00000010 00000010 00000010 00000010 00000010 00000010 00000010 00000010 00000010 00000010 00000010 00000010 00000010 00000010 00000010 
core   0: 0x80000148 (0x0202828b) vadd12.vi v5, v5, 32
core   0: 3 0x80000148 (0x0202828b) c8_vstart 0x00000000 e32 m1 l32 v5  ffffffff 0x9000209c 90002098 90002094 90002090 9000208c 90002088 90002084 90002080 9000209c 90002098 90002094 90002090 9000208c 90002088 90002084 90002080 9000209c 90002098 90002094 90002090 9000208c 90002088 90002084 90002080 9000209c 90002098 90002094 90002090 9000208c 90002088 90002084 90002080 
core   0: 0x8000014c (0x00000317) auipc   x6, 0x0
core   0: 3 0x8000014c (0x00000317) x6  0x8000014c
core   0: 0x80000150 (0x00c3305b) setrpc  x0, x6, 12
core   0: 3 0x80000150 (0x00c3305b) c2060_rpc 0x80000158 current mask:	ffffffff current npc:	8000012c stack size: 0
core   0: 0x80000154 (0xfc239cdb) vbne    v2, v7, pc - 40
core   0: 3 0x80000154 (0xfc239cdb) c8_vstart 0x00000000 e32 m1 l32 current mask:	ffffffff current npc:	80000158 stack size: 0
core   0: 0x80000158 (0x0000205b) join    v0, v0, pc + 0
core   0: 3 0x80000158 (0x0000205b) current mask:	ffffffff current npc:	80000158 stack size: 0
core   0: 0x8000015c (0x96013157) vsll.vi v2, v0, 2
core   0: 3 0x8000015c (0x96013157) c8_vstart 0x00000000 e32 m1 l32 v2  ffffffff 0x0000007c 00000078 00000074 00000070 0000006c 00000068 00000064 00000060 0000005c 00000058 00000054 00000050 0000004c 00000048 00000044 00000040 0000003c 00000038 00000034 00000030 0000002c 00000028 00000024 00000020 0000001c 00000018 00000014 00000010 0000000c 00000008 00000004 00000000 
core   0: 0x80000160 (0xff812483) lw      x9, -8(x2)
core   0: 3 0x80000160 (0xff812483) x9  0x90003000 mem 0x7000000c
core   0: 0x80000164 (0x0224c2d7) vadd.vx v5, v2, x9
core   0: 3 0x80000164 (0x0224c2d7) c8_vstart 0x00000000 e32 m1 l32 v5  ffffffff 0x9000307c 90003078 90003074 90003070 9000306c 90003068 90003064 90003060 9000305c 90003058 90003054 90003050 9000304c 90003048 90003044 90003040 9000303c 90003038 90003034 90003030 9000302c 90003028 90003024 90003020 9000301c 90003018 90003014 90003010 9000300c 90003008 90003004 90003000 
core   0: 0x80000168 (0x0002a3fb) vlw12.v v7, v5, 0
core   0: 3 0x80000168 (0x0002a3fb) e32 m1 l32 v7  ffffffff 0xbebc3738 b43db759 b6f6b8e4 3e1fad8d 3a95b5fc 3c98bf11 bad23deb b41f3bff bc433d8c b864bf47 37a5bc21 378dbd18 b8043461 370fbee1 908f2c28 b6ce36b6 b4de3b7d 354cb5a2 27523f7a b4bbba16 3116b341 ba6b3e1c bc9bb961 3787c0aa bc16b642 3c4e3074 b91c2e17 31e1332e 412f3b27 39f7399a b4e4b425 b8d139fd  c8_vstart 0x00000000 mem 0x90003000 mem 0x90003004 mem 0x90003008 mem 0x9000300c mem 0x90003010 mem 0x90003014 mem 0x90003018 mem 0x9000301c mem 0x90003020 mem 0x90003024 mem 0x90003028 mem 0x9000302c mem 0x90003030 mem 0x90003034 mem 0x90003038 mem 0x9000303c mem 0x90003040 mem 0x90003044 mem 0x90003048 mem 0x9000304c mem 0x90003050 mem 0x90003054 mem 0x90003058 mem 0x9000305c mem 0x90003060 mem 0x90003064 mem 0x90003068 mem 0x9000306c mem 0x90003070 mem 0x90003074 mem 0x90003078 mem 0x9000307c
core   0: 0x8000016c (0x5e004357) vmv.v.x v6, x0
core   0: 3 0x8000016c (0x5e004357) c8_vstart 0x00000000 e32 m1 l32 v6  ffffffff 0x00000000 00000000 00000000 00000000 00000000 00000000 00000000 00000000 00000000 00000000 00000000 00000000 00000000 00000000 00000000 00000000 00000000 00000000 00000000 00000000 00000000 00000000 00000000 00000000 00000000 00000000 00000000 00000000 00000000 00000000 00000000 00000000 
core   0: 0x80000170 (0x024393d7) vfadd.vv v7, v4, v7
core   0: 3 0x80000170 (0x024393d7) c8_vstart 0x00000000 c1_fflags 0x00000001 e32 m1 l32 v7  ffffffff 0xbeb8fb8e bc81b24c b6f6b8e5 3f75941a 3c6ab9ec 3c9ead76 bacef1de b78d74a2 bc434206 b8a88b94 37a5be2d 3962a823 bc581a20 372b2448 b5769d54 b6d61585 bc2ccf0e 3cc18117 a9cd050b bfc7ba68 bcdc1c8c bc8806ab bc1847a9 384c149d bc16b129 3c4e2a71 b91c2e16 3858ffe4 412f3a8e 39f70fe1 b4589a0b b8d13bf1 
core   0: 0x80000174 (0x0072e07b) vsw12.v v7, v5, 0
core   0: 3 0x80000174 (0x0072e07b) c8_vstart 0x00000000 e32 m1 l32 mem 0x90003000 0xb8d13bf1 mem 0x90003004 0xb4589a0b mem 0x90003008 0x39f70fe1 mem 0x9000300c 0x412f3a8e mem 0x90003010 0x3858ffe4 mem 0x90003014 0xb91c2e16 mem 0x90003018 0x3c4e2a71 mem 0x9000301c 0xbc16b129 mem 0x90003020 0x384c149d mem 0x90003024 0xbc1847a9 mem 0x90003028 0xbc8806ab mem 0x9000302c 0xbcdc1c8c mem 0x90003030 0xbfc7ba68 mem 0x90003034 0xa9cd050b mem 0x90003038 0x3cc18117 mem 0x9000303c 0xbc2ccf0e mem 0x90003040 0xb6d61585 mem 0x90003044 0xb5769d54 mem 0x90003048 0x372b2448 mem 0x9000304c 0xbc581a20 mem 0x90003050 0x3962a823 mem 0x90003054 0x37a5be2d mem 0x90003058 0xb8a88b94 mem 0x9000305c 0xbc434206 mem 0x90003060 0xb78d74a2 mem 0x90003064 0xbacef1de mem 0x90003068 0x3c9ead76 mem 0x9000306c 0x3c6ab9ec mem 0x90003070 0x3f75941a mem 0x90003074 0xb6f6b8e5 mem 0x90003078 0xbc81b24c mem 0x9000307c 0xbeb8fb8e
core   0: 0x80000178 (0x02354257) vadd.vx v4, v3, x10
core   0: 3 0x80000178 (0x02354257) c8_vstart 0x00000000 e32 m1 l32 v4  ffffffff 0x9000201c 90002018 90002014 90002010 9000200c 90002008 90002004 90002000 9000201c 90002018 90002014 90002010 9000200c 90002008 90002004 90002000 9000201c 90002018 90002014 90002010 9000200c 90002008 90002004 90002000 9000201c 90002018 90002014 90002010 9000200c 90002008 90002004 90002000 
core   0: 0x8000017c (0x0215c457) vadd.vx v8, v1, x11
core   0: 3 0x8000017c (0x0215c457) c8_vstart 0x00000000 e32 m1 l32 v8  ffffffff 0x90000060 90000060 90000060 90000060 90000060 90000060 90000060 90000060 90000040 90000040 90000040 90000040 90000040 90000040 90000040 90000040 90000020 90000020 90000020 90000020 90000020 90000020 90000020 90000020 90000000 90000000 90000000 90000000 90000000 90000000 90000000 90000000 
core   0: 0x80000180 (0x800032b7) lui     x5, 0x80003
core   0: 3 0x80000180 (0x800032b7) x5  0x80003000
core   0: 0x80000184 (0x0082a303) lw      x6, 8(x5)
core   0: 3 0x80000184 (0x0082a303) x6  0x00000000 mem 0x80003008
core   0: 0x80000188 (0x0804048b) vadd12.vi v9, v8, 128
core   0: 3 0x80000188 (0x0804048b) c8_vstart 0x00000000 e32 m1 l32 v9  ffffffff 0x900000e0 900000e0 900000e0 900000e0 900000e0 900000e0 900000e0 900000e0 900000c0 900000c0 900000c0 900000c0 900000c0 900000c0 900000c0 900000c0 900000a0 900000a0 900000a0 900000a0 900000a0 900000a0 900000a0 900000a0 90000080 90000080 90000080 90000080 90000080 90000080 90000080 90000080 
core   0: 0x8000018c (0x02000293) li      x5, 32
core   0: 3 0x8000018c (0x02000293) x5  0x00000020
core   0: 0x80000190 (0x5e034457) vmv.v.x v8, x6
core   0: 3 0x80000190 (0x5e034457) c8_vstart 0x00000000 e32 m1 l32 v8  ffffffff 0x00000000 00000000 00000000 00000000 00000000 00000000 00000000 00000000 00000000 00000000 00000000 00000000 00000000 00000000 00000000 00000000 00000000 00000000 00000000 00000000 00000000 00000000 00000000 00000000 00000000 00000000 00000000 00000000 00000000 00000000 00000000 00000000 
core   0: 0x80000194 (0x02804557) vadd.vx v10, v8, x0
core   0: 3 0x80000194 (0x02804557) c8_vstart 0x00000000 e32 m1 l32 v10 ffffffff 0x00000000 00000000 00000000 00000000 00000000 00000000 00000000 00000000 00000000 00000000 00000000 00000000 00000000 00000000 00000000 00000000 00000000 00000000 00000000 00000000 00000000 00000000 00000000 00000000 00000000 00000000 00000000 00000000 00000000 00000000 00000000 00000000 
core   0: 0x80000198 (0x02930457) vadd.vv v8, v9, v6
core   0: 3 0x80000198 (0x02930457) c8_vstart 0x00000000 e32 m1 l32 v8  ffffffff 0x900000e0 900000e0 900000e0 900000e0 900000e0 900000e0 900000e0 900000e0 900000c0 900000c0 900000c0 900000c0 900000c0 900000c0 900000c0 900000c0 900000a0 900000a0 900000a0 900000a0 900000a0 900000a0 900000a0 900000a0 90000080 90000080 90000080 90000080 90000080 90000080 90000080 90000080 
core   0: 0x8000019c (0x0004247b) vlw12.v v8, v8, 0
core   0: 3 0x8000019c (0x0004247b) e32 m1 l32 v8  ffffffff 0x00000000 00000000 00000000 00000000 00000000 00000000 00000000 00000000 00000000 00000000 00000000 00000000 00000000 00000000 00000000 00000000 00000000 00000000 00000000 00000000 00000000 00000000 00000000 00000000 00000000 00000000 00000000 00000000 00000000 00000000 00000000 00000000  c8_vstart 0x00000000 mem 0x90000080 mem 0x90000080 mem 0x90000080 mem 0x90000080 mem 0x90000080 mem 0x90000080 mem 0x90000080 mem 0x90000080 mem 0x900000a0 mem 0x900000a0 mem 0x900000a0 mem 0x900000a0 mem 0x900000a0 mem 0x900000a0 mem 0x900000a0 mem 0x900000a0 mem 0x900000c0 mem 0x900000c0 mem 0x900000c0 mem 0x900000c0 mem 0x900000c0 mem 0x900000c0 mem 0x900000c0 mem 0x900000c0 mem 0x900000e0 mem 0x900000e0 mem 0x900000e0 mem 0x900000e0 mem 0x900000e0 mem 0x900000e0 mem 0x900000e0 mem 0x900000e0
core   0: 0x800001a0 (0x000225fb) vlw12.v v11, v4, 0
core   0: 3 0x800001a0 (0x000225fb) e32 m1 l32 v11 ffffffff 0xbc48b5d6 3d12c0e5 275b3bbc bfe8b55d bd003a93 bae1b63c b86d3f05 381eb1ef bc48b5d6 3d12c0e5 275b3bbc bfe8b55d bd003a93 bae1b63c b86d3f05 381eb1ef bc48b5d6 3d12c0e5 275b3bbc bfe8b55d bd003a93 bae1b63c b86d3f05 381eb1ef bc48b5d6 3d12c0e5 275b3bbc bfe8b55d bd003a93 bae1b63c b86d3f05 381eb1ef  c8_vstart 0x00000000 mem 0x90002000 mem 0x90002004 mem 0x90002008 mem 0x9000200c mem 0x90002010 mem 0x90002014 mem 0x90002018 mem 0x9000201c mem 0x90002000 mem 0x90002004 mem 0x90002008 mem 0x9000200c mem 0x90002010 mem 0x90002014 mem 0x90002018 mem 0x9000201c mem 0x90002000 mem 0x90002004 mem 0x90002008 mem 0x9000200c mem 0x90002010 mem 0x90002014 mem 0x90002018 mem 0x9000201c mem 0x90002000 mem 0x90002004 mem 0x90002008 mem 0x9000200c mem 0x90002010 mem 0x90002014 mem 0x90002018 mem 0x9000201c
core   0: 0x800001a4 (0xa2a59457) vfmadd.vv v8, v10, v11
core   0: 3 0x800001a4 (0xa2a59457) c8_vstart 0x00000000 e32 m1 l32 v8  ffffffff 0x00000000 00000000 00000000 00000000 00000000 00000000 00000000 00000000 00000000 00000000 00000000 00000000 00000000 00000000 00000000 00000000 00000000 00000000 00000000 00000000 00000000 00000000 00000000 00000000 00000000 00000000 00000000 00000000 00000000 00000000 00000000 00000000 
core   0: 0x800001a8 (0x02623357) vadd.vi v6, v6, 4
core   0: 3 0x800001a8 (0x02623357) c8_vstart 0x00000000 e32 m1 l32 v6  ffffffff 0x00000004 00000004 00000004 00000004 00000004 00000004 00000004 00000004 00000004 00000004 00000004 00000004 00000004 00000004 00000004 00000004 00000004 00000004 00000004 00000004 00000004 00000004 00000004 00000004 00000004 00000004 00000004 00000004 00000004 00000004 00000004 00000004 
core   0: 0x800001ac (0x5e02c557) vmv.v.x v10, x5
core   0: 3 0x800001ac (0x5e02c557) c8_vstart 0x00000000 e32 m1 l32 v10 ffffffff 0x00000020 00000020 00000020 00000020 00000020 00000020 00000020 00000020 00000020 00000020 00000020 00000020 00000020 00000020 00000020 00000020 00000020 00000020 00000020 00000020 00000020 00000020 00000020 00000020 00000020 00000020 00000020 00000020 00000020 00000020 00000020 00000020 
core   0: 0x800001b0 (0x0202020b) vadd12.vi v4, v4, 32
core   0: 3 0x800001b0 (0x0202020b) c8_vstart 0x00000000 e32 m1 l32 v4  ffffffff 0x9000203c 90002038 90002034 90002030 9000202c 90002028 90002024 90002020 9000203c 90002038 90002034 90002030 9000202c 90002028 90002024 90002020 9000203c 90002038 90002034 90002030 9000202c 90002028 90002024 90002020 9000203c 90002038 90002034 90002030 9000202c 90002028 90002024 90002020 
core   0: 0x800001b4 (0x00000317) auipc   x6, 0x0
core   0: 3 0x800001b4 (0x00000317) x6  0x800001b4
core   0: 0x800001b8 (0x00c3305b) setrpc  x0, x6, 12
core   0: 3 0x800001b8 (0x00c3305b) c2060_rpc 0x800001c0 current mask:	ffffffff current npc:	80000158 stack size: 0
core   0: 0x800001bc (0xfc651cdb) vbne    v6, v10, pc - 40
core   0: 3 0x800001bc (0xfc651cdb) c8_vstart 0x00000000 e32 m1 l32 current mask:	ffffffff current npc:	80000194 stack size: 0
core   0: 0x80000194 (0x02804557) vadd.vx v10, v8, x0
core   0: 3 0x80000194 (0x02804557) c8_vstart 0x00000000 e32 m1 l32 v10 ffffffff 0x00000000 00000000 00000000 00000000 00000000 00000000 00000000 00000000 00000000 00000000 00000000 00000000 00000000 00000000 00000000 00000000 00000000 00000000 00000000 00000000 00000000 00000000 00000000 00000000 00000000 00000000 00000000 00000000 00000000 00000000 00000000 00000000 
core   0: 0x80000198 (0x02930457) vadd.vv v8, v9, v6
core   0: 3 0x80000198 (0x02930457) c8_vstart 0x00000000 e32 m1 l32 v8  ffffffff 0x900000e4 900000e4 900000e4 900000e4 900000e4 900000e4 900000e4 900000e4 900000c4 900000c4 900000c4 900000c4 900000c4 900000c4 900000c4 900000c4 900000a4 900000a4 900000a4 900000a4 900000a4 900000a4 900000a4 900000a4 90000084 90000084 90000084 90000084 90000084 90000084 90000084 90000084 
core   0: 0x8000019c (0x0004247b) vlw12.v v8, v8, 0
core   0: 3 0x8000019c (0x0004247b) e32 m1 l32 v8  ffffffff 0x00000000 00000000 00000000 00000000 00000000 00000000 00000000 00000000 00000000 00000000 00000000 00000000 00000000 00000000 00000000 00000000 00000000 00000000 00000000 00000000 00000000 00000000 00000000 00000000 00000000 00000000 00000000 00000000 00000000 00000000 00000000 00000000  c8_vstart 0x00000000 mem 0x90000084 mem 0x90000084 mem 0x90000084 mem 0x90000084 mem 0x90000084 mem 0x90000084 mem 0x90000084 mem 0x90000084 mem 0x900000a4 mem 0x900000a4 mem 0x900000a4 mem 0x900000a4 mem 0x900000a4 mem 0x900000a4 mem 0x900000a4 mem 0x900000a4 mem 0x900000c4 mem 0x900000c4 mem 0x900000c4 mem 0x900000c4 mem 0x900000c4 mem 0x900000c4 mem 0x900000c4 mem 0x900000c4 mem 0x900000e4 mem 0x900000e4 mem 0x900000e4 mem 0x900000e4 mem 0x900000e4 mem 0x900000e4 mem 0x900000e4 mem 0x900000e4
core   0: 0x800001a0 (0x000225fb) vlw12.v v11, v4, 0
core   0: 3 0x800001a0 (0x000225fb) e32 m1 l32 v11 ffffffff 0x3880b6bb 3c5ab888 2a4c30b6 b58e017f b1dd33bd 3cda3d41 bc95be69 2a603c05 3880b6bb 3c5ab888 2a4c30b6 b58e017f b1dd33bd 3cda3d41 bc95be69 2a603c05 3880b6bb 3c5ab888 2a4c30b6 b58e017f b1dd33bd 3cda3d41 bc95be69 2a603c05 3880b6bb 3c5ab888 2a4c30b6 b58e017f b1dd33bd 3cda3d41 bc95be69 2a603c05  c8_vstart 0x00000000 mem 0x90002020 mem 0x90002024 mem 0x90002028 mem 0x9000202c mem 0x90002030 mem 0x90002034 mem 0x90002038 mem 0x9000203c mem 0x90002020 mem 0x90002024 mem 0x90002028 mem 0x9000202c mem 0x90002030 mem 0x90002034 mem 0x90002038 mem 0x9000203c mem 0x90002020 mem 0x90002024 mem 0x90002028 mem 0x9000202c mem 0x90002030 mem 0x90002034 mem 0x90002038 mem 0x9000203c mem 0x90002020 mem 0x90002024 mem 0x90002028 mem 0x9000202c mem 0x90002030 mem 0x90002034 mem 0x90002038 mem 0x9000203c
core   0: 0x800001a4 (0xa2a59457) vfmadd.vv v8, v10, v11
core   0: 3 0x800001a4 (0xa2a59457) c8_vstart 0x00000000 e32 m1 l32 v8  ffffffff 0x00000000 00000000 00000000 00000000 00000000 00000000 00000000 00000000 00000000 00000000 00000000 00000000 00000000 00000000 00000000 00000000 00000000 00000000 00000000 00000000 00000000 00000000 00000000 00000000 00000000 00000000 00000000 00000000 00000000 00000000 00000000 00000000 
core   0: 0x800001a8 (0x02623357) vadd.vi v6, v6, 4
core   0: 3 0x800001a8 (0x02623357) c8_vstart 0x00000000 e32 m1 l32 v6  ffffffff 0x00000008 00000008 00000008 00000008 00000008 00000008 00000008 00000008 00000008 00000008 00000008 00000008 00000008 00000008 00000008 00000008 00000008 00000008 00000008 00000008 00000008 00000008 00000008 00000008 00000008 00000008 00000008 00000008 00000008 00000008 00000008 00000008 
core   0: 0x800001ac (0x5e02c557) vmv.v.x v10, x5
core   0: 3 0x800001ac (0x5e02c557) c8_vstart 0x00000000 e32 m1 l32 v10 ffffffff 0x00000020 00000020 00000020 00000020 00000020 00000020 00000020 00000020 00000020 00000020 00000020 00000020 00000020 00000020 00000020 00000020 00000020 00000020 00000020 00000020 00000020 00000020 00000020 00000020 00000020 00000020 00000020 00000020 00000020 00000020 00000020 00000020 
core   0: 0x800001b0 (0x0202020b) vadd12.vi v4, v4, 32
core   0: 3 0x800001b0 (0x0202020b) c8_vstart 0x00000000 e32 m1 l32 v4  ffffffff 0x9000205c 90002058 90002054 90002050 9000204c 90002048 90002044 90002040 9000205c 90002058 90002054 90002050 9000204c 90002048 90002044 90002040 9000205c 90002058 90002054 90002050 9000204c 90002048 90002044 90002040 9000205c 90002058 90002054 90002050 9000204c 90002048 90002044 90002040 
core   0: 0x800001b4 (0x00000317) auipc   x6, 0x0
core   0: 3 0x800001b4 (0x00000317) x6  0x800001b4
core   0: 0x800001b8 (0x00c3305b) setrpc  x0, x6, 12
core   0: 3 0x800001b8 (0x00c3305b) c2060_rpc 0x800001c0 current mask:	ffffffff current npc:	80000194 stack size: 0
core   0: 0x800001bc (0xfc651cdb) vbne    v6, v10, pc - 40
core   0: 3 0x800001bc (0xfc651cdb) c8_vstart 0x00000000 e32 m1 l32 current mask:	ffffffff current npc:	80000194 stack size: 0
core   0: 0x80000194 (0x02804557) vadd.vx v10, v8, x0
core   0: 3 0x80000194 (0x02804557) c8_vstart 0x00000000 e32 m1 l32 v10 ffffffff 0x00000000 00000000 00000000 00000000 00000000 00000000 00000000 00000000 00000000 00000000 00000000 00000000 00000000 00000000 00000000 00000000 00000000 00000000 00000000 00000000 00000000 00000000 00000000 00000000 00000000 00000000 00000000 00000000 00000000 00000000 00000000 00000000 
core   0: 0x80000198 (0x02930457) vadd.vv v8, v9, v6
core   0: 3 0x80000198 (0x02930457) c8_vstart 0x00000000 e32 m1 l32 v8  ffffffff 0x900000e8 900000e8 900000e8 900000e8 900000e8 900000e8 900000e8 900000e8 900000c8 900000c8 900000c8 900000c8 900000c8 900000c8 900000c8 900000c8 900000a8 900000a8 900000a8 900000a8 900000a8 900000a8 900000a8 900000a8 90000088 90000088 90000088 90000088 90000088 90000088 90000088 90000088 
core   0: 0x8000019c (0x0004247b) vlw12.v v8, v8, 0
core   0: 3 0x8000019c (0x0004247b) e32 m1 l32 v8  ffffffff 0x00000000 00000000 00000000 00000000 00000000 00000000 00000000 00000000 00000000 00000000 00000000 00000000 00000000 00000000 00000000 00000000 00000000 00000000 00000000 00000000 00000000 00000000 00000000 00000000 00000000 00000000 00000000 00000000 00000000 00000000 00000000 00000000  c8_vstart 0x00000000 mem 0x90000088 mem 0x90000088 mem 0x90000088 mem 0x90000088 mem 0x90000088 mem 0x90000088 mem 0x90000088 mem 0x90000088 mem 0x900000a8 mem 0x900000a8 mem 0x900000a8 mem 0x900000a8 mem 0x900000a8 mem 0x900000a8 mem 0x900000a8 mem 0x900000a8 mem 0x900000c8 mem 0x900000c8 mem 0x900000c8 mem 0x900000c8 mem 0x900000c8 mem 0x900000c8 mem 0x900000c8 mem 0x900000c8 mem 0x900000e8 mem 0x900000e8 mem 0x900000e8 mem 0x900000e8 mem 0x900000e8 mem 0x900000e8 mem 0x900000e8 mem 0x900000e8
core   0: 0x800001a0 (0x000225fb) vlw12.v v11, v4, 0
core   0: 3 0x800001a0 (0x000225fb) e32 m1 l32 v11 ffffffff 0xb1343659 3bccbe58 b48db9c0 38bfb578 40693616 b223be26 34f6b8ac 3885bfb5 b1343659 3bccbe58 b48db9c0 38bfb578 40693616 b223be26 34f6b8ac 3885bfb5 b1343659 3bccbe58 b48db9c0 38bfb578 40693616 b223be26 34f6b8ac 3885bfb5 b1343659 3bccbe58 b48db9c0 38bfb578 40693616 b223be26 34f6b8ac 3885bfb5  c8_vstart 0x00000000 mem 0x90002040 mem 0x90002044 mem 0x90002048 mem 0x9000204c mem 0x90002050 mem 0x90002054 mem 0x90002058 mem 0x9000205c mem 0x90002040 mem 0x90002044 mem 0x90002048 mem 0x9000204c mem 0x90002050 mem 0x90002054 mem 0x90002058 mem 0x9000205c mem 0x90002040 mem 0x90002044 mem 0x90002048 mem 0x9000204c mem 0x90002050 mem 0x90002054 mem 0x90002058 mem 0x9000205c mem 0x90002040 mem 0x90002044 mem 0x90002048 mem 0x9000204c mem 0x90002050 mem 0x90002054 mem 0x90002058 mem 0x9000205c
core   0: 0x800001a4 (0xa2a59457) vfmadd.vv v8, v10, v11
core   0: 3 0x800001a4 (0xa2a59457) c8_vstart 0x00000000 e32 m1 l32 v8  ffffffff 0x00000000 00000000 00000000 00000000 00000000 00000000 00000000 00000000 00000000 00000000 00000000 00000000 00000000 00000000 00000000 00000000 00000000 00000000 00000000 00000000 00000000 00000000 00000000 00000000 00000000 00000000 00000000 00000000 00000000 00000000 00000000 00000000 
core   0: 0x800001a8 (0x02623357) vadd.vi v6, v6, 4
core   0: 3 0x800001a8 (0x02623357) c8_vstart 0x00000000 e32 m1 l32 v6  ffffffff 0x0000000c 0000000c 0000000c 0000000c 0000000c 0000000c 0000000c 0000000c 0000000c 0000000c 0000000c 0000000c 0000000c 0000000c 0000000c 0000000c 0000000c 0000000c 0000000c 0000000c 0000000c 0000000c 0000000c 0000000c 0000000c 0000000c 0000000c 0000000c 0000000c 0000000c 0000000c 0000000c 
core   0: 0x800001ac (0x5e02c557) vmv.v.x v10, x5
core   0: 3 0x800001ac (0x5e02c557) c8_vstart 0x00000000 e32 m1 l32 v10 ffffffff 0x00000020 00000020 00000020 00000020 00000020 00000020 00000020 00000020 00000020 00000020 00000020 00000020 00000020 00000020 00000020 00000020 00000020 00000020 00000020 00000020 00000020 00000020 00000020 00000020 00000020 00000020 00000020 00000020 00000020 00000020 00000020 00000020 
core   0: 0x800001b0 (0x0202020b) vadd12.vi v4, v4, 32
core   0: 3 0x800001b0 (0x0202020b) c8_vstart 0x00000000 e32 m1 l32 v4  ffffffff 0x9000207c 90002078 90002074 90002070 9000206c 90002068 90002064 90002060 9000207c 90002078 90002074 90002070 9000206c 90002068 90002064 90002060 9000207c 90002078 90002074 90002070 9000206c 90002068 90002064 90002060 9000207c 90002078 90002074 90002070 9000206c 90002068 90002064 90002060 
core   0: 0x800001b4 (0x00000317) auipc   x6, 0x0
core   0: 3 0x800001b4 (0x00000317) x6  0x800001b4
core   0: 0x800001b8 (0x00c3305b) setrpc  x0, x6, 12
core   0: 3 0x800001b8 (0x00c3305b) c2060_rpc 0x800001c0 current mask:	ffffffff current npc:	80000194 stack size: 0
core   0: 0x800001bc (0xfc651cdb) vbne    v6, v10, pc - 40
core   0: 3 0x800001bc (0xfc651cdb) c8_vstart 0x00000000 e32 m1 l32 current mask:	ffffffff current npc:	80000194 stack size: 0
core   0: 0x80000194 (0x02804557) vadd.vx v10, v8, x0
core   0: 3 0x80000194 (0x02804557) c8_vstart 0x00000000 e32 m1 l32 v10 ffffffff 0x00000000 00000000 00000000 00000000 00000000 00000000 00000000 00000000 00000000 00000000 00000000 00000000 00000000 00000000 00000000 00000000 00000000 00000000 00000000 00000000 00000000 00000000 00000000 00000000 00000000 00000000 00000000 00000000 00000000 00000000 00000000 00000000 
core   0: 0x80000198 (0x02930457) vadd.vv v8, v9, v6
core   0: 3 0x80000198 (0x02930457) c8_vstart 0x00000000 e32 m1 l32 v8  ffffffff 0x900000ec 900000ec 900000ec 900000ec 900000ec 900000ec 900000ec 900000ec 900000cc 900000cc 900000cc 900000cc 900000cc 900000cc 900000cc 900000cc 900000ac 900000ac 900000ac 900000ac 900000ac 900000ac 900000ac 900000ac 9000008c 9000008c 9000008c 9000008c 9000008c 9000008c 9000008c 9000008c 
core   0: 0x8000019c (0x0004247b) vlw12.v v8, v8, 0
core   0: 3 0x8000019c (0x0004247b) e32 m1 l32 v8  ffffffff 0x00000000 00000000 00000000 00000000 00000000 00000000 00000000 00000000 00000000 00000000 00000000 00000000 00000000 00000000 00000000 00000000 00000000 00000000 00000000 00000000 00000000 00000000 00000000 00000000 00000000 00000000 00000000 00000000 00000000 00000000 00000000 00000000  c8_vstart 0x00000000 mem 0x9000008c mem 0x9000008c mem 0x9000008c mem 0x9000008c mem 0x9000008c mem 0x9000008c mem 0x9000008c mem 0x9000008c mem 0x900000ac mem 0x900000ac mem 0x900000ac mem 0x900000ac mem 0x900000ac mem 0x900000ac mem 0x900000ac mem 0x900000ac mem 0x900000cc mem 0x900000cc mem 0x900000cc mem 0x900000cc mem 0x900000cc mem 0x900000cc mem 0x900000cc mem 0x900000cc mem 0x900000ec mem 0x900000ec mem 0x900000ec mem 0x900000ec mem 0x900000ec mem 0x900000ec mem 0x900000ec mem 0x900000ec
core   0: 0x800001a0 (0x000225fb) vlw12.v v11, v4, 0
core   0: 3 0x800001a0 (0x000225fb) e32 m1 l32 v11 ffffffff 0x3cae2a75 b0b538d0 2da9b80a 3388bc0c bc80a78c ba643a9a 367c3d12 33d1b483 3cae2a75 b0b538d0 2da9b80a 3388bc0c bc80a78c ba643a9a 367c3d12 33d1b483 3cae2a75 b0b538d0 2da9b80a 3388bc0c bc80a78c ba643a9a 367c3d12 33d1b483 3cae2a75 b0b538d0 2da9b80a 3388bc0c bc80a78c ba643a9a 367c3d12 33d1b483  c8_vstart 0x00000000 mem 0x90002060 mem 0x90002064 mem 0x90002068 mem 0x9000206c mem 0x90002070 mem 0x90002074 mem 0x90002078 mem 0x9000207c mem 0x90002060 mem 0x90002064 mem 0x90002068 mem 0x9000206c mem 0x90002070 mem 0x90002074 mem 0x90002078 mem 0x9000207c mem 0x90002060 mem 0x90002064 mem 0x90002068 mem 0x9000206c mem 0x90002070 mem 0x90002074 mem 0x90002078 mem 0x9000207c mem 0x90002060 mem 0x90002064 mem 0x90002068 mem 0x9000206c mem 0x90002070 mem 0x90002074 mem 0x90002078 mem 0x9000207c
core   0: 0x800001a4 (0xa2a59457) vfmadd.vv v8, v10, v11
core   0: 3 0x800001a4 (0xa2a59457) c8_vstart 0x00000000 e32 m1 l32 v8  ffffffff 0x00000000 00000000 00000000 00000000 00000000 00000000 00000000 00000000 00000000 00000000 00000000 00000000 00000000 00000000 00000000 00000000 00000000 00000000 00000000 00000000 00000000 00000000 00000000 00000000 00000000 00000000 00000000 00000000 00000000 00000000 00000000 00000000 
core   0: 0x800001a8 (0x02623357) vadd.vi v6, v6, 4
core   0: 3 0x800001a8 (0x02623357) c8_vstart 0x00000000 e32 m1 l32 v6  ffffffff 0x00000010 00000010 00000010 00000010 00000010 00000010 00000010 00000010 00000010 00000010 00000010 00000010 00000010 00000010 00000010 00000010 00000010 00000010 00000010 00000010 00000010 00000010 00000010 00000010 00000010 00000010 00000010 00000010 00000010 00000010 00000010 00000010 
core   0: 0x800001ac (0x5e02c557) vmv.v.x v10, x5
core   0: 3 0x800001ac (0x5e02c557) c8_vstart 0x00000000 e32 m1 l32 v10 ffffffff 0x00000020 00000020 00000020 00000020 00000020 00000020 00000020 00000020 00000020 00000020 00000020 00000020 00000020 00000020 00000020 00000020 00000020 00000020 00000020 00000020 00000020 00000020 00000020 00000020 00000020 00000020 00000020 00000020 00000020 00000020 00000020 00000020 
core   0: 0x800001b0 (0x0202020b) vadd12.vi v4, v4, 32
core   0: 3 0x800001b0 (0x0202020b) c8_vstart 0x00000000 e32 m1 l32 v4  ffffffff 0x9000209c 90002098 90002094 90002090 9000208c 90002088 90002084 90002080 9000209c 90002098 90002094 90002090 9000208c 90002088 90002084 90002080 9000209c 90002098 90002094 90002090 9000208c 90002088 90002084 90002080 9000209c 90002098 90002094 90002090 9000208c 90002088 90002084 90002080 
core   0: 0x800001b4 (0x00000317) auipc   x6, 0x0
core   0: 3 0x800001b4 (0x00000317) x6  0x800001b4
core   0: 0x800001b8 (0x00c3305b) setrpc  x0, x6, 12
core   0: 3 0x800001b8 (0x00c3305b) c2060_rpc 0x800001c0 current mask:	ffffffff current npc:	80000194 stack size: 0
core   0: 0x800001bc (0xfc651cdb) vbne    v6, v10, pc - 40
core   0: 3 0x800001bc (0xfc651cdb) c8_vstart 0x00000000 e32 m1 l32 current mask:	ffffffff current npc:	80000194 stack size: 0
core   0: 0x80000194 (0x02804557) vadd.vx v10, v8, x0
core   0: 3 0x80000194 (0x02804557) c8_vstart 0x00000000 e32 m1 l32 v10 ffffffff 0x00000000 00000000 00000000 00000000 00000000 00000000 00000000 00000000 00000000 00000000 00000000 00000000 00000000 00000000 00000000 00000000 00000000 00000000 00000000 00000000 00000000 00000000 00000000 00000000 00000000 00000000 00000000 00000000 00000000 00000000 00000000 00000000 
core   0: 0x80000198 (0x02930457) vadd.vv v8, v9, v6
core   0: 3 0x80000198 (0x02930457) c8_vstart 0x00000000 e32 m1 l32 v8  ffffffff 0x900000f0 900000f0 900000f0 900000f0 900000f0 900000f0 900000f0 900000f0 900000d0 900000d0 900000d0 900000d0 900000d0 900000d0 900000d0 900000d0 900000b0 900000b0 900000b0 900000b0 900000b0 900000b0 900000b0 900000b0 90000090 90000090 90000090 90000090 90000090 90000090 90000090 90000090 
core   0: 0x8000019c (0x0004247b) vlw12.v v8, v8, 0
core   0: 3 0x8000019c (0x0004247b) e32 m1 l32 v8  ffffffff 0x00000000 00000000 00000000 00000000 00000000 00000000 00000000 00000000 00000000 00000000 00000000 00000000 00000000 00000000 00000000 00000000 00000000 00000000 00000000 00000000 00000000 00000000 00000000 00000000 00000000 00000000 00000000 00000000 00000000 00000000 00000000 00000000  c8_vstart 0x00000000 mem 0x90000090 mem 0x90000090 mem 0x90000090 mem 0x90000090 mem 0x90000090 mem 0x90000090 mem 0x90000090 mem 0x90000090 mem 0x900000b0 mem 0x900000b0 mem 0x900000b0 mem 0x900000b0 mem 0x900000b0 mem 0x900000b0 mem 0x900000b0 mem 0x900000b0 mem 0x900000d0 mem 0x900000d0 mem 0x900000d0 mem 0x900000d0 mem 0x900000d0 mem 0x900000d0 mem 0x900000d0 mem 0x900000d0 mem 0x900000f0 mem 0x900000f0 mem 0x900000f0 mem 0x900000f0 mem 0x900000f0 mem 0x900000f0 mem 0x900000f0 mem 0x900000f0
core   0: 0x800001a0 (0x000225fb) vlw12.v v11, v4, 0
core   0: 3 0x800001a0 (0x000225fb) e32 m1 l32 v11 ffffffff 0x00000000 00000000 00000000 00000000 00000000 00000000 00000000 00000000 00000000 00000000 00000000 00000000 00000000 00000000 00000000 00000000 00000000 00000000 00000000 00000000 00000000 00000000 00000000 00000000 00000000 00000000 00000000 00000000 00000000 00000000 00000000 00000000  c8_vstart 0x00000000 mem 0x90002080 mem 0x90002084 mem 0x90002088 mem 0x9000208c mem 0x90002090 mem 0x90002094 mem 0x90002098 mem 0x9000209c mem 0x90002080 mem 0x90002084 mem 0x90002088 mem 0x9000208c mem 0x90002090 mem 0x90002094 mem 0x90002098 mem 0x9000209c mem 0x90002080 mem 0x90002084 mem 0x90002088 mem 0x9000208c mem 0x90002090 mem 0x90002094 mem 0x90002098 mem 0x9000209c mem 0x90002080 mem 0x90002084 mem 0x90002088 mem 0x9000208c mem 0x90002090 mem 0x90002094 mem 0x90002098 mem 0x9000209c
core   0: 0x800001a4 (0xa2a59457) vfmadd.vv v8, v10, v11
core   0: 3 0x800001a4 (0xa2a59457) c8_vstart 0x00000000 e32 m1 l32 v8  ffffffff 0x00000000 00000000 00000000 00000000 00000000 00000000 00000000 00000000 00000000 00000000 00000000 00000000 00000000 00000000 00000000 00000000 00000000 00000000 00000000 00000000 00000000 00000000 00000000 00000000 00000000 00000000 00000000 00000000 00000000 00000000 00000000 00000000 
core   0: 0x800001a8 (0x02623357) vadd.vi v6, v6, 4
core   0: 3 0x800001a8 (0x02623357) c8_vstart 0x00000000 e32 m1 l32 v6  ffffffff 0x00000014 00000014 00000014 00000014 00000014 00000014 00000014 00000014 00000014 00000014 00000014 00000014 00000014 00000014 00000014 00000014 00000014 00000014 00000014 00000014 00000014 00000014 00000014 00000014 00000014 00000014 00000014 00000014 00000014 00000014 00000014 00000014 
core   0: 0x800001ac (0x5e02c557) vmv.v.x v10, x5
core   0: 3 0x800001ac (0x5e02c557) c8_vstart 0x00000000 e32 m1 l32 v10 ffffffff 0x00000020 00000020 00000020 00000020 00000020 00000020 00000020 00000020 00000020 00000020 00000020 00000020 00000020 00000020 00000020 00000020 00000020 00000020 00000020 00000020 00000020 00000020 00000020 00000020 00000020 00000020 00000020 00000020 00000020 00000020 00000020 00000020 
core   0: 0x800001b0 (0x0202020b) vadd12.vi v4, v4, 32
core   0: 3 0x800001b0 (0x0202020b) c8_vstart 0x00000000 e32 m1 l32 v4  ffffffff 0x900020bc 900020b8 900020b4 900020b0 900020ac 900020a8 900020a4 900020a0 900020bc 900020b8 900020b4 900020b0 900020ac 900020a8 900020a4 900020a0 900020bc 900020b8 900020b4 900020b0 900020ac 900020a8 900020a4 900020a0 900020bc 900020b8 900020b4 900020b0 900020ac 900020a8 900020a4 900020a0 
core   0: 0x800001b4 (0x00000317) auipc   x6, 0x0
core   0: 3 0x800001b4 (0x00000317) x6  0x800001b4
core   0: 0x800001b8 (0x00c3305b) setrpc  x0, x6, 12
core   0: 3 0x800001b8 (0x00c3305b) c2060_rpc 0x800001c0 current mask:	ffffffff current npc:	80000194 stack size: 0
core   0: 0x800001bc (0xfc651cdb) vbne    v6, v10, pc - 40
core   0: 3 0x800001bc (0xfc651cdb) c8_vstart 0x00000000 e32 m1 l32 current mask:	ffffffff current npc:	80000194 stack size: 0
core   0: 0x80000194 (0x02804557) vadd.vx v10, v8, x0
core   0: 3 0x80000194 (0x02804557) c8_vstart 0x00000000 e32 m1 l32 v10 ffffffff 0x00000000 00000000 00000000 00000000 00000000 00000000 00000000 00000000 00000000 00000000 00000000 00000000 00000000 00000000 00000000 00000000 00000000 00000000 00000000 00000000 00000000 00000000 00000000 00000000 00000000 00000000 00000000 00000000 00000000 00000000 00000000 00000000 
core   0: 0x80000198 (0x02930457) vadd.vv v8, v9, v6
core   0: 3 0x80000198 (0x02930457) c8_vstart 0x00000000 e32 m1 l32 v8  ffffffff 0x900000f4 900000f4 900000f4 900000f4 900000f4 900000f4 900000f4 900000f4 900000d4 900000d4 900000d4 900000d4 900000d4 900000d4 900000d4 900000d4 900000b4 900000b4 900000b4 900000b4 900000b4 900000b4 900000b4 900000b4 90000094 90000094 90000094 90000094 90000094 90000094 90000094 90000094 
core   0: 0x8000019c (0x0004247b) vlw12.v v8, v8, 0
core   0: 3 0x8000019c (0x0004247b) e32 m1 l32 v8  ffffffff 0x00000000 00000000 00000000 00000000 00000000 00000000 00000000 00000000 00000000 00000000 00000000 00000000 00000000 00000000 00000000 00000000 00000000 00000000 00000000 00000000 00000000 00000000 00000000 00000000 00000000 00000000 00000000 00000000 00000000 00000000 00000000 00000000  c8_vstart 0x00000000 mem 0x90000094 mem 0x90000094 mem 0x90000094 mem 0x90000094 mem 0x90000094 mem 0x90000094 mem 0x90000094 mem 0x90000094 mem 0x900000b4 mem 0x900000b4 mem 0x900000b4 mem 0x900000b4 mem 0x900000b4 mem 0x900000b4 mem 0x900000b4 mem 0x900000b4 mem 0x900000d4 mem 0x900000d4 mem 0x900000d4 mem 0x900000d4 mem 0x900000d4 mem 0x900000d4 mem 0x900000d4 mem 0x900000d4 mem 0x900000f4 mem 0x900000f4 mem 0x900000f4 mem 0x900000f4 mem 0x900000f4 mem 0x900000f4 mem 0x900000f4 mem 0x900000f4
core   0: 0x800001a0 (0x000225fb) vlw12.v v11, v4, 0
core   0: 3 0x800001a0 (0x000225fb) e32 m1 l32 v11 ffffffff 0x00000000 00000000 00000000 00000000 00000000 00000000 00000000 00000000 00000000 00000000 00000000 00000000 00000000 00000000 00000000 00000000 00000000 00000000 00000000 00000000 00000000 00000000 00000000 00000000 00000000 00000000 00000000 00000000 00000000 00000000 00000000 00000000  c8_vstart 0x00000000 mem 0x900020a0 mem 0x900020a4 mem 0x900020a8 mem 0x900020ac mem 0x900020b0 mem 0x900020b4 mem 0x900020b8 mem 0x900020bc mem 0x900020a0 mem 0x900020a4 mem 0x900020a8 mem 0x900020ac mem 0x900020b0 mem 0x900020b4 mem 0x900020b8 mem 0x900020bc mem 0x900020a0 mem 0x900020a4 mem 0x900020a8 mem 0x900020ac mem 0x900020b0 mem 0x900020b4 mem 0x900020b8 mem 0x900020bc mem 0x900020a0 mem 0x900020a4 mem 0x900020a8 mem 0x900020ac mem 0x900020b0 mem 0x900020b4 mem 0x900020b8 mem 0x900020bc
core   0: 0x800001a4 (0xa2a59457) vfmadd.vv v8, v10, v11
core   0: 3 0x800001a4 (0xa2a59457) c8_vstart 0x00000000 e32 m1 l32 v8  ffffffff 0x00000000 00000000 00000000 00000000 00000000 00000000 00000000 00000000 00000000 00000000 00000000 00000000 00000000 00000000 00000000 00000000 00000000 00000000 00000000 00000000 00000000 00000000 00000000 00000000 00000000 00000000 00000000 00000000 00000000 00000000 00000000 00000000 
core   0: 0x800001a8 (0x02623357) vadd.vi v6, v6, 4
core   0: 3 0x800001a8 (0x02623357) c8_vstart 0x00000000 e32 m1 l32 v6  ffffffff 0x00000018 00000018 00000018 00000018 00000018 00000018 00000018 00000018 00000018 00000018 00000018 00000018 00000018 00000018 00000018 00000018 00000018 00000018 00000018 00000018 00000018 00000018 00000018 00000018 00000018 00000018 00000018 00000018 00000018 00000018 00000018 00000018 
core   0: 0x800001ac (0x5e02c557) vmv.v.x v10, x5
core   0: 3 0x800001ac (0x5e02c557) c8_vstart 0x00000000 e32 m1 l32 v10 ffffffff 0x00000020 00000020 00000020 00000020 00000020 00000020 00000020 00000020 00000020 00000020 00000020 00000020 00000020 00000020 00000020 00000020 00000020 00000020 00000020 00000020 00000020 00000020 00000020 00000020 00000020 00000020 00000020 00000020 00000020 00000020 00000020 00000020 
core   0: 0x800001b0 (0x0202020b) vadd12.vi v4, v4, 32
core   0: 3 0x800001b0 (0x0202020b) c8_vstart 0x00000000 e32 m1 l32 v4  ffffffff 0x900020dc 900020d8 900020d4 900020d0 900020cc 900020c8 900020c4 900020c0 900020dc 900020d8 900020d4 900020d0 900020cc 900020c8 900020c4 900020c0 900020dc 900020d8 900020d4 900020d0 900020cc 900020c8 900020c4 900020c0 900020dc 900020d8 900020d4 900020d0 900020cc 900020c8 900020c4 900020c0 
core   0: 0x800001b4 (0x00000317) auipc   x6, 0x0
core   0: 3 0x800001b4 (0x00000317) x6  0x800001b4
core   0: 0x800001b8 (0x00c3305b) setrpc  x0, x6, 12
core   0: 3 0x800001b8 (0x00c3305b) c2060_rpc 0x800001c0 current mask:	ffffffff current npc:	80000194 stack size: 0
core   0: 0x800001bc (0xfc651cdb) vbne    v6, v10, pc - 40
core   0: 3 0x800001bc (0xfc651cdb) c8_vstart 0x00000000 e32 m1 l32 current mask:	ffffffff current npc:	80000194 stack size: 0
core   0: 0x80000194 (0x02804557) vadd.vx v10, v8, x0
core   0: 3 0x80000194 (0x02804557) c8_vstart 0x00000000 e32 m1 l32 v10 ffffffff 0x00000000 00000000 00000000 00000000 00000000 00000000 00000000 00000000 00000000 00000000 00000000 00000000 00000000 00000000 00000000 00000000 00000000 00000000 00000000 00000000 00000000 00000000 00000000 00000000 00000000 00000000 00000000 00000000 00000000 00000000 00000000 00000000 
core   0: 0x80000198 (0x02930457) vadd.vv v8, v9, v6
core   0: 3 0x80000198 (0x02930457) c8_vstart 0x00000000 e32 m1 l32 v8  ffffffff 0x900000f8 900000f8 900000f8 900000f8 900000f8 900000f8 900000f8 900000f8 900000d8 900000d8 900000d8 900000d8 900000d8 900000d8 900000d8 900000d8 900000b8 900000b8 900000b8 900000b8 900000b8 900000b8 900000b8 900000b8 90000098 90000098 90000098 90000098 90000098 90000098 90000098 90000098 
core   0: 0x8000019c (0x0004247b) vlw12.v v8, v8, 0
core   0: 3 0x8000019c (0x0004247b) e32 m1 l32 v8  ffffffff 0x00000000 00000000 00000000 00000000 00000000 00000000 00000000 00000000 00000000 00000000 00000000 00000000 00000000 00000000 00000000 00000000 00000000 00000000 00000000 00000000 00000000 00000000 00000000 00000000 00000000 00000000 00000000 00000000 00000000 00000000 00000000 00000000  c8_vstart 0x00000000 mem 0x90000098 mem 0x90000098 mem 0x90000098 mem 0x90000098 mem 0x90000098 mem 0x90000098 mem 0x90000098 mem 0x90000098 mem 0x900000b8 mem 0x900000b8 mem 0x900000b8 mem 0x900000b8 mem 0x900000b8 mem 0x900000b8 mem 0x900000b8 mem 0x900000b8 mem 0x900000d8 mem 0x900000d8 mem 0x900000d8 mem 0x900000d8 mem 0x900000d8 mem 0x900000d8 mem 0x900000d8 mem 0x900000d8 mem 0x900000f8 mem 0x900000f8 mem 0x900000f8 mem 0x900000f8 mem 0x900000f8 mem 0x900000f8 mem 0x900000f8 mem 0x900000f8
core   0: 0x800001a0 (0x000225fb) vlw12.v v11, v4, 0
core   0: 3 0x800001a0 (0x000225fb) e32 m1 l32 v11 ffffffff 0x00000000 00000000 00000000 00000000 00000000 00000000 00000000 00000000 00000000 00000000 00000000 00000000 00000000 00000000 00000000 00000000 00000000 00000000 00000000 00000000 00000000 00000000 00000000 00000000 00000000 00000000 00000000 00000000 00000000 00000000 00000000 00000000  c8_vstart 0x00000000 mem 0x900020c0 mem 0x900020c4 mem 0x900020c8 mem 0x900020cc mem 0x900020d0 mem 0x900020d4 mem 0x900020d8 mem 0x900020dc mem 0x900020c0 mem 0x900020c4 mem 0x900020c8 mem 0x900020cc mem 0x900020d0 mem 0x900020d4 mem 0x900020d8 mem 0x900020dc mem 0x900020c0 mem 0x900020c4 mem 0x900020c8 mem 0x900020cc mem 0x900020d0 mem 0x900020d4 mem 0x900020d8 mem 0x900020dc mem 0x900020c0 mem 0x900020c4 mem 0x900020c8 mem 0x900020cc mem 0x900020d0 mem 0x900020d4 mem 0x900020d8 mem 0x900020dc
core   0: 0x800001a4 (0xa2a59457) vfmadd.vv v8, v10, v11
core   0: 3 0x800001a4 (0xa2a59457) c8_vstart 0x00000000 e32 m1 l32 v8  ffffffff 0x00000000 00000000 00000000 00000000 00000000 00000000 00000000 00000000 00000000 00000000 00000000 00000000 00000000 00000000 00000000 00000000 00000000 00000000 00000000 00000000 00000000 00000000 00000000 00000000 00000000 00000000 00000000 00000000 00000000 00000000 00000000 00000000 
core   0: 0x800001a8 (0x02623357) vadd.vi v6, v6, 4
core   0: 3 0x800001a8 (0x02623357) c8_vstart 0x00000000 e32 m1 l32 v6  ffffffff 0x0000001c 0000001c 0000001c 0000001c 0000001c 0000001c 0000001c 0000001c 0000001c 0000001c 0000001c 0000001c 0000001c 0000001c 0000001c 0000001c 0000001c 0000001c 0000001c 0000001c 0000001c 0000001c 0000001c 0000001c 0000001c 0000001c 0000001c 0000001c 0000001c 0000001c 0000001c 0000001c 
core   0: 0x800001ac (0x5e02c557) vmv.v.x v10, x5
core   0: 3 0x800001ac (0x5e02c557) c8_vstart 0x00000000 e32 m1 l32 v10 ffffffff 0x00000020 00000020 00000020 00000020 00000020 00000020 00000020 00000020 00000020 00000020 00000020 00000020 00000020 00000020 00000020 00000020 00000020 00000020 00000020 00000020 00000020 00000020 00000020 00000020 00000020 00000020 00000020 00000020 00000020 00000020 00000020 00000020 
core   0: 0x800001b0 (0x0202020b) vadd12.vi v4, v4, 32
core   0: 3 0x800001b0 (0x0202020b) c8_vstart 0x00000000 e32 m1 l32 v4  ffffffff 0x900020fc 900020f8 900020f4 900020f0 900020ec 900020e8 900020e4 900020e0 900020fc 900020f8 900020f4 900020f0 900020ec 900020e8 900020e4 900020e0 900020fc 900020f8 900020f4 900020f0 900020ec 900020e8 900020e4 900020e0 900020fc 900020f8 900020f4 900020f0 900020ec 900020e8 900020e4 900020e0 
core   0: 0x800001b4 (0x00000317) auipc   x6, 0x0
core   0: 3 0x800001b4 (0x00000317) x6  0x800001b4
core   0: 0x800001b8 (0x00c3305b) setrpc  x0, x6, 12
core   0: 3 0x800001b8 (0x00c3305b) c2060_rpc 0x800001c0 current mask:	ffffffff current npc:	80000194 stack size: 0
core   0: 0x800001bc (0xfc651cdb) vbne    v6, v10, pc - 40
core   0: 3 0x800001bc (0xfc651cdb) c8_vstart 0x00000000 e32 m1 l32 current mask:	ffffffff current npc:	80000194 stack size: 0
core   0: 0x80000194 (0x02804557) vadd.vx v10, v8, x0
core   0: 3 0x80000194 (0x02804557) c8_vstart 0x00000000 e32 m1 l32 v10 ffffffff 0x00000000 00000000 00000000 00000000 00000000 00000000 00000000 00000000 00000000 00000000 00000000 00000000 00000000 00000000 00000000 00000000 00000000 00000000 00000000 00000000 00000000 00000000 00000000 00000000 00000000 00000000 00000000 00000000 00000000 00000000 00000000 00000000 
core   0: 0x80000198 (0x02930457) vadd.vv v8, v9, v6
core   0: 3 0x80000198 (0x02930457) c8_vstart 0x00000000 e32 m1 l32 v8  ffffffff 0x900000fc 900000fc 900000fc 900000fc 900000fc 900000fc 900000fc 900000fc 900000dc 900000dc 900000dc 900000dc 900000dc 900000dc 900000dc 900000dc 900000bc 900000bc 900000bc 900000bc 900000bc 900000bc 900000bc 900000bc 9000009c 9000009c 9000009c 9000009c 9000009c 9000009c 9000009c 9000009c 
core   0: 0x8000019c (0x0004247b) vlw12.v v8, v8, 0
core   0: 3 0x8000019c (0x0004247b) e32 m1 l32 v8  ffffffff 0x00000000 00000000 00000000 00000000 00000000 00000000 00000000 00000000 00000000 00000000 00000000 00000000 00000000 00000000 00000000 00000000 00000000 00000000 00000000 00000000 00000000 00000000 00000000 00000000 00000000 00000000 00000000 00000000 00000000 00000000 00000000 00000000  c8_vstart 0x00000000 mem 0x9000009c mem 0x9000009c mem 0x9000009c mem 0x9000009c mem 0x9000009c mem 0x9000009c mem 0x9000009c mem 0x9000009c mem 0x900000bc mem 0x900000bc mem 0x900000bc mem 0x900000bc mem 0x900000bc mem 0x900000bc mem 0x900000bc mem 0x900000bc mem 0x900000dc mem 0x900000dc mem 0x900000dc mem 0x900000dc mem 0x900000dc mem 0x900000dc mem 0x900000dc mem 0x900000dc mem 0x900000fc mem 0x900000fc mem 0x900000fc mem 0x900000fc mem 0x900000fc mem 0x900000fc mem 0x900000fc mem 0x900000fc
core   0: 0x800001a0 (0x000225fb) vlw12.v v11, v4, 0
core   0: 3 0x800001a0 (0x000225fb) e32 m1 l32 v11 ffffffff 0x00000000 00000000 00000000 00000000 00000000 00000000 00000000 00000000 00000000 00000000 00000000 00000000 00000000 00000000 00000000 00000000 00000000 00000000 00000000 00000000 00000000 00000000 00000000 00000000 00000000 00000000 00000000 00000000 00000000 00000000 00000000 00000000  c8_vstart 0x00000000 mem 0x900020e0 mem 0x900020e4 mem 0x900020e8 mem 0x900020ec mem 0x900020f0 mem 0x900020f4 mem 0x900020f8 mem 0x900020fc mem 0x900020e0 mem 0x900020e4 mem 0x900020e8 mem 0x900020ec mem 0x900020f0 mem 0x900020f4 mem 0x900020f8 mem 0x900020fc mem 0x900020e0 mem 0x900020e4 mem 0x900020e8 mem 0x900020ec mem 0x900020f0 mem 0x900020f4 mem 0x900020f8 mem 0x900020fc mem 0x900020e0 mem 0x900020e4 mem 0x900020e8 mem 0x900020ec mem 0x900020f0 mem 0x900020f4 mem 0x900020f8 mem 0x900020fc
core   0: 0x800001a4 (0xa2a59457) vfmadd.vv v8, v10, v11
core   0: 3 0x800001a4 (0xa2a59457) c8_vstart 0x00000000 e32 m1 l32 v8  ffffffff 0x00000000 00000000 00000000 00000000 00000000 00000000 00000000 00000000 00000000 00000000 00000000 00000000 00000000 00000000 00000000 00000000 00000000 00000000 00000000 00000000 00000000 00000000 00000000 00000000 00000000 00000000 00000000 00000000 00000000 00000000 00000000 00000000 
core   0: 0x800001a8 (0x02623357) vadd.vi v6, v6, 4
core   0: 3 0x800001a8 (0x02623357) c8_vstart 0x00000000 e32 m1 l32 v6  ffffffff 0x00000020 00000020 00000020 00000020 00000020 00000020 00000020 00000020 00000020 00000020 00000020 00000020 00000020 00000020 00000020 00000020 00000020 00000020 00000020 00000020 00000020 00000020 00000020 00000020 00000020 00000020 00000020 00000020 00000020 00000020 00000020 00000020 
core   0: 0x800001ac (0x5e02c557) vmv.v.x v10, x5
core   0: 3 0x800001ac (0x5e02c557) c8_vstart 0x00000000 e32 m1 l32 v10 ffffffff 0x00000020 00000020 00000020 00000020 00000020 00000020 00000020 00000020 00000020 00000020 00000020 00000020 00000020 00000020 00000020 00000020 00000020 00000020 00000020 00000020 00000020 00000020 00000020 00000020 00000020 00000020 00000020 00000020 00000020 00000020 00000020 00000020 
core   0: 0x800001b0 (0x0202020b) vadd12.vi v4, v4, 32
core   0: 3 0x800001b0 (0x0202020b) c8_vstart 0x00000000 e32 m1 l32 v4  ffffffff 0x9000211c 90002118 90002114 90002110 9000210c 90002108 90002104 90002100 9000211c 90002118 90002114 90002110 9000210c 90002108 90002104 90002100 9000211c 90002118 90002114 90002110 9000210c 90002108 90002104 90002100 9000211c 90002118 90002114 90002110 9000210c 90002108 90002104 90002100 
core   0: 0x800001b4 (0x00000317) auipc   x6, 0x0
core   0: 3 0x800001b4 (0x00000317) x6  0x800001b4
core   0: 0x800001b8 (0x00c3305b) setrpc  x0, x6, 12
core   0: 3 0x800001b8 (0x00c3305b) c2060_rpc 0x800001c0 current mask:	ffffffff current npc:	80000194 stack size: 0
core   0: 0x800001bc (0xfc651cdb) vbne    v6, v10, pc - 40
core   0: 3 0x800001bc (0xfc651cdb) c8_vstart 0x00000000 e32 m1 l32 current mask:	ffffffff current npc:	800001c0 stack size: 0
core   0: 0x800001c0 (0x0000205b) join    v0, v0, pc + 0
core   0: 3 0x800001c0 (0x0000205b) current mask:	ffffffff current npc:	800001c0 stack size: 0
core   0: 0x800001c4 (0x0200020b) vadd12.vi v4, v0, 32
core   0: 3 0x800001c4 (0x0200020b) c8_vstart 0x00000000 e32 m1 l32 v4  ffffffff 0x0000003f 0000003e 0000003d 0000003c 0000003b 0000003a 00000039 00000038 00000037 00000036 00000035 00000034 00000033 00000032 00000031 00000030 0000002f 0000002e 0000002d 0000002c 0000002b 0000002a 00000029 00000028 00000027 00000026 00000025 00000024 00000023 00000022 00000021 00000020 
core   0: 0x800001c8 (0x96413257) vsll.vi v4, v4, 2
core   0: 3 0x800001c8 (0x96413257) c8_vstart 0x00000000 e32 m1 l32 v4  ffffffff 0x000000fc 000000f8 000000f4 000000f0 000000ec 000000e8 000000e4 000000e0 000000dc 000000d8 000000d4 000000d0 000000cc 000000c8 000000c4 000000c0 000000bc 000000b8 000000b4 000000b0 000000ac 000000a8 000000a4 000000a0 0000009c 00000098 00000094 00000090 0000008c 00000088 00000084 00000080 
core   0: 0x800001cc (0x0244c357) vadd.vx v6, v4, x9
core   0: 3 0x800001cc (0x0244c357) c8_vstart 0x00000000 e32 m1 l32 v6  ffffffff 0x900030fc 900030f8 900030f4 900030f0 900030ec 900030e8 900030e4 900030e0 900030dc 900030d8 900030d4 900030d0 900030cc 900030c8 900030c4 900030c0 900030bc 900030b8 900030b4 900030b0 900030ac 900030a8 900030a4 900030a0 9000309c 90003098 90003094 90003090 9000308c 90003088 90003084 90003080 
core   0: 0x800001d0 (0x000324fb) vlw12.v v9, v6, 0
core   0: 3 0x800001d0 (0x000324fb) e32 m1 l32 v9  ffffffff 0x00000000 00000000 00000000 00000000 00000000 00000000 00000000 00000000 00000000 00000000 00000000 00000000 00000000 00000000 00000000 00000000 00000000 00000000 00000000 00000000 00000000 00000000 00000000 00000000 00000000 00000000 00000000 00000000 00000000 00000000 00000000 00000000  c8_vstart 0x00000000 mem 0x90003080 mem 0x90003084 mem 0x90003088 mem 0x9000308c mem 0x90003090 mem 0x90003094 mem 0x90003098 mem 0x9000309c mem 0x900030a0 mem 0x900030a4 mem 0x900030a8 mem 0x900030ac mem 0x900030b0 mem 0x900030b4 mem 0x900030b8 mem 0x900030bc mem 0x900030c0 mem 0x900030c4 mem 0x900030c8 mem 0x900030cc mem 0x900030d0 mem 0x900030d4 mem 0x900030d8 mem 0x900030dc mem 0x900030e0 mem 0x900030e4 mem 0x900030e8 mem 0x900030ec mem 0x900030f0 mem 0x900030f4 mem 0x900030f8 mem 0x900030fc
core   0: 0x800001d4 (0x02849457) vfadd.vv v8, v8, v9
core   0: 3 0x800001d4 (0x02849457) c8_vstart 0x00000000 e32 m1 l32 v8  ffffffff 0x00000000 00000000 00000000 00000000 00000000 00000000 00000000 00000000 00000000 00000000 00000000 00000000 00000000 00000000 00000000 00000000 00000000 00000000 00000000 00000000 00000000 00000000 00000000 00000000 00000000 00000000 00000000 00000000 00000000 00000000 00000000 00000000 
core   0: 0x800001d8 (0x0083607b) vsw12.v v8, v6, 0
core   0: 3 0x800001d8 (0x0083607b) c8_vstart 0x00000000 e32 m1 l32 mem 0x90003080 0x00000000 mem 0x90003084 0x00000000 mem 0x90003088 0x00000000 mem 0x9000308c 0x00000000 mem 0x90003090 0x00000000 mem 0x90003094 0x00000000 mem 0x90003098 0x00000000 mem 0x9000309c 0x00000000 mem 0x900030a0 0x00000000 mem 0x900030a4 0x00000000 mem 0x900030a8 0x00000000 mem 0x900030ac 0x00000000 mem 0x900030b0 0x00000000 mem 0x900030b4 0x00000000 mem 0x900030b8 0x00000000 mem 0x900030bc 0x00000000 mem 0x900030c0 0x00000000 mem 0x900030c4 0x00000000 mem 0x900030c8 0x00000000 mem 0x900030cc 0x00000000 mem 0x900030d0 0x00000000 mem 0x900030d4 0x00000000 mem 0x900030d8 0x00000000 mem 0x900030dc 0x00000000 mem 0x900030e0 0x00000000 mem 0x900030e4 0x00000000 mem 0x900030e8 0x00000000 mem 0x900030ec 0x00000000 mem 0x900030f0 0x00000000 mem 0x900030f4 0x00000000 mem 0x900030f8 0x00000000 mem 0x900030fc 0x00000000
core   0: 0x800001dc (0x0a70638b) vfexp.v (args unknown)
core   0: 3 0x800001dc (0x0a70638b) c8_vstart 0x00000000 e32 m1 l32 v7  ffffffff 0x3f325fc7 3f7bfa99 3f7fff85 402707b6 3f81d8d5 3f8280e6 3f7f989c 3f7ffee5 3f7cf79b 3f7ffabc 3f8000a6 3f800715 3f7ca544 3f800056 3f7ffff1 3f7fff95 3f7d5066 3f830f3b 3f800000 3e571931 3f79368e 3f7bc8c7 3f7da1b4 3f800198 3f7da7ff 3f819ef0 3f7ff63d 3f8001b2 475ee067 3f800f72 3f7ffffd 3f7ff976 
core   0: 0x800001e0 (0x0003247b) vlw12.v v8, v6, 0
core   0: 3 0x800001e0 (0x0003247b) e32 m1 l32 v8  ffffffff 0x00000000 00000000 00000000 00000000 00000000 00000000 00000000 00000000 00000000 00000000 00000000 00000000 00000000 00000000 00000000 00000000 00000000 00000000 00000000 00000000 00000000 00000000 00000000 00000000 00000000 00000000 00000000 00000000 00000000 00000000 00000000 00000000  c8_vstart 0x00000000 mem 0x90003080 mem 0x90003084 mem 0x90003088 mem 0x9000308c mem 0x90003090 mem 0x90003094 mem 0x90003098 mem 0x9000309c mem 0x900030a0 mem 0x900030a4 mem 0x900030a8 mem 0x900030ac mem 0x900030b0 mem 0x900030b4 mem 0x900030b8 mem 0x900030bc mem 0x900030c0 mem 0x900030c4 mem 0x900030c8 mem 0x900030cc mem 0x900030d0 mem 0x900030d4 mem 0x900030d8 mem 0x900030dc mem 0x900030e0 mem 0x900030e4 mem 0x900030e8 mem 0x900030ec mem 0x900030f0 mem 0x900030f4 mem 0x900030f8 mem 0x900030fc
core   0: 0x800001e4 (0x0a80640b) vfexp.v (args unknown)
core   0: 3 0x800001e4 (0x0a80640b) c8_vstart 0x00000000 e32 m1 l32 v8  ffffffff 0x3f800000 3f800000 3f800000 3f800000 3f800000 3f800000 3f800000 3f800000 3f800000 3f800000 3f800000 3f800000 3f800000 3f800000 3f800000 3f800000 3f800000 3f800000 3f800000 3f800000 3f800000 3f800000 3f800000 3f800000 3f800000 3f800000 3f800000 3f800000 3f800000 3f800000 3f800000 3f800000 
core   0: 0x800001e8 (0x0072e07b) vsw12.v v7, v5, 0
core   0: 3 0x800001e8 (0x0072e07b) c8_vstart 0x00000000 e32 m1 l32 mem 0x90003000 0x3f7ff976 mem 0x90003004 0x3f7ffffd mem 0x90003008 0x3f800f72 mem 0x9000300c 0x475ee067 mem 0x90003010 0x3f8001b2 mem 0x90003014 0x3f7ff63d mem 0x90003018 0x3f819ef0 mem 0x9000301c 0x3f7da7ff mem 0x90003020 0x3f800198 mem 0x90003024 0x3f7da1b4 mem 0x90003028 0x3f7bc8c7 mem 0x9000302c 0x3f79368e mem 0x90003030 0x3e571931 mem 0x90003034 0x3f800000 mem 0x90003038 0x3f830f3b mem 0x9000303c 0x3f7d5066 mem 0x90003040 0x3f7fff95 mem 0x90003044 0x3f7ffff1 mem 0x90003048 0x3f800056 mem 0x9000304c 0x3f7ca544 mem 0x90003050 0x3f800715 mem 0x90003054 0x3f8000a6 mem 0x90003058 0x3f7ffabc mem 0x9000305c 0x3f7cf79b mem 0x90003060 0x3f7ffee5 mem 0x90003064 0x3f7f989c mem 0x90003068 0x3f8280e6 mem 0x9000306c 0x3f81d8d5 mem 0x90003070 0x402707b6 mem 0x90003074 0x3f7fff85 mem 0x90003078 0x3f7bfa99 mem 0x9000307c 0x3f325fc7
core   0: 0x800001ec (0x0083607b) vsw12.v v8, v6, 0
core   0: 3 0x800001ec (0x0083607b) c8_vstart 0x00000000 e32 m1 l32 mem 0x90003080 0x3f800000 mem 0x90003084 0x3f800000 mem 0x90003088 0x3f800000 mem 0x9000308c 0x3f800000 mem 0x90003090 0x3f800000 mem 0x90003094 0x3f800000 mem 0x90003098 0x3f800000 mem 0x9000309c 0x3f800000 mem 0x900030a0 0x3f800000 mem 0x900030a4 0x3f800000 mem 0x900030a8 0x3f800000 mem 0x900030ac 0x3f800000 mem 0x900030b0 0x3f800000 mem 0x900030b4 0x3f800000 mem 0x900030b8 0x3f800000 mem 0x900030bc 0x3f800000 mem 0x900030c0 0x3f800000 mem 0x900030c4 0x3f800000 mem 0x900030c8 0x3f800000 mem 0x900030cc 0x3f800000 mem 0x900030d0 0x3f800000 mem 0x900030d4 0x3f800000 mem 0x900030d8 0x3f800000 mem 0x900030dc 0x3f800000 mem 0x900030e0 0x3f800000 mem 0x900030e4 0x3f800000 mem 0x900030e8 0x3f800000 mem 0x900030ec 0x3f800000 mem 0x900030f0 0x3f800000 mem 0x900030f4 0x3f800000 mem 0x900030f8 0x3f800000 mem 0x900030fc 0x3f800000
core   0: 0x800001f0 (0x0200b4d7) vadd.vi v9, v0, 1
core   0: 3 0x800001f0 (0x0200b4d7) c8_vstart 0x00000000 e32 m1 l32 v9  ffffffff 0x00000020 0000001f 0000001e 0000001d 0000001c 0000001b 0000001a 00000019 00000018 00000017 00000016 00000015 00000014 00000013 00000012 00000011 00000010 0000000f 0000000e 0000000d 0000000c 0000000b 0000000a 00000009 00000008 00000007 00000006 00000005 00000004 00000003 00000002 00000001 
core   0: 0x800001f4 (0x00100313) li      x6, 1
core   0: 3 0x800001f4 (0x00100313) x6  0x00000001
core   0: 0x800001f8 (0x02000293) li      x5, 32
core   0: 3 0x800001f8 (0x02000293) x5  0x00000020
core   0: 0x800001fc (0x5e034557) vmv.v.x v10, x6
core   0: 3 0x800001fc (0x5e034557) c8_vstart 0x00000000 e32 m1 l32 v10 ffffffff 0x00000001 00000001 00000001 00000001 00000001 00000001 00000001 00000001 00000001 00000001 00000001 00000001 00000001 00000001 00000001 00000001 00000001 00000001 00000001 00000001 00000001 00000001 00000001 00000001 00000001 00000001 00000001 00000001 00000001 00000001 00000001 00000001 
core   0: 0x80000200 (0xffc12383) lw      x7, -4(x2)
core   0: 3 0x80000200 (0xffc12383) x7  0x90004000 mem 0x70000010
core   0: 0x80000204 (0x01c0006f) j       pc + 0x1c
core   0: 3 0x80000204 (0x01c0006f)
core   0: 0x80000220 (0x0002a5fb) vlw12.v v11, v5, 0
core   0: 3 0x80000220 (0x0002a5fb) e32 m1 l32 v11 ffffffff 0x3f325fc7 3f7bfa99 3f7fff85 402707b6 3f81d8d5 3f8280e6 3f7f989c 3f7ffee5 3f7cf79b 3f7ffabc 3f8000a6 3f800715 3f7ca544 3f800056 3f7ffff1 3f7fff95 3f7d5066 3f830f3b 3f800000 3e571931 3f79368e 3f7bc8c7 3f7da1b4 3f800198 3f7da7ff 3f819ef0 3f7ff63d 3f8001b2 475ee067 3f800f72 3f7ffffd 3f7ff976  c8_vstart 0x00000000 mem 0x90003000 mem 0x90003004 mem 0x90003008 mem 0x9000300c mem 0x90003010 mem 0x90003014 mem 0x90003018 mem 0x9000301c mem 0x90003020 mem 0x90003024 mem 0x90003028 mem 0x9000302c mem 0x90003030 mem 0x90003034 mem 0x90003038 mem 0x9000303c mem 0x90003040 mem 0x90003044 mem 0x90003048 mem 0x9000304c mem 0x90003050 mem 0x90003054 mem 0x90003058 mem 0x9000305c mem 0x90003060 mem 0x90003064 mem 0x90003068 mem 0x9000306c mem 0x90003070 mem 0x90003074 mem 0x90003078 mem 0x9000307c
core   0: 0x80000224 (0x2eb515d7) unknown
core   0: exception trap_illegal_instruction, epc 0x80000224
core   0:           tval 0x2eb515d7
core   0: >>>>  spike_end
core   0: 0x800000a8 (0x00100313) li      x6, 1
core   0: 3 0x800000a8 (0x00100313) x6  0x00000001
core   0: 0x800000ac (0x00001297) auipc   x5, 0x1
core   0: 3 0x800000ac (0x00001297) x5  0x800010ac
core   0: 0x800000b0 (0xf5428293) addi    x5, x5, -172
core   0: 3 0x800000b0 (0xf5428293) x5  0x80001000
core   0: 0x800000b4 (0x0062a023) sw      x6, 0(x5)
core   0: 3 0x800000b4 (0x0062a023) mem 0x80001000 0x00000001
