core   0: 0x00001000 (0x00000297) auipc   x5, 0x0
core   0: 3 0x00001000 (0x00000297) x5  0x00001000
core   0: 0x00001004 (0x02028593) addi    x11, x5, 32
core   0: 3 0x00001004 (0x02028593) x11 0x00001020
core   0: 0x00001008 (0xf1402573) csrr    x10, mhartid
core   0: 3 0x00001008 (0xf1402573) x10 0x00000000
core   0: 0x0000100c (0x0182a283) lw      x5, 24(x5)
core   0: 3 0x0000100c (0x0182a283) x5  0x80000000 mem 0x00001018
core   0: 0x00001010 (0x00028067) jr      x5
core   0: 3 0x00001010 (0x00028067)
core   0: 0x80000000 (0x00004197) auipc   x3, 0x4
core   0: 3 0x80000000 (0x00004197) x3  0x80004000
core   0: 0x80000004 (0x80818193) addi    x3, x3, -2040
core   0: 3 0x80000004 (0x80818193) x3  0x80003808
core   0: 0x80000008 (0x02000e93) li      x29, 32
core   0: 3 0x80000008 (0x02000e93) x29 0x00000020
core   0: 0x8000000c (0x0d0efed7) vsetvli x29, x29, e32, m1, ta, ma
core   0: 3 0x8000000c (0x0d0efed7) x29 0x00000020 c8_vstart 0x00000000 c3104_vl 0x00000020 c3105_vtype 0x000000d0 c768_mstatus 0x80000600
core   0: 0x80000010 (0x00002eb7) lui     x29, 0x2
core   0: 3 0x80000010 (0x00002eb7) x29 0x00002000
core   0: 0x80000014 (0x300eaef3) csrrs   x29, mstatus, x29
core   0: 3 0x80000014 (0x300eaef3) x29 0x80000600 c768_mstatus 0x80006600
core   0: 0x80000018 (0x00000e93) li      x29, 0
core   0: 3 0x80000018 (0x00000e93) x29 0x00000000
core   0: 0x8000001c (0x80502373) csrr    x6, wid
core   0: 3 0x8000001c (0x80502373) x6  0x00000000
core   0: 0x80000020 (0x806023f3) csrr    x7, lds
core   0: 3 0x80000020 (0x806023f3) x7  0x70000000
core   0: 0x80000024 (0x40000e13) li      x28, 1024
core   0: 3 0x80000024 (0x40000e13) x28 0x00000400
core   0: 0x80000028 (0x03c30333) mul     x6, x6, x28
core   0: 3 0x80000028 (0x03c30333) x6  0x00000000
core   0: 0x8000002c (0x00730133) add     x2, x6, x7
core   0: 3 0x8000002c (0x00730133) x2  0x70000000
core   0: 0x80000030 (0x00000213) li      x4, 0
core   0: 3 0x80000030 (0x00000213) x4  0x00000000
core   0: 0x80000034 (0x80102f73) csrr    x30, numw
core   0: 3 0x80000034 (0x80102f73) x30 0x00000001
core   0: 0x80000038 (0x40000e13) li      x28, 1024
core   0: 3 0x80000038 (0x40000e13) x28 0x00000400
core   0: 0x8000003c (0x03cf0f33) mul     x30, x30, x28
core   0: 3 0x8000003c (0x03cf0f33) x30 0x00000400
core   0: 0x80000040 (0x01e38433) add     x8, x7, x30
core   0: 3 0x80000040 (0x01e38433) x8  0x70000400
core   0: 0x80000044 (0x00003517) auipc   x10, 0x3
core   0: 3 0x80000044 (0x00003517) x10 0x80003044
core   0: 0x80000048 (0xfc850513) addi    x10, x10, -56
core   0: 3 0x80000048 (0xfc850513) x10 0x8000300c
core   0: 0x8000004c (0x00003617) auipc   x12, 0x3
core   0: 3 0x8000004c (0x00003617) x12 0x8000304c
core   0: 0x80000050 (0xfc060613) addi    x12, x12, -64
core   0: 3 0x80000050 (0xfc060613) x12 0x8000300c
core   0: 0x80000054 (0x00c50863) beq     x10, x12, pc + 16
core   0: 3 0x80000054 (0x00c50863)
core   0: 0x80000064 (0x803022f3) csrr    x5, knl
core   0: 3 0x80000064 (0x803022f3) x5  0x90028000
core   0: 0x80000068 (0x0002a303) lw      x6, 0(x5)
core   0: 3 0x80000068 (0x0002a303) x6  0x800000b8 mem 0x90028000
core   0: 0x8000006c (0x0042a503) lw      x10, 4(x5)
core   0: 3 0x8000006c (0x0042a503) x10 0x90007000 mem 0x90028004
core   0: 0x80000070 (0x0302a383) lw      x7, 48(x5)
core   0: 3 0x80000070 (0x0302a383) x7  0x00000000 mem 0x90028030
core   0: 0x80000074 (0x0342ae03) lw      x28, 52(x5)
core   0: 3 0x80000074 (0x0342ae03) x28 0x00000000 mem 0x90028034
core   0: 0x80000078 (0x00003e97) auipc   x29, 0x3
core   0: 3 0x80000078 (0x00003e97) x29 0x80003078
core   0: 0x8000007c (0xf88e8e93) addi    x29, x29, -120
core   0: 3 0x8000007c (0xf88e8e93) x29 0x80003000
core   0: 0x80000080 (0x00003f17) auipc   x30, 0x3
core   0: 3 0x80000080 (0x00003f17) x30 0x80003080
core   0: 0x80000084 (0xf84f0f13) addi    x30, x30, -124
core   0: 3 0x80000084 (0xf84f0f13) x30 0x80003004
core   0: 0x80000088 (0x007ea023) sw      x7, 0(x29)
core   0: 3 0x80000088 (0x007ea023) mem 0x80003000 0x00000000
core   0: 0x8000008c (0x01cf2023) sw      x28, 0(x30)
core   0: 3 0x8000008c (0x01cf2023) mem 0x80003004 0x00000000
core   0: 0x80000090 (0x00000f97) auipc   x31, 0x0
core   0: 3 0x80000090 (0x00000f97) x31 0x80000090
core   0: 0x80000094 (0x018f8f93) addi    x31, x31, 24
core   0: 3 0x80000094 (0x018f8f93) x31 0x800000a8
core   0: 0x80000098 (0x305f9073) csrw    mtvec, x31
core   0: 3 0x80000098 (0x305f9073) c773_mtvec 0x800000a8
core   0: 0x8000009c (0x000300e7) jalr    x6
core   0: 3 0x8000009c (0x000300e7) x1  0x800000a0
core   0: 0x800000b8 (0x01410113) addi    x2, x2, 20
core   0: 3 0x800000b8 (0x01410113) x2  0x70000014
core   0: 0x800000bc (0x00820213) addi    x4, x4, 8
core   0: 3 0x800000bc (0x00820213) x4  0x00000008
core   0: 0x800000c0 (0x0010200b) regext  x0, x0,  0 0 0 1 
core   0: 3 0x800000c0 (0x0010200b)
core   0: 0x800000c4 (0x5e024057) vmv.v.x v0, x4
core   0: 3 0x800000c4 (0x5e024057) c8_vstart 0x00000000 e32 m1 l32 v32 ffffffff 0x00000008 00000008 00000008 00000008 00000008 00000008 00000008 00000008 00000008 00000008 00000008 00000008 00000008 00000008 00000008 00000008 00000008 00000008 00000008 00000008 00000008 00000008 00000008 00000008 00000008 00000008 00000008 00000008 00000008 00000008 00000008 00000008 
core   0: 0x800000c8 (0xfe112623) sw      x1, -20(x2)
core   0: 3 0x800000c8 (0xfe112623) mem 0x70000000 0x800000a0
core   0: 0x800000cc (0x0480200b) regext  x0, x0,  0 1 1 0 
core   0: 3 0x800000cc (0x0480200b)
core   0: 0x800000d0 (0xfe102e2b) vsw.v   v1, x0, -4
core   0: 3 0x800000d0 (0xfe102e2b) c8_vstart 0x00000000 mem 0x90008080 0x00000000 mem 0x90008084 0x00000000 mem 0x90008088 0x00000000 mem 0x9000808c 0x00000000 mem 0x90008090 0x00000000 mem 0x90008094 0x00000000 mem 0x90008098 0x00000000 mem 0x9000809c 0x00000000 mem 0x900080a0 0x00000000 mem 0x900080a4 0x00000000 mem 0x900080a8 0x00000000 mem 0x900080ac 0x00000000 mem 0x900080b0 0x00000000 mem 0x900080b4 0x00000000 mem 0x900080b8 0x00000000 mem 0x900080bc 0x00000000 mem 0x900080c0 0x00000000 mem 0x900080c4 0x00000000 mem 0x900080c8 0x00000000 mem 0x900080cc 0x00000000 mem 0x900080d0 0x00000000 mem 0x900080d4 0x00000000 mem 0x900080d8 0x00000000 mem 0x900080dc 0x00000000 mem 0x900080e0 0x00000000 mem 0x900080e4 0x00000000 mem 0x900080e8 0x00000000 mem 0x900080ec 0x00000000 mem 0x900080f0 0x00000000 mem 0x900080f4 0x00000000 mem 0x900080f8 0x00000000 mem 0x900080fc 0x00000000
core   0: 0x800000d4 (0x0480200b) regext  x0, x0,  0 1 1 0 
core   0: 3 0x800000d4 (0x0480200b)
core   0: 0x800000d8 (0xfe202c2b) vsw.v   v2, x0, -8
core   0: 3 0x800000d8 (0xfe202c2b) c8_vstart 0x00000000 mem 0x90008000 0x00000000 mem 0x90008004 0x00000000 mem 0x90008008 0x00000000 mem 0x9000800c 0x00000000 mem 0x90008010 0x00000000 mem 0x90008014 0x00000000 mem 0x90008018 0x00000000 mem 0x9000801c 0x00000000 mem 0x90008020 0x00000000 mem 0x90008024 0x00000000 mem 0x90008028 0x00000000 mem 0x9000802c 0x00000000 mem 0x90008030 0x00000000 mem 0x90008034 0x00000000 mem 0x90008038 0x00000000 mem 0x9000803c 0x00000000 mem 0x90008040 0x00000000 mem 0x90008044 0x00000000 mem 0x90008048 0x00000000 mem 0x9000804c 0x00000000 mem 0x90008050 0x00000000 mem 0x90008054 0x00000000 mem 0x90008058 0x00000000 mem 0x9000805c 0x00000000 mem 0x90008060 0x00000000 mem 0x90008064 0x00000000 mem 0x90008068 0x00000000 mem 0x9000806c 0x00000000 mem 0x90008070 0x00000000 mem 0x90008074 0x00000000 mem 0x90008078 0x00000000 mem 0x9000807c 0x00000000
core   0: 0x800000dc (0x02c52283) lw      x5, 44(x10)
core   0: 3 0x800000dc (0x02c52283) x5  0x00000001 mem 0x9000702c
core   0: 0x800000e0 (0xfe512e23) sw      x5, -4(x2)
core   0: 3 0x800000e0 (0xfe512e23) mem 0x70000010 0x00000001
core   0: 0x800000e4 (0x01052283) lw      x5, 16(x10)
core   0: 3 0x800000e4 (0x01052283) x5  0x00000001 mem 0x90007010
core   0: 0x800000e8 (0xfe512823) sw      x5, -16(x2)
core   0: 3 0x800000e8 (0xfe512823) mem 0x70000004 0x00000001
core   0: 0x800000ec (0xfea12c23) sw      x10, -8(x2)
core   0: 3 0x800000ec (0xfea12c23) mem 0x7000000c 0x90007000
core   0: 0x800000f0 (0x00852283) lw      x5, 8(x10)
core   0: 3 0x800000f0 (0x00852283) x5  0x90006000 mem 0x90007008
core   0: 0x800000f4 (0xfe512a23) sw      x5, -12(x2)
core   0: 3 0x800000f4 (0xfe512a23) mem 0x70000008 0x90006000
core   0: 0x800000f8 (0x5e004057) vmv.v.x v0, x0
core   0: 3 0x800000f8 (0x5e004057) c8_vstart 0x00000000 e32 m1 l32 v0  ffffffff 0x00000000 00000000 00000000 00000000 00000000 00000000 00000000 00000000 00000000 00000000 00000000 00000000 00000000 00000000 00000000 00000000 00000000 00000000 00000000 00000000 00000000 00000000 00000000 00000000 00000000 00000000 00000000 00000000 00000000 00000000 00000000 00000000 
core   0: 0x800000fc (0x214000ef) jal     pc + 0x214
core   0: 3 0x800000fc (0x214000ef) x1  0x80000100
core   0: 0x80000310 (0x00410113) addi    x2, x2, 4
core   0: 3 0x80000310 (0x00410113) x2  0x70000018
core   0: 0x80000314 (0xfe112e23) sw      x1, -4(x2)
core   0: 3 0x80000314 (0xfe112e23) mem 0x70000014 0x80000100
core   0: 0x80000318 (0x00200293) li      x5, 2
core   0: 3 0x80000318 (0x00200293) x5  0x00000002
core   0: 0x8000031c (0x5e02c0d7) vmv.v.x v1, x5
core   0: 3 0x8000031c (0x5e02c0d7) c8_vstart 0x00000000 e32 m1 l32 v1  ffffffff 0x00000002 00000002 00000002 00000002 00000002 00000002 00000002 00000002 00000002 00000002 00000002 00000002 00000002 00000002 00000002 00000002 00000002 00000002 00000002 00000002 00000002 00000002 00000002 00000002 00000002 00000002 00000002 00000002 00000002 00000002 00000002 00000002 
core   0: 0x80000320 (0x00000317) auipc   x6, 0x0
core   0: 3 0x80000320 (0x00000317) x6  0x80000320
core   0: 0x80000324 (0x04c3305b) setrpc  x0, x6, 76
core   0: 3 0x80000324 (0x04c3305b) c2060_rpc 0x8000036c current mask:	ffffffff current npc:	00000000 stack size: 0
core   0: 0x80000328 (0x0200885b) vbeq    v0, v1, pc + 48
core   0: 3 0x80000328 (0x0200885b) c8_vstart 0x00000000 e32 m1 l32 current mask:	ffffffff current npc:	8000032c stack size: 0
core   0: 0x8000032c (0x00100293) li      x5, 1
core   0: 3 0x8000032c (0x00100293) x5  0x00000001
core   0: 0x80000330 (0x5e02c0d7) vmv.v.x v1, x5
core   0: 3 0x80000330 (0x5e02c0d7) c8_vstart 0x00000000 e32 m1 l32 v1  ffffffff 0x00000001 00000001 00000001 00000001 00000001 00000001 00000001 00000001 00000001 00000001 00000001 00000001 00000001 00000001 00000001 00000001 00000001 00000001 00000001 00000001 00000001 00000001 00000001 00000001 00000001 00000001 00000001 00000001 00000001 00000001 00000001 00000001 
core   0: 0x80000334 (0x00000317) auipc   x6, 0x0
core   0: 3 0x80000334 (0x00000317) x6  0x80000334
core   0: 0x80000338 (0x0383305b) setrpc  x0, x6, 56
core   0: 3 0x80000338 (0x0383305b) c2060_rpc 0x8000036c current mask:	ffffffff current npc:	8000032c stack size: 0
core   0: 0x8000033c (0x0200825b) vbeq    v0, v1, pc + 36
core   0: 3 0x8000033c (0x0200825b) c8_vstart 0x00000000 e32 m1 l32 current mask:	ffffffff current npc:	80000340 stack size: 0
core   0: 0x80000340 (0x5e0040d7) vmv.v.x v1, x0
core   0: 3 0x80000340 (0x5e0040d7) c8_vstart 0x00000000 e32 m1 l32 v1  ffffffff 0x00000000 00000000 00000000 00000000 00000000 00000000 00000000 00000000 00000000 00000000 00000000 00000000 00000000 00000000 00000000 00000000 00000000 00000000 00000000 00000000 00000000 00000000 00000000 00000000 00000000 00000000 00000000 00000000 00000000 00000000 00000000 00000000 
core   0: 0x80000344 (0x00000317) auipc   x6, 0x0
core   0: 3 0x80000344 (0x00000317) x6  0x80000344
core   0: 0x80000348 (0x0283305b) setrpc  x0, x6, 40
core   0: 3 0x80000348 (0x0283305b) c2060_rpc 0x8000036c current mask:	ffffffff current npc:	80000340 stack size: 0
core   0: 0x8000034c (0x00009e5b) vbne    v0, v1, pc + 28
core   0: 3 0x8000034c (0x00009e5b) c8_vstart 0x00000000 e32 m1 l32 current mask:	ffffffff current npc:	80000350 stack size: 0
core   0: 0x80000350 (0x108000ef) jal     pc + 0x108
core   0: 3 0x80000350 (0x108000ef) x1  0x80000354
core   0: 0x80000458 (0x00410113) addi    x2, x2, 4
core   0: 3 0x80000458 (0x00410113) x2  0x7000001c
core   0: 0x8000045c (0xfe112e23) sw      x1, -4(x2)
core   0: 3 0x8000045c (0xfe112e23) mem 0x70000018 0x80000354
core   0: 0x80000460 (0xf1dff0ef) jal     pc - 0xe4
core   0: 3 0x80000460 (0xf1dff0ef) x1  0x80000464
core   0: 0x8000037c (0x00410113) addi    x2, x2, 4
core   0: 3 0x8000037c (0x00410113) x2  0x70000020
core   0: 0x80000380 (0xfe112e23) sw      x1, -4(x2)
core   0: 3 0x80000380 (0xfe112e23) mem 0x7000001c 0x80000464
core   0: 0x80000384 (0x80302573) csrr    x10, knl
core   0: 3 0x80000384 (0x80302573) x10 0x90028000
core   0: 0x80000388 (0x00852283) lw      x5, 8(x10)
core   0: 3 0x80000388 (0x00852283) x5  0x00000003 mem 0x90028008
core   0: 0x8000038c (0x80002373) csrr    x6, tid
core   0: 3 0x8000038c (0x80002373) x6  0x00000000
core   0: 0x80000390 (0x5208a157) vid.v   v2
core   0: 3 0x80000390 (0x5208a157) c8_vstart 0x00000000 e32 m1 l32 v2  ffffffff 0x0000001f 0000001e 0000001d 0000001c 0000001b 0000001a 00000019 00000018 00000017 00000016 00000015 00000014 00000013 00000012 00000011 00000010 0000000f 0000000e 0000000d 0000000c 0000000b 0000000a 00000009 00000008 00000007 00000006 00000005 00000004 00000003 00000002 00000001 00000000 
core   0: 0x80000394 (0x02234057) vadd.vx v0, v2, x6
core   0: 3 0x80000394 (0x02234057) c8_vstart 0x00000000 e32 m1 l32 v0  ffffffff 0x0000001f 0000001e 0000001d 0000001c 0000001b 0000001a 00000019 00000018 00000017 00000016 00000015 00000014 00000013 00000012 00000011 00000010 0000000f 0000000e 0000000d 0000000c 0000000b 0000000a 00000009 00000008 00000007 00000006 00000005 00000004 00000003 00000002 00000001 00000000 
core   0: 0x80000398 (0x01852e03) lw      x28, 24(x10)
core   0: 3 0x80000398 (0x01852e03) x28 0x00000001 mem 0x90028018
core   0: 0x8000039c (0x8a0e6057) vremu.vx v0, v0, x28
core   0: 3 0x8000039c (0x8a0e6057) c8_vstart 0x00000000 e32 m1 l32 v0  ffffffff 0x00000000 00000000 00000000 00000000 00000000 00000000 00000000 00000000 00000000 00000000 00000000 00000000 00000000 00000000 00000000 00000000 00000000 00000000 00000000 00000000 00000000 00000000 00000000 00000000 00000000 00000000 00000000 00000000 00000000 00000000 00000000 00000000 
core   0: 0x800003a0 (0xffc12083) lw      x1, -4(x2)
core   0: 3 0x800003a0 (0xffc12083) x1  0x80000464 mem 0x7000001c
core   0: 0x800003a4 (0xffc10113) addi    x2, x2, -4
core   0: 3 0x800003a4 (0xffc10113) x2  0x7000001c
core   0: 0x800003a8 (0x00008067) ret
core   0: 3 0x800003a8 (0x00008067)
core   0: 0x80000464 (0x80302573) csrr    x10, knl
core   0: 3 0x80000464 (0x80302573) x10 0x90028000
core   0: 0x80000468 (0x80802373) csrr    x6, gidx
core   0: 3 0x80000468 (0x80802373) x6  0x00000000
core   0: 0x8000046c (0x01852e03) lw      x28, 24(x10)
core   0: 3 0x8000046c (0x01852e03) x28 0x00000001 mem 0x90028018
core   0: 0x80000470 (0x02452e83) lw      x29, 36(x10)
core   0: 3 0x80000470 (0x02452e83) x29 0x00000000 mem 0x90028024
core   0: 0x80000474 (0x03c30fb3) mul     x31, x6, x28
core   0: 3 0x80000474 (0x03c30fb3) x31 0x00000000
core   0: 0x80000478 (0x01df8fb3) add     x31, x31, x29
core   0: 3 0x80000478 (0x01df8fb3) x31 0x00000000
core   0: 0x8000047c (0x020fc057) vadd.vx v0, v0, x31
core   0: 3 0x8000047c (0x020fc057) c8_vstart 0x00000000 e32 m1 l32 v0  ffffffff 0x00000000 00000000 00000000 00000000 00000000 00000000 00000000 00000000 00000000 00000000 00000000 00000000 00000000 00000000 00000000 00000000 00000000 00000000 00000000 00000000 00000000 00000000 00000000 00000000 00000000 00000000 00000000 00000000 00000000 00000000 00000000 00000000 
core   0: 0x80000480 (0xffc12083) lw      x1, -4(x2)
core   0: 3 0x80000480 (0xffc12083) x1  0x80000354 mem 0x70000018
core   0: 0x80000484 (0xffc10113) addi    x2, x2, -4
core   0: 3 0x80000484 (0xffc10113) x2  0x70000018
core   0: 0x80000488 (0x00008067) ret
core   0: 3 0x80000488 (0x00008067)
core   0: 0x80000354 (0x0180006f) j       pc + 0x18
core   0: 3 0x80000354 (0x0180006f)
core   0: 0x8000036c (0x0000205b) join    v0, v0, pc + 0
core   0: 3 0x8000036c (0x0000205b) current mask:	ffffffff current npc:	80000350 stack size: 0
core   0: 0x80000370 (0xffc12083) lw      x1, -4(x2)
core   0: 3 0x80000370 (0xffc12083) x1  0x80000100 mem 0x70000014
core   0: 0x80000374 (0xffc10113) addi    x2, x2, -4
core   0: 3 0x80000374 (0xffc10113) x2  0x70000014
core   0: 0x80000378 (0x00008067) ret
core   0: 3 0x80000378 (0x00008067)
core   0: 0x80000100 (0x0010200b) regext  x0, x0,  0 0 0 1 
core   0: 3 0x80000100 (0x0010200b)
core   0: 0x80000104 (0x020040d7) vadd.vx v1, v0, x0
core   0: 3 0x80000104 (0x020040d7) c8_vstart 0x00000000 e32 m1 l32 v33 ffffffff 0x00000000 00000000 00000000 00000000 00000000 00000000 00000000 00000000 00000000 00000000 00000000 00000000 00000000 00000000 00000000 00000000 00000000 00000000 00000000 00000000 00000000 00000000 00000000 00000000 00000000 00000000 00000000 00000000 00000000 00000000 00000000 00000000 
core   0: 0x80000108 (0x00100293) li      x5, 1
core   0: 3 0x80000108 (0x00100293) x5  0x00000001
core   0: 0x8000010c (0x5e02c057) vmv.v.x v0, x5
core   0: 3 0x8000010c (0x5e02c057) c8_vstart 0x00000000 e32 m1 l32 v0  ffffffff 0x00000001 00000001 00000001 00000001 00000001 00000001 00000001 00000001 00000001 00000001 00000001 00000001 00000001 00000001 00000001 00000001 00000001 00000001 00000001 00000001 00000001 00000001 00000001 00000001 00000001 00000001 00000001 00000001 00000001 00000001 00000001 00000001 
core   0: 0x80000110 (0x200000ef) jal     pc + 0x200
core   0: 3 0x80000110 (0x200000ef) x1  0x80000114
core   0: 0x80000310 (0x00410113) addi    x2, x2, 4
core   0: 3 0x80000310 (0x00410113) x2  0x70000018
core   0: 0x80000314 (0xfe112e23) sw      x1, -4(x2)
core   0: 3 0x80000314 (0xfe112e23) mem 0x70000014 0x80000114
core   0: 0x80000318 (0x00200293) li      x5, 2
core   0: 3 0x80000318 (0x00200293) x5  0x00000002
core   0: 0x8000031c (0x5e02c0d7) vmv.v.x v1, x5
core   0: 3 0x8000031c (0x5e02c0d7) c8_vstart 0x00000000 e32 m1 l32 v1  ffffffff 0x00000002 00000002 00000002 00000002 00000002 00000002 00000002 00000002 00000002 00000002 00000002 00000002 00000002 00000002 00000002 00000002 00000002 00000002 00000002 00000002 00000002 00000002 00000002 00000002 00000002 00000002 00000002 00000002 00000002 00000002 00000002 00000002 
core   0: 0x80000320 (0x00000317) auipc   x6, 0x0
core   0: 3 0x80000320 (0x00000317) x6  0x80000320
core   0: 0x80000324 (0x04c3305b) setrpc  x0, x6, 76
core   0: 3 0x80000324 (0x04c3305b) c2060_rpc 0x8000036c current mask:	ffffffff current npc:	80000350 stack size: 0
core   0: 0x80000328 (0x0200885b) vbeq    v0, v1, pc + 48
core   0: 3 0x80000328 (0x0200885b) c8_vstart 0x00000000 e32 m1 l32 current mask:	ffffffff current npc:	8000032c stack size: 0
core   0: 0x8000032c (0x00100293) li      x5, 1
core   0: 3 0x8000032c (0x00100293) x5  0x00000001
core   0: 0x80000330 (0x5e02c0d7) vmv.v.x v1, x5
core   0: 3 0x80000330 (0x5e02c0d7) c8_vstart 0x00000000 e32 m1 l32 v1  ffffffff 0x00000001 00000001 00000001 00000001 00000001 00000001 00000001 00000001 00000001 00000001 00000001 00000001 00000001 00000001 00000001 00000001 00000001 00000001 00000001 00000001 00000001 00000001 00000001 00000001 00000001 00000001 00000001 00000001 00000001 00000001 00000001 00000001 
core   0: 0x80000334 (0x00000317) auipc   x6, 0x0
core   0: 3 0x80000334 (0x00000317) x6  0x80000334
core   0: 0x80000338 (0x0383305b) setrpc  x0, x6, 56
core   0: 3 0x80000338 (0x0383305b) c2060_rpc 0x8000036c current mask:	ffffffff current npc:	8000032c stack size: 0
core   0: 0x8000033c (0x0200825b) vbeq    v0, v1, pc + 36
core   0: 3 0x8000033c (0x0200825b) c8_vstart 0x00000000 e32 m1 l32 current mask:	ffffffff current npc:	80000360 stack size: 0
core   0: 0x80000360 (0x12c000ef) jal     pc + 0x12c
core   0: 3 0x80000360 (0x12c000ef) x1  0x80000364
core   0: 0x8000048c (0x00410113) addi    x2, x2, 4
core   0: 3 0x8000048c (0x00410113) x2  0x7000001c
core   0: 0x80000490 (0xfe112e23) sw      x1, -4(x2)
core   0: 3 0x80000490 (0xfe112e23) mem 0x70000018 0x80000364
core   0: 0x80000494 (0xf19ff0ef) jal     pc - 0xe8
core   0: 3 0x80000494 (0xf19ff0ef) x1  0x80000498
core   0: 0x800003ac (0x00410113) addi    x2, x2, 4
core   0: 3 0x800003ac (0x00410113) x2  0x70000020
core   0: 0x800003b0 (0xfe112e23) sw      x1, -4(x2)
core   0: 3 0x800003b0 (0xfe112e23) mem 0x7000001c 0x80000498
core   0: 0x800003b4 (0x80302573) csrr    x10, knl
core   0: 3 0x800003b4 (0x80302573) x10 0x90028000
core   0: 0x800003b8 (0x00852283) lw      x5, 8(x10)
core   0: 3 0x800003b8 (0x00852283) x5  0x00000003 mem 0x90028008
core   0: 0x800003bc (0x80002373) csrr    x6, tid
core   0: 3 0x800003bc (0x80002373) x6  0x00000000
core   0: 0x800003c0 (0x5208a157) vid.v   v2
core   0: 3 0x800003c0 (0x5208a157) c8_vstart 0x00000000 e32 m1 l32 v2  ffffffff 0x0000001f 0000001e 0000001d 0000001c 0000001b 0000001a 00000019 00000018 00000017 00000016 00000015 00000014 00000013 00000012 00000011 00000010 0000000f 0000000e 0000000d 0000000c 0000000b 0000000a 00000009 00000008 00000007 00000006 00000005 00000004 00000003 00000002 00000001 00000000 
core   0: 0x800003c4 (0x02234057) vadd.vx v0, v2, x6
core   0: 3 0x800003c4 (0x02234057) c8_vstart 0x00000000 e32 m1 l32 v0  ffffffff 0x0000001f 0000001e 0000001d 0000001c 0000001b 0000001a 00000019 00000018 00000017 00000016 00000015 00000014 00000013 00000012 00000011 00000010 0000000f 0000000e 0000000d 0000000c 0000000b 0000000a 00000009 00000008 00000007 00000006 00000005 00000004 00000003 00000002 00000001 00000000 
core   0: 0x800003c8 (0x01852e03) lw      x28, 24(x10)
core   0: 3 0x800003c8 (0x01852e03) x28 0x00000001 mem 0x90028018
core   0: 0x800003cc (0x01c52e83) lw      x29, 28(x10)
core   0: 3 0x800003cc (0x01c52e83) x29 0x00000004 mem 0x9002801c
core   0: 0x800003d0 (0x03ce8f33) mul     x30, x29, x28
core   0: 3 0x800003d0 (0x03ce8f33) x30 0x00000004
core   0: 0x800003d4 (0x8a0f6057) vremu.vx v0, v0, x30
core   0: 3 0x800003d4 (0x8a0f6057) c8_vstart 0x00000000 e32 m1 l32 v0  ffffffff 0x00000003 00000002 00000001 00000000 00000003 00000002 00000001 00000000 00000003 00000002 00000001 00000000 00000003 00000002 00000001 00000000 00000003 00000002 00000001 00000000 00000003 00000002 00000001 00000000 00000003 00000002 00000001 00000000 00000003 00000002 00000001 00000000 
core   0: 0x800003d8 (0x820e6057) vdivu.vx v0, v0, x28
core   0: 3 0x800003d8 (0x820e6057) c8_vstart 0x00000000 e32 m1 l32 v0  ffffffff 0x00000003 00000002 00000001 00000000 00000003 00000002 00000001 00000000 00000003 00000002 00000001 00000000 00000003 00000002 00000001 00000000 00000003 00000002 00000001 00000000 00000003 00000002 00000001 00000000 00000003 00000002 00000001 00000000 00000003 00000002 00000001 00000000 
core   0: 0x800003dc (0x5e0ec0d7) vmv.v.x v1, x29
core   0: 3 0x800003dc (0x5e0ec0d7) c8_vstart 0x00000000 e32 m1 l32 v1  ffffffff 0x00000004 00000004 00000004 00000004 00000004 00000004 00000004 00000004 00000004 00000004 00000004 00000004 00000004 00000004 00000004 00000004 00000004 00000004 00000004 00000004 00000004 00000004 00000004 00000004 00000004 00000004 00000004 00000004 00000004 00000004 00000004 00000004 
core   0: 0x800003e0 (0x00000317) auipc   x6, 0x0
core   0: 3 0x800003e0 (0x00000317) x6  0x800003e0
core   0: 0x800003e4 (0x0143305b) setrpc  x0, x6, 20
core   0: 3 0x800003e4 (0x0143305b) c2060_rpc 0x800003f4 current mask:	ffffffff current npc:	80000360 stack size: 0
core   0: 0x800003e8 (0x0000c65b) vblt    v0, v1, pc + 12
core   0: 3 0x800003e8 (0x0000c65b) c8_vstart 0x00000000 e32 m1 l32 current mask:	ffffffff current npc:	800003f4 stack size: 0
core   0: 0x800003f4 (0x0000205b) join    v0, v0, pc + 0
core   0: 3 0x800003f4 (0x0000205b) current mask:	ffffffff current npc:	800003f4 stack size: 0
core   0: 0x800003f8 (0xffc12083) lw      x1, -4(x2)
core   0: 3 0x800003f8 (0xffc12083) x1  0x80000498 mem 0x7000001c
core   0: 0x800003fc (0xffc10113) addi    x2, x2, -4
core   0: 3 0x800003fc (0xffc10113) x2  0x7000001c
core   0: 0x80000400 (0x00008067) ret
core   0: 3 0x80000400 (0x00008067)
core   0: 0x80000498 (0x80902373) csrr    x6, gidy
core   0: 3 0x80000498 (0x80902373) x6  0x00000000
core   0: 0x8000049c (0x01c52383) lw      x7, 28(x10)
core   0: 3 0x8000049c (0x01c52383) x7  0x00000004 mem 0x9002801c
core   0: 0x800004a0 (0x02852e83) lw      x29, 40(x10)
core   0: 3 0x800004a0 (0x02852e83) x29 0x00000000 mem 0x90028028
core   0: 0x800004a4 (0x02730e33) mul     x28, x6, x7
core   0: 3 0x800004a4 (0x02730e33) x28 0x00000000
core   0: 0x800004a8 (0x01de0e33) add     x28, x28, x29
core   0: 3 0x800004a8 (0x01de0e33) x28 0x00000000
core   0: 0x800004ac (0x020e4057) vadd.vx v0, v0, x28
core   0: 3 0x800004ac (0x020e4057) c8_vstart 0x00000000 e32 m1 l32 v0  ffffffff 0x00000003 00000002 00000001 00000000 00000003 00000002 00000001 00000000 00000003 00000002 00000001 00000000 00000003 00000002 00000001 00000000 00000003 00000002 00000001 00000000 00000003 00000002 00000001 00000000 00000003 00000002 00000001 00000000 00000003 00000002 00000001 00000000 
core   0: 0x800004b0 (0xffc12083) lw      x1, -4(x2)
core   0: 3 0x800004b0 (0xffc12083) x1  0x80000364 mem 0x70000018
core   0: 0x800004b4 (0xffc10113) addi    x2, x2, -4
core   0: 3 0x800004b4 (0xffc10113) x2  0x70000018
core   0: 0x800004b8 (0x00008067) ret
core   0: 3 0x800004b8 (0x00008067)
core   0: 0x80000364 (0x0080006f) j       pc + 0x8
core   0: 3 0x80000364 (0x0080006f)
core   0: 0x8000036c (0x0000205b) join    v0, v0, pc + 0
core   0: 3 0x8000036c (0x0000205b) current mask:	ffffffff current npc:	800003f4 stack size: 0
core   0: 0x80000370 (0xffc12083) lw      x1, -4(x2)
core   0: 3 0x80000370 (0xffc12083) x1  0x80000114 mem 0x70000014
core   0: 0x80000374 (0xffc10113) addi    x2, x2, -4
core   0: 3 0x80000374 (0xffc10113) x2  0x70000014
core   0: 0x80000378 (0x00008067) ret
core   0: 3 0x80000378 (0x00008067)
core   0: 0x80000114 (0x0010200b) regext  x0, x0,  0 0 0 1 
core   0: 3 0x80000114 (0x0010200b)
core   0: 0x80000118 (0x02004157) vadd.vx v2, v0, x0
core   0: 3 0x80000118 (0x02004157) c8_vstart 0x00000000 e32 m1 l32 v34 ffffffff 0x00000003 00000002 00000001 00000000 00000003 00000002 00000001 00000000 00000003 00000002 00000001 00000000 00000003 00000002 00000001 00000000 00000003 00000002 00000001 00000000 00000003 00000002 00000001 00000000 00000003 00000002 00000001 00000000 00000003 00000002 00000001 00000000 
core   0: 0x8000011c (0x00200293) li      x5, 2
core   0: 3 0x8000011c (0x00200293) x5  0x00000002
core   0: 0x80000120 (0x5e02c057) vmv.v.x v0, x5
core   0: 3 0x80000120 (0x5e02c057) c8_vstart 0x00000000 e32 m1 l32 v0  ffffffff 0x00000002 00000002 00000002 00000002 00000002 00000002 00000002 00000002 00000002 00000002 00000002 00000002 00000002 00000002 00000002 00000002 00000002 00000002 00000002 00000002 00000002 00000002 00000002 00000002 00000002 00000002 00000002 00000002 00000002 00000002 00000002 00000002 
core   0: 0x80000124 (0x1ec000ef) jal     pc + 0x1ec
core   0: 3 0x80000124 (0x1ec000ef) x1  0x80000128
core   0: 0x80000310 (0x00410113) addi    x2, x2, 4
core   0: 3 0x80000310 (0x00410113) x2  0x70000018
core   0: 0x80000314 (0xfe112e23) sw      x1, -4(x2)
core   0: 3 0x80000314 (0xfe112e23) mem 0x70000014 0x80000128
core   0: 0x80000318 (0x00200293) li      x5, 2
core   0: 3 0x80000318 (0x00200293) x5  0x00000002
core   0: 0x8000031c (0x5e02c0d7) vmv.v.x v1, x5
core   0: 3 0x8000031c (0x5e02c0d7) c8_vstart 0x00000000 e32 m1 l32 v1  ffffffff 0x00000002 00000002 00000002 00000002 00000002 00000002 00000002 00000002 00000002 00000002 00000002 00000002 00000002 00000002 00000002 00000002 00000002 00000002 00000002 00000002 00000002 00000002 00000002 00000002 00000002 00000002 00000002 00000002 00000002 00000002 00000002 00000002 
core   0: 0x80000320 (0x00000317) auipc   x6, 0x0
core   0: 3 0x80000320 (0x00000317) x6  0x80000320
core   0: 0x80000324 (0x04c3305b) setrpc  x0, x6, 76
core   0: 3 0x80000324 (0x04c3305b) c2060_rpc 0x8000036c current mask:	ffffffff current npc:	800003f4 stack size: 0
core   0: 0x80000328 (0x0200885b) vbeq    v0, v1, pc + 48
core   0: 3 0x80000328 (0x0200885b) c8_vstart 0x00000000 e32 m1 l32 current mask:	ffffffff current npc:	80000358 stack size: 0
core   0: 0x80000358 (0x164000ef) jal     pc + 0x164
core   0: 3 0x80000358 (0x164000ef) x1  0x8000035c
core   0: 0x800004bc (0x00410113) addi    x2, x2, 4
core   0: 3 0x800004bc (0x00410113) x2  0x7000001c
core   0: 0x800004c0 (0xfe112e23) sw      x1, -4(x2)
core   0: 3 0x800004c0 (0xfe112e23) mem 0x70000018 0x8000035c
core   0: 0x800004c4 (0xf41ff0ef) jal     pc - 0xc0
core   0: 3 0x800004c4 (0xf41ff0ef) x1  0x800004c8
core   0: 0x80000404 (0x00410113) addi    x2, x2, 4
core   0: 3 0x80000404 (0x00410113) x2  0x70000020
core   0: 0x80000408 (0xfe112e23) sw      x1, -4(x2)
core   0: 3 0x80000408 (0xfe112e23) mem 0x7000001c 0x800004c8
core   0: 0x8000040c (0x80302573) csrr    x10, knl
core   0: 3 0x8000040c (0x80302573) x10 0x90028000
core   0: 0x80000410 (0x80002373) csrr    x6, tid
core   0: 3 0x80000410 (0x80002373) x6  0x00000000
core   0: 0x80000414 (0x5208a157) vid.v   v2
core   0: 3 0x80000414 (0x5208a157) c8_vstart 0x00000000 e32 m1 l32 v2  ffffffff 0x0000001f 0000001e 0000001d 0000001c 0000001b 0000001a 00000019 00000018 00000017 00000016 00000015 00000014 00000013 00000012 00000011 00000010 0000000f 0000000e 0000000d 0000000c 0000000b 0000000a 00000009 00000008 00000007 00000006 00000005 00000004 00000003 00000002 00000001 00000000 
core   0: 0x80000418 (0x02234057) vadd.vx v0, v2, x6
core   0: 3 0x80000418 (0x02234057) c8_vstart 0x00000000 e32 m1 l32 v0  ffffffff 0x0000001f 0000001e 0000001d 0000001c 0000001b 0000001a 00000019 00000018 00000017 00000016 00000015 00000014 00000013 00000012 00000011 00000010 0000000f 0000000e 0000000d 0000000c 0000000b 0000000a 00000009 00000008 00000007 00000006 00000005 00000004 00000003 00000002 00000001 00000000 
core   0: 0x8000041c (0x01852e03) lw      x28, 24(x10)
core   0: 3 0x8000041c (0x01852e03) x28 0x00000001 mem 0x90028018
core   0: 0x80000420 (0x01c52e83) lw      x29, 28(x10)
core   0: 3 0x80000420 (0x01c52e83) x29 0x00000004 mem 0x9002801c
core   0: 0x80000424 (0x02052f03) lw      x30, 32(x10)
core   0: 3 0x80000424 (0x02052f03) x30 0x00000004 mem 0x90028020
core   0: 0x80000428 (0x03ce8eb3) mul     x29, x29, x28
core   0: 3 0x80000428 (0x03ce8eb3) x29 0x00000004
core   0: 0x8000042c (0x820ee057) vdivu.vx v0, v0, x29
core   0: 3 0x8000042c (0x820ee057) c8_vstart 0x00000000 e32 m1 l32 v0  ffffffff 0x00000007 00000007 00000007 00000007 00000006 00000006 00000006 00000006 00000005 00000005 00000005 00000005 00000004 00000004 00000004 00000004 00000003 00000003 00000003 00000003 00000002 00000002 00000002 00000002 00000001 00000001 00000001 00000001 00000000 00000000 00000000 00000000 
core   0: 0x80000430 (0x5e0f40d7) vmv.v.x v1, x30
core   0: 3 0x80000430 (0x5e0f40d7) c8_vstart 0x00000000 e32 m1 l32 v1  ffffffff 0x00000004 00000004 00000004 00000004 00000004 00000004 00000004 00000004 00000004 00000004 00000004 00000004 00000004 00000004 00000004 00000004 00000004 00000004 00000004 00000004 00000004 00000004 00000004 00000004 00000004 00000004 00000004 00000004 00000004 00000004 00000004 00000004 
core   0: 0x80000434 (0x00000317) auipc   x6, 0x0
core   0: 3 0x80000434 (0x00000317) x6  0x80000434
core   0: 0x80000438 (0x0143305b) setrpc  x0, x6, 20
core   0: 3 0x80000438 (0x0143305b) c2060_rpc 0x80000448 current mask:	ffffffff current npc:	80000358 stack size: 0
core   0: 0x8000043c (0x0000c65b) vblt    v0, v1, pc + 12
core   0: 3 0x8000043c (0x0000c65b) c8_vstart 0x00000000 e32 m1 l32 current mask:	0000ffff current npc:	80000448 stack size: 2
[r_pc] 80000448 [else_pc] 80000440 [else_mask] ffff0000 
[r_pc] 80000448 [else_pc] 80000448 [else_mask] ffffffff 
core   0: 0x80000448 (0x0000205b) join    v0, v0, pc + 0
core   0: 3 0x80000448 (0x0000205b) current mask:	ffff0000 current npc:	80000440 stack size: 1
[r_pc] 80000448 [else_pc] 80000448 [else_mask] ffffffff 
core   0: 0x80000440 (0xfff00f13) li      x30, -1
core   0: 3 0x80000440 (0xfff00f13) x30 0xffffffff
core   0: 0x80000444 (0x021f4057) vadd.vx v0, v1, x30
core   0: 3 0x80000444 (0x021f4057) c8_vstart 0x00000000 e32 m1 l32 v0  ffff0000 0x00000003 00000003 00000003 00000003 00000003 00000003 00000003 00000003 00000003 00000003 00000003 00000003 00000003 00000003 00000003 00000003 00000003 00000003 00000003 00000003 00000002 00000002 00000002 00000002 00000001 00000001 00000001 00000001 00000000 00000000 00000000 00000000 
core   0: 0x80000448 (0x0000205b) join    v0, v0, pc + 0
core   0: 3 0x80000448 (0x0000205b) current mask:	ffffffff current npc:	80000448 stack size: 0
core   0: 3 0x80000448 (0x0000205b) current mask:	ffffffff current npc:	80000448 stack size: 0
core   0: Executed 2 times
core   0: 0x8000044c (0xffc12083) lw      x1, -4(x2)
core   0: 3 0x8000044c (0xffc12083) x1  0x800004c8 mem 0x7000001c
core   0: 0x80000450 (0xffc10113) addi    x2, x2, -4
core   0: 3 0x80000450 (0xffc10113) x2  0x7000001c
core   0: 0x80000454 (0x00008067) ret
core   0: 3 0x80000454 (0x00008067)
core   0: 0x800004c8 (0x80302573) csrr    x10, knl
core   0: 3 0x800004c8 (0x80302573) x10 0x90028000
core   0: 0x800004cc (0x80a02373) csrr    x6, gidz
core   0: 3 0x800004cc (0x80a02373) x6  0x00000000
core   0: 0x800004d0 (0x02052383) lw      x7, 32(x10)
core   0: 3 0x800004d0 (0x02052383) x7  0x00000004 mem 0x90028020
core   0: 0x800004d4 (0x02c52e03) lw      x28, 44(x10)
core   0: 3 0x800004d4 (0x02c52e03) x28 0x00000000 mem 0x9002802c
core   0: 0x800004d8 (0x026383b3) mul     x7, x7, x6
core   0: 3 0x800004d8 (0x026383b3) x7  0x00000000
core   0: 0x800004dc (0x01c383b3) add     x7, x7, x28
core   0: 3 0x800004dc (0x01c383b3) x7  0x00000000
core   0: 0x800004e0 (0x0203c057) vadd.vx v0, v0, x7
core   0: 3 0x800004e0 (0x0203c057) c8_vstart 0x00000000 e32 m1 l32 v0  ffffffff 0x00000003 00000003 00000003 00000003 00000003 00000003 00000003 00000003 00000003 00000003 00000003 00000003 00000003 00000003 00000003 00000003 00000003 00000003 00000003 00000003 00000002 00000002 00000002 00000002 00000001 00000001 00000001 00000001 00000000 00000000 00000000 00000000 
core   0: 0x800004e4 (0xffc12083) lw      x1, -4(x2)
core   0: 3 0x800004e4 (0xffc12083) x1  0x8000035c mem 0x70000018
core   0: 0x800004e8 (0xffc10113) addi    x2, x2, -4
core   0: 3 0x800004e8 (0xffc10113) x2  0x70000018
core   0: 0x800004ec (0x00008067) ret
core   0: 3 0x800004ec (0x00008067)
core   0: 0x8000035c (0x0100006f) j       pc + 0x10
core   0: 3 0x8000035c (0x0100006f)
core   0: 0x8000036c (0x0000205b) join    v0, v0, pc + 0
core   0: 3 0x8000036c (0x0000205b) current mask:	ffffffff current npc:	80000448 stack size: 0
core   0: 0x80000370 (0xffc12083) lw      x1, -4(x2)
core   0: 3 0x80000370 (0xffc12083) x1  0x80000128 mem 0x70000014
core   0: 0x80000374 (0xffc10113) addi    x2, x2, -4
core   0: 3 0x80000374 (0xffc10113) x2  0x70000014
core   0: 0x80000378 (0x00008067) ret
core   0: 3 0x80000378 (0x00008067)
core   0: 0x80000128 (0xff012803) lw      x16, -16(x2)
core   0: 3 0x80000128 (0xff012803) x16 0x00000001 mem 0x70000004
core   0: 0x8000012c (0x0400200b) regext  x0, x0,  0 1 0 0 
core   0: 3 0x8000012c (0x0400200b)
core   0: 0x80000130 (0x961130d7) vsll.vi v1, v1, 2
core   0: 3 0x80000130 (0x961130d7) c8_vstart 0x00000000 e32 m1 l32 v1  ffffffff 0x00000000 00000000 00000000 00000000 00000000 00000000 00000000 00000000 00000000 00000000 00000000 00000000 00000000 00000000 00000000 00000000 00000000 00000000 00000000 00000000 00000000 00000000 00000000 00000000 00000000 00000000 00000000 00000000 00000000 00000000 00000000 00000000 
core   0: 0x80000134 (0xff412283) lw      x5, -12(x2)
core   0: 3 0x80000134 (0xff412283) x5  0x90006000 mem 0x70000008
core   0: 0x80000138 (0x0212c0d7) vadd.vx v1, v1, x5
core   0: 3 0x80000138 (0x0212c0d7) c8_vstart 0x00000000 e32 m1 l32 v1  ffffffff 0x90006000 90006000 90006000 90006000 90006000 90006000 90006000 90006000 90006000 90006000 90006000 90006000 90006000 90006000 90006000 90006000 90006000 90006000 90006000 90006000 90006000 90006000 90006000 90006000 90006000 90006000 90006000 90006000 90006000 90006000 90006000 90006000 
core   0: 0x8000013c (0x0000a0fb) vlw12.v v1, v1, 0
core   0: 3 0x8000013c (0x0000a0fb) e32 m1 l32 v1  ffffffff 0xbc489bd7 bc489bd7 bc489bd7 bc489bd7 bc489bd7 bc489bd7 bc489bd7 bc489bd7 bc489bd7 bc489bd7 bc489bd7 bc489bd7 bc489bd7 bc489bd7 bc489bd7 bc489bd7 bc489bd7 bc489bd7 bc489bd7 bc489bd7 bc489bd7 bc489bd7 bc489bd7 bc489bd7 bc489bd7 bc489bd7 bc489bd7 bc489bd7 bc489bd7 bc489bd7 bc489bd7 bc489bd7  c8_vstart 0x00000000 mem 0x90006000 mem 0x90006000 mem 0x90006000 mem 0x90006000 mem 0x90006000 mem 0x90006000 mem 0x90006000 mem 0x90006000 mem 0x90006000 mem 0x90006000 mem 0x90006000 mem 0x90006000 mem 0x90006000 mem 0x90006000 mem 0x90006000 mem 0x90006000 mem 0x90006000 mem 0x90006000 mem 0x90006000 mem 0x90006000 mem 0x90006000 mem 0x90006000 mem 0x90006000 mem 0x90006000 mem 0x90006000 mem 0x90006000 mem 0x90006000 mem 0x90006000 mem 0x90006000 mem 0x90006000 mem 0x90006000 mem 0x90006000
core   0: 0x80000140 (0x13005e63) bge     x0, x16, pc + 316
core   0: 3 0x80000140 (0x13005e63)
core   0: 0x80000144 (0x5e004157) vmv.v.x v2, x0
core   0: 3 0x80000144 (0x5e004157) c8_vstart 0x00000000 e32 m1 l32 v2  ffffffff 0x00000000 00000000 00000000 00000000 00000000 00000000 00000000 00000000 00000000 00000000 00000000 00000000 00000000 00000000 00000000 00000000 00000000 00000000 00000000 00000000 00000000 00000000 00000000 00000000 00000000 00000000 00000000 00000000 00000000 00000000 00000000 00000000 
core   0: 0x80000148 (0xff812783) lw      x15, -8(x2)
core   0: 3 0x80000148 (0xff812783) x15 0x90007000 mem 0x7000000c
core   0: 0x8000014c (0x0347a303) lw      x6, 52(x15)
core   0: 3 0x8000014c (0x0347a303) x6  0x00000001 mem 0x90007034
core   0: 0x80000150 (0x0307a583) lw      x11, 48(x15)
core   0: 3 0x80000150 (0x0307a583) x11 0x00000001 mem 0x90007030
core   0: 0x80000154 (0x0207a283) lw      x5, 32(x15)
core   0: 3 0x80000154 (0x0207a283) x5  0x00000002 mem 0x90007020
core   0: 0x80000158 (0x01c7a383) lw      x7, 28(x15)
core   0: 3 0x80000158 (0x01c7a383) x7  0x00000002 mem 0x9000701c
core   0: 0x8000015c (0x0187a483) lw      x9, 24(x15)
core   0: 3 0x8000015c (0x0187a483) x9  0x00000005 mem 0x90007018
core   0: 0x80000160 (0x0147a503) lw      x10, 20(x15)
core   0: 3 0x80000160 (0x0147a503) x10 0x00000005 mem 0x90007014
core   0: 0x80000164 (0x0047a603) lw      x12, 4(x15)
core   0: 3 0x80000164 (0x0047a603) x12 0x90005000 mem 0x90007004
core   0: 0x80000168 (0x0400200b) regext  x0, x0,  0 1 0 0 
core   0: 3 0x80000168 (0x0400200b)
core   0: 0x8000016c (0x9625e1d7) vmul.vx v3, v2, x11
core   0: 3 0x8000016c (0x9625e1d7) c8_vstart 0x00000000 e32 m1 l32 v3  ffffffff 0x00000003 00000002 00000001 00000000 00000003 00000002 00000001 00000000 00000003 00000002 00000001 00000000 00000003 00000002 00000001 00000000 00000003 00000002 00000001 00000000 00000003 00000002 00000001 00000000 00000003 00000002 00000001 00000000 00000003 00000002 00000001 00000000 
core   0: 0x80000170 (0x027285b3) mul     x11, x5, x7
core   0: 3 0x80000170 (0x027285b3) x11 0x00000004
core   0: 0x80000174 (0x0007a683) lw      x13, 0(x15)
core   0: 3 0x80000174 (0x0007a683) x13 0x90001000 mem 0x90007000
core   0: 0x80000178 (0x96036257) vmul.vx v4, v0, x6
core   0: 3 0x80000178 (0x96036257) c8_vstart 0x00000000 e32 m1 l32 v4  ffffffff 0x00000003 00000003 00000003 00000003 00000003 00000003 00000003 00000003 00000003 00000003 00000003 00000003 00000003 00000003 00000003 00000003 00000003 00000003 00000003 00000003 00000002 00000002 00000002 00000002 00000001 00000001 00000001 00000001 00000000 00000000 00000000 00000000 
core   0: 0x8000017c (0x0400200b) regext  x0, x0,  0 1 0 0 
core   0: 3 0x8000017c (0x0400200b)
core   0: 0x80000180 (0x9615e2d7) vmul.vx v5, v1, x11
core   0: 3 0x80000180 (0x9615e2d7) c8_vstart 0x00000000 e32 m1 l32 v5  ffffffff 0x00000000 00000000 00000000 00000000 00000000 00000000 00000000 00000000 00000000 00000000 00000000 00000000 00000000 00000000 00000000 00000000 00000000 00000000 00000000 00000000 00000000 00000000 00000000 00000000 00000000 00000000 00000000 00000000 00000000 00000000 00000000 00000000 
core   0: 0x80000184 (0x965862d7) vmul.vx v5, v5, x16
core   0: 3 0x80000184 (0x965862d7) c8_vstart 0x00000000 e32 m1 l32 v5  ffffffff 0x00000000 00000000 00000000 00000000 00000000 00000000 00000000 00000000 00000000 00000000 00000000 00000000 00000000 00000000 00000000 00000000 00000000 00000000 00000000 00000000 00000000 00000000 00000000 00000000 00000000 00000000 00000000 00000000 00000000 00000000 00000000 00000000 
core   0: 0x80000188 (0x965132d7) vsll.vi v5, v5, 2
core   0: 3 0x80000188 (0x965132d7) c8_vstart 0x00000000 e32 m1 l32 v5  ffffffff 0x00000000 00000000 00000000 00000000 00000000 00000000 00000000 00000000 00000000 00000000 00000000 00000000 00000000 00000000 00000000 00000000 00000000 00000000 00000000 00000000 00000000 00000000 00000000 00000000 00000000 00000000 00000000 00000000 00000000 00000000 00000000 00000000 
core   0: 0x8000018c (0x025642d7) vadd.vx v5, v5, x12
core   0: 3 0x8000018c (0x025642d7) c8_vstart 0x00000000 e32 m1 l32 v5  ffffffff 0x90005000 90005000 90005000 90005000 90005000 90005000 90005000 90005000 90005000 90005000 90005000 90005000 90005000 90005000 90005000 90005000 90005000 90005000 90005000 90005000 90005000 90005000 90005000 90005000 90005000 90005000 90005000 90005000 90005000 90005000 90005000 90005000 
core   0: 0x80000190 (0x00259593) slli    x11, x11, 2
core   0: 3 0x80000190 (0x00259593) x11 0x00000010
core   0: 0x80000194 (0x00229613) slli    x12, x5, 2
core   0: 3 0x80000194 (0x00229613) x12 0x00000008
core   0: 0x80000198 (0x02304357) vadd.vx v6, v3, x0
core   0: 3 0x80000198 (0x02304357) c8_vstart 0x00000000 e32 m1 l32 v6  ffffffff 0x00000003 00000002 00000001 00000000 00000003 00000002 00000001 00000000 00000003 00000002 00000001 00000000 00000003 00000002 00000001 00000000 00000003 00000002 00000001 00000000 00000003 00000002 00000001 00000000 00000003 00000002 00000001 00000000 00000003 00000002 00000001 00000000 
core   0: 0x8000019c (0xa644e357) vmadd.vx v6, v4, x9
core   0: 3 0x8000019c (0xa644e357) c8_vstart 0x00000000 e32 m1 l32 v6  ffffffff 0x00000012 0000000d 00000008 00000003 00000012 0000000d 00000008 00000003 00000012 0000000d 00000008 00000003 00000012 0000000d 00000008 00000003 00000012 0000000d 00000008 00000003 00000011 0000000c 00000007 00000002 00000010 0000000b 00000006 00000001 0000000f 0000000a 00000005 00000000 
core   0: 0x800001a0 (0x02a48333) mul     x6, x9, x10
core   0: 3 0x800001a0 (0x02a48333) x6  0x00000019
core   0: 0x800001a4 (0x96613357) vsll.vi v6, v6, 2
core   0: 3 0x800001a4 (0x96613357) c8_vstart 0x00000000 e32 m1 l32 v6  ffffffff 0x00000048 00000034 00000020 0000000c 00000048 00000034 00000020 0000000c 00000048 00000034 00000020 0000000c 00000048 00000034 00000020 0000000c 00000048 00000034 00000020 0000000c 00000044 00000030 0000001c 00000008 00000040 0000002c 00000018 00000004 0000003c 00000028 00000014 00000000 
core   0: 0x800001a8 (0x0266c357) vadd.vx v6, v6, x13
core   0: 3 0x800001a8 (0x0266c357) c8_vstart 0x00000000 e32 m1 l32 v6  ffffffff 0x90001048 90001034 90001020 9000100c 90001048 90001034 90001020 9000100c 90001048 90001034 90001020 9000100c 90001048 90001034 90001020 9000100c 90001048 90001034 90001020 9000100c 90001044 90001030 9000101c 90001008 90001040 9000102c 90001018 90001004 9000103c 90001028 90001014 90001000 
core   0: 0x800001ac (0x00231693) slli    x13, x6, 2
core   0: 3 0x800001ac (0x00231693) x13 0x00000064
core   0: 0x800001b0 (0x00249713) slli    x14, x9, 2
core   0: 3 0x800001b0 (0x00249713) x14 0x00000014
core   0: 0x800001b4 (0x0240006f) j       pc + 0x24
core   0: 3 0x800001b4 (0x0240006f)
core   0: 0x800001d8 (0xfe7050e3) bge     x0, x7, pc - 32
core   0: 3 0x800001d8 (0xfe7050e3)
core   0: 0x800001dc (0x5e0043d7) vmv.v.x v7, x0
core   0: 3 0x800001dc (0x5e0043d7) c8_vstart 0x00000000 e32 m1 l32 v7  ffffffff 0x00000000 00000000 00000000 00000000 00000000 00000000 00000000 00000000 00000000 00000000 00000000 00000000 00000000 00000000 00000000 00000000 00000000 00000000 00000000 00000000 00000000 00000000 00000000 00000000 00000000 00000000 00000000 00000000 00000000 00000000 00000000 00000000 
core   0: 0x800001e0 (0x02604457) vadd.vx v8, v6, x0
core   0: 3 0x800001e0 (0x02604457) c8_vstart 0x00000000 e32 m1 l32 v8  ffffffff 0x90001048 90001034 90001020 9000100c 90001048 90001034 90001020 9000100c 90001048 90001034 90001020 9000100c 90001048 90001034 90001020 9000100c 90001048 90001034 90001020 9000100c 90001044 90001030 9000101c 90001008 90001040 9000102c 90001018 90001004 9000103c 90001028 90001014 90001000 
core   0: 0x800001e4 (0x025044d7) vadd.vx v9, v5, x0
core   0: 3 0x800001e4 (0x025044d7) c8_vstart 0x00000000 e32 m1 l32 v9  ffffffff 0x90005000 90005000 90005000 90005000 90005000 90005000 90005000 90005000 90005000 90005000 90005000 90005000 90005000 90005000 90005000 90005000 90005000 90005000 90005000 90005000 90005000 90005000 90005000 90005000 90005000 90005000 90005000 90005000 90005000 90005000 90005000 90005000 
core   0: 0x800001e8 (0x0240006f) j       pc + 0x24
core   0: 3 0x800001e8 (0x0240006f)
core   0: 0x8000020c (0xfe5050e3) bge     x0, x5, pc - 32
core   0: 3 0x8000020c (0xfe5050e3)
core   0: 0x80000210 (0x02718557) vadd.vv v10, v7, v3
core   0: 3 0x80000210 (0x02718557) c8_vstart 0x00000000 e32 m1 l32 v10 ffffffff 0x00000003 00000002 00000001 00000000 00000003 00000002 00000001 00000000 00000003 00000002 00000001 00000000 00000003 00000002 00000001 00000000 00000003 00000002 00000001 00000000 00000003 00000002 00000001 00000000 00000003 00000002 00000001 00000000 00000003 00000002 00000001 00000000 
core   0: 0x80000214 (0x028045d7) vadd.vx v11, v8, x0
core   0: 3 0x80000214 (0x028045d7) c8_vstart 0x00000000 e32 m1 l32 v11 ffffffff 0x90001048 90001034 90001020 9000100c 90001048 90001034 90001020 9000100c 90001048 90001034 90001020 9000100c 90001048 90001034 90001020 9000100c 90001048 90001034 90001020 9000100c 90001044 90001030 9000101c 90001008 90001040 9000102c 90001018 90001004 9000103c 90001028 90001014 90001000 
core   0: 0x80000218 (0x02404657) vadd.vx v12, v4, x0
core   0: 3 0x80000218 (0x02404657) c8_vstart 0x00000000 e32 m1 l32 v12 ffffffff 0x00000003 00000003 00000003 00000003 00000003 00000003 00000003 00000003 00000003 00000003 00000003 00000003 00000003 00000003 00000003 00000003 00000003 00000003 00000003 00000003 00000002 00000002 00000002 00000002 00000001 00000001 00000001 00000001 00000000 00000000 00000000 00000000 
core   0: 0x8000021c (0x5e02c6d7) vmv.v.x v13, x5
core   0: 3 0x8000021c (0x5e02c6d7) c8_vstart 0x00000000 e32 m1 l32 v13 ffffffff 0x00000002 00000002 00000002 00000002 00000002 00000002 00000002 00000002 00000002 00000002 00000002 00000002 00000002 00000002 00000002 00000002 00000002 00000002 00000002 00000002 00000002 00000002 00000002 00000002 00000002 00000002 00000002 00000002 00000002 00000002 00000002 00000002 
core   0: 0x80000220 (0x02904757) vadd.vx v14, v9, x0
core   0: 3 0x80000220 (0x02904757) c8_vstart 0x00000000 e32 m1 l32 v14 ffffffff 0x90005000 90005000 90005000 90005000 90005000 90005000 90005000 90005000 90005000 90005000 90005000 90005000 90005000 90005000 90005000 90005000 90005000 90005000 90005000 90005000 90005000 90005000 90005000 90005000 90005000 90005000 90005000 90005000 90005000 90005000 90005000 90005000 
core   0: 0x80000224 (0x0280006f) j       pc + 0x28
core   0: 3 0x80000224 (0x0280006f)
core   0: 0x8000024c (0x5e0047d7) vmv.v.x v15, x0
core   0: 3 0x8000024c (0x5e0047d7) c8_vstart 0x00000000 e32 m1 l32 v15 ffffffff 0x00000000 00000000 00000000 00000000 00000000 00000000 00000000 00000000 00000000 00000000 00000000 00000000 00000000 00000000 00000000 00000000 00000000 00000000 00000000 00000000 00000000 00000000 00000000 00000000 00000000 00000000 00000000 00000000 00000000 00000000 00000000 00000000 
core   0: 0x80000250 (0x6ea54857) vmslt.vx v16, v10, x10
core   0: 3 0x80000250 (0x6ea54857) c8_vstart 0x00000000 e32 m1 l32 v16 ffffffff 0x00000001 00000001 00000001 00000001 00000001 00000001 00000001 00000001 00000001 00000001 00000001 00000001 00000001 00000001 00000001 00000001 00000001 00000001 00000001 00000001 00000001 00000001 00000001 00000001 00000001 00000001 00000001 00000001 00000001 00000001 00000001 00000001 
core   0: 0x80000254 (0x6ec4c8d7) vmslt.vx v17, v12, x9
core   0: 3 0x80000254 (0x6ec4c8d7) c8_vstart 0x00000000 e32 m1 l32 v17 ffffffff 0x00000001 00000001 00000001 00000001 00000001 00000001 00000001 00000001 00000001 00000001 00000001 00000001 00000001 00000001 00000001 00000001 00000001 00000001 00000001 00000001 00000001 00000001 00000001 00000001 00000001 00000001 00000001 00000001 00000001 00000001 00000001 00000001 
core   0: 0x80000258 (0x27088857) vand.vv v16, v16, v17
core   0: 3 0x80000258 (0x27088857) c8_vstart 0x00000000 e32 m1 l32 v16 ffffffff 0x00000001 00000001 00000001 00000001 00000001 00000001 00000001 00000001 00000001 00000001 00000001 00000001 00000001 00000001 00000001 00000001 00000001 00000001 00000001 00000001 00000001 00000001 00000001 00000001 00000001 00000001 00000001 00000001 00000001 00000001 00000001 00000001 
core   0: 0x8000025c (0x00000317) auipc   x6, 0x0
core   0: 3 0x8000025c (0x00000317) x6  0x8000025c
core   0: 0x80000260 (0xfcc3305b) setrpc  x0, x6, -52
core   0: 3 0x80000260 (0xfcc3305b) c2060_rpc 0x80000228 current mask:	ffffffff current npc:	80000448 stack size: 0
core   0: 0x80000264 (0xfd0782db) vbeq    v16, v15, pc - 60
core   0: 3 0x80000264 (0xfd0782db) c8_vstart 0x00000000 e32 m1 l32 current mask:	ffffffff current npc:	80000268 stack size: 0
core   0: 0x80000268 (0x0005a7fb) vlw12.v v15, v11, 0
core   0: 3 0x80000268 (0x0005a7fb) e32 m1 l32 v15 ffffffff 0x40699bed 408913d7 405f7af7 3ade121e 40699bed 408913d7 405f7af7 3ade121e 40699bed 408913d7 405f7af7 3ade121e 40699bed 408913d7 405f7af7 3ade121e 40699bed 408913d7 405f7af7 3ade121e 3f472b0d 3ec05eed 4062fab6 3ade121e 3ade121e 3ade121e 40395231 3ade121e 3ade121e 3ade121e 3ade121e 3ade121e  c8_vstart 0x00000000 mem 0x90001000 mem 0x90001014 mem 0x90001028 mem 0x9000103c mem 0x90001004 mem 0x90001018 mem 0x9000102c mem 0x90001040 mem 0x90001008 mem 0x9000101c mem 0x90001030 mem 0x90001044 mem 0x9000100c mem 0x90001020 mem 0x90001034 mem 0x90001048 mem 0x9000100c mem 0x90001020 mem 0x90001034 mem 0x90001048 mem 0x9000100c mem 0x90001020 mem 0x90001034 mem 0x90001048 mem 0x9000100c mem 0x90001020 mem 0x90001034 mem 0x90001048 mem 0x9000100c mem 0x90001020 mem 0x90001034 mem 0x90001048
core   0: 0x8000026c (0x0007287b) vlw12.v v16, v14, 0
core   0: 3 0x8000026c (0x0007287b) e32 m1 l32 v16 ffffffff 0xbe0a4af3 be0a4af3 be0a4af3 be0a4af3 be0a4af3 be0a4af3 be0a4af3 be0a4af3 be0a4af3 be0a4af3 be0a4af3 be0a4af3 be0a4af3 be0a4af3 be0a4af3 be0a4af3 be0a4af3 be0a4af3 be0a4af3 be0a4af3 be0a4af3 be0a4af3 be0a4af3 be0a4af3 be0a4af3 be0a4af3 be0a4af3 be0a4af3 be0a4af3 be0a4af3 be0a4af3 be0a4af3  c8_vstart 0x00000000 mem 0x90005000 mem 0x90005000 mem 0x90005000 mem 0x90005000 mem 0x90005000 mem 0x90005000 mem 0x90005000 mem 0x90005000 mem 0x90005000 mem 0x90005000 mem 0x90005000 mem 0x90005000 mem 0x90005000 mem 0x90005000 mem 0x90005000 mem 0x90005000 mem 0x90005000 mem 0x90005000 mem 0x90005000 mem 0x90005000 mem 0x90005000 mem 0x90005000 mem 0x90005000 mem 0x90005000 mem 0x90005000 mem 0x90005000 mem 0x90005000 mem 0x90005000 mem 0x90005000 mem 0x90005000 mem 0x90005000 mem 0x90005000
core   0: 0x80000270 (0xa21817d7) vfmadd.vv v15, v1, v16
core   0: 3 0x80000270 (0xa21817d7) c8_vstart 0x00000000 c1_fflags 0x00000001 e32 m1 l32 v15 ffffffff 0xbf0154e2 bf173c17 bef7b84c bc4c5b8d bf0154e2 bf173c17 bef7b84c bc4c5b8d bf0154e2 bf173c17 bef7b84c bc4c5b8d bf0154e2 bf173c17 bef7b84c bc4c5b8d bf0154e2 bf173c17 bef7b84c bc4c5b8d bdf04284 bd80fef9 befb8013 bc4c5b8d bc4c5b8d bc4c5b8d bece7dff bc4c5b8d bc4c5b8d bc4c5b8d bc4c5b8d bc4c5b8d 
core   0: 0x80000274 (0x02f040d7) vadd.vx v1, v15, x0
core   0: 3 0x80000274 (0x02f040d7) c8_vstart 0x00000000 e32 m1 l32 v1  ffffffff 0xbf0154e2 bf173c17 bef7b84c bc4c5b8d bf0154e2 bf173c17 bef7b84c bc4c5b8d bf0154e2 bf173c17 bef7b84c bc4c5b8d bf0154e2 bf173c17 bef7b84c bc4c5b8d bf0154e2 bf173c17 bef7b84c bc4c5b8d bdf04284 bd80fef9 befb8013 bc4c5b8d bc4c5b8d bc4c5b8d bece7dff bc4c5b8d bc4c5b8d bc4c5b8d bc4c5b8d bc4c5b8d 
core   0: 0x80000278 (0xfb1ff06f) j       pc - 0x50
core   0: 3 0x80000278 (0xfb1ff06f)
core   0: 0x80000228 (0x0000205b) join    v0, v0, pc + 0
core   0: 3 0x80000228 (0x0000205b) current mask:	ffffffff current npc:	80000268 stack size: 0
core   0: 0x8000022c (0x5e0047d7) vmv.v.x v15, x0
core   0: 3 0x8000022c (0x5e0047d7) c8_vstart 0x00000000 e32 m1 l32 v15 ffffffff 0x00000000 00000000 00000000 00000000 00000000 00000000 00000000 00000000 00000000 00000000 00000000 00000000 00000000 00000000 00000000 00000000 00000000 00000000 00000000 00000000 00000000 00000000 00000000 00000000 00000000 00000000 00000000 00000000 00000000 00000000 00000000 00000000 
core   0: 0x80000230 (0x02e23757) vadd.vi v14, v14, 4
core   0: 3 0x80000230 (0x02e23757) c8_vstart 0x00000000 e32 m1 l32 v14 ffffffff 0x90005004 90005004 90005004 90005004 90005004 90005004 90005004 90005004 90005004 90005004 90005004 90005004 90005004 90005004 90005004 90005004 90005004 90005004 90005004 90005004 90005004 90005004 90005004 90005004 90005004 90005004 90005004 90005004 90005004 90005004 90005004 90005004 
core   0: 0x80000234 (0x0016968b) vsub12.vi v13, v13, 1
core   0: 3 0x80000234 (0x0016968b) c8_vstart 0x00000000 e32 m1 l32 v13 ffffffff 0x00000001 00000001 00000001 00000001 00000001 00000001 00000001 00000001 00000001 00000001 00000001 00000001 00000001 00000001 00000001 00000001 00000001 00000001 00000001 00000001 00000001 00000001 00000001 00000001 00000001 00000001 00000001 00000001 00000001 00000001 00000001 00000001 
core   0: 0x80000238 (0x02c0b657) vadd.vi v12, v12, 1
core   0: 3 0x80000238 (0x02c0b657) c8_vstart 0x00000000 e32 m1 l32 v12 ffffffff 0x00000004 00000004 00000004 00000004 00000004 00000004 00000004 00000004 00000004 00000004 00000004 00000004 00000004 00000004 00000004 00000004 00000004 00000004 00000004 00000004 00000003 00000003 00000003 00000003 00000002 00000002 00000002 00000002 00000001 00000001 00000001 00000001 
core   0: 0x8000023c (0x02b235d7) vadd.vi v11, v11, 4
core   0: 3 0x8000023c (0x02b235d7) c8_vstart 0x00000000 e32 m1 l32 v11 ffffffff 0x9000104c 90001038 90001024 90001010 9000104c 90001038 90001024 90001010 9000104c 90001038 90001024 90001010 9000104c 90001038 90001024 90001010 9000104c 90001038 90001024 90001010 90001048 90001034 90001020 9000100c 90001044 90001030 9000101c 90001008 90001040 9000102c 90001018 90001004 
core   0: 0x80000240 (0x00000317) auipc   x6, 0x0
core   0: 3 0x80000240 (0x00000317) x6  0x80000240
core   0: 0x80000244 (0xfac3305b) setrpc  x0, x6, -84
core   0: 3 0x80000244 (0xfac3305b) c2060_rpc 0x800001ec current mask:	ffffffff current npc:	80000268 stack size: 0
core   0: 0x80000248 (0xfad782db) vbeq    v13, v15, pc - 92
core   0: 3 0x80000248 (0xfad782db) c8_vstart 0x00000000 e32 m1 l32 current mask:	ffffffff current npc:	8000024c stack size: 0
core   0: 0x8000024c (0x5e0047d7) vmv.v.x v15, x0
core   0: 3 0x8000024c (0x5e0047d7) c8_vstart 0x00000000 e32 m1 l32 v15 ffffffff 0x00000000 00000000 00000000 00000000 00000000 00000000 00000000 00000000 00000000 00000000 00000000 00000000 00000000 00000000 00000000 00000000 00000000 00000000 00000000 00000000 00000000 00000000 00000000 00000000 00000000 00000000 00000000 00000000 00000000 00000000 00000000 00000000 
core   0: 0x80000250 (0x6ea54857) vmslt.vx v16, v10, x10
core   0: 3 0x80000250 (0x6ea54857) c8_vstart 0x00000000 e32 m1 l32 v16 ffffffff 0x00000001 00000001 00000001 00000001 00000001 00000001 00000001 00000001 00000001 00000001 00000001 00000001 00000001 00000001 00000001 00000001 00000001 00000001 00000001 00000001 00000001 00000001 00000001 00000001 00000001 00000001 00000001 00000001 00000001 00000001 00000001 00000001 
core   0: 0x80000254 (0x6ec4c8d7) vmslt.vx v17, v12, x9
core   0: 3 0x80000254 (0x6ec4c8d7) c8_vstart 0x00000000 e32 m1 l32 v17 ffffffff 0x00000001 00000001 00000001 00000001 00000001 00000001 00000001 00000001 00000001 00000001 00000001 00000001 00000001 00000001 00000001 00000001 00000001 00000001 00000001 00000001 00000001 00000001 00000001 00000001 00000001 00000001 00000001 00000001 00000001 00000001 00000001 00000001 
core   0: 0x80000258 (0x27088857) vand.vv v16, v16, v17
core   0: 3 0x80000258 (0x27088857) c8_vstart 0x00000000 e32 m1 l32 v16 ffffffff 0x00000001 00000001 00000001 00000001 00000001 00000001 00000001 00000001 00000001 00000001 00000001 00000001 00000001 00000001 00000001 00000001 00000001 00000001 00000001 00000001 00000001 00000001 00000001 00000001 00000001 00000001 00000001 00000001 00000001 00000001 00000001 00000001 
core   0: 0x8000025c (0x00000317) auipc   x6, 0x0
core   0: 3 0x8000025c (0x00000317) x6  0x8000025c
core   0: 0x80000260 (0xfcc3305b) setrpc  x0, x6, -52
core   0: 3 0x80000260 (0xfcc3305b) c2060_rpc 0x80000228 current mask:	ffffffff current npc:	8000024c stack size: 0
core   0: 0x80000264 (0xfd0782db) vbeq    v16, v15, pc - 60
core   0: 3 0x80000264 (0xfd0782db) c8_vstart 0x00000000 e32 m1 l32 current mask:	ffffffff current npc:	80000268 stack size: 0
core   0: 0x80000268 (0x0005a7fb) vlw12.v v15, v11, 0
core   0: 3 0x80000268 (0x0005a7fb) e32 m1 l32 v15 ffffffff 0x3ade121e 3f85925a 3f65c680 3ade121e 3ade121e 3f85925a 3f65c680 3ade121e 3ade121e 3f85925a 3f65c680 3ade121e 3ade121e 3f85925a 3f65c680 3ade121e 3ade121e 3f85925a 3f65c680 3ade121e 40699bed 408913d7 405f7af7 3ade121e 3f472b0d 3ec05eed 4062fab6 3ade121e 3ade121e 3ade121e 40395231 3ade121e  c8_vstart 0x00000000 mem 0x90001004 mem 0x90001018 mem 0x9000102c mem 0x90001040 mem 0x90001008 mem 0x9000101c mem 0x90001030 mem 0x90001044 mem 0x9000100c mem 0x90001020 mem 0x90001034 mem 0x90001048 mem 0x90001010 mem 0x90001024 mem 0x90001038 mem 0x9000104c mem 0x90001010 mem 0x90001024 mem 0x90001038 mem 0x9000104c mem 0x90001010 mem 0x90001024 mem 0x90001038 mem 0x9000104c mem 0x90001010 mem 0x90001024 mem 0x90001038 mem 0x9000104c mem 0x90001010 mem 0x90001024 mem 0x90001038 mem 0x9000104c
core   0: 0x8000026c (0x0007287b) vlw12.v v16, v14, 0
core   0: 3 0x8000026c (0x0007287b) e32 m1 l32 v16 ffffffff 0x3f024312 3f024312 3f024312 3f024312 3f024312 3f024312 3f024312 3f024312 3f024312 3f024312 3f024312 3f024312 3f024312 3f024312 3f024312 3f024312 3f024312 3f024312 3f024312 3f024312 3f024312 3f024312 3f024312 3f024312 3f024312 3f024312 3f024312 3f024312 3f024312 3f024312 3f024312 3f024312  c8_vstart 0x00000000 mem 0x90005004 mem 0x90005004 mem 0x90005004 mem 0x90005004 mem 0x90005004 mem 0x90005004 mem 0x90005004 mem 0x90005004 mem 0x90005004 mem 0x90005004 mem 0x90005004 mem 0x90005004 mem 0x90005004 mem 0x90005004 mem 0x90005004 mem 0x90005004 mem 0x90005004 mem 0x90005004 mem 0x90005004 mem 0x90005004 mem 0x90005004 mem 0x90005004 mem 0x90005004 mem 0x90005004 mem 0x90005004 mem 0x90005004 mem 0x90005004 mem 0x90005004 mem 0x90005004 mem 0x90005004 mem 0x90005004 mem 0x90005004
core   0: 0x80000270 (0xa21817d7) vfmadd.vv v15, v1, v16
core   0: 3 0x80000270 (0xa21817d7) c8_vstart 0x00000000 c1_fflags 0x00000001 e32 m1 l32 v15 ffffffff 0xbf011c62 bd74d763 bcde24bd bc3e3ba1 bf011c62 bd74d763 bcde24bd bc3e3ba1 bf011c62 bd74d763 bcde24bd bc3e3ba1 bf011c62 bd74d763 bcde24bd bc3e3ba1 bf011c62 bd74d763 bcde24bd bc3e3ba1 3fdeb89d 40077802 3fa48df8 bc3e3ba1 3ec44d39 3e36ff7d 3fb35e10 bc3e3ba1 bc3e3ba1 bc3e3ba1 3fbaffde bc3e3ba1 
core   0: 0x80000274 (0x02f040d7) vadd.vx v1, v15, x0
core   0: 3 0x80000274 (0x02f040d7) c8_vstart 0x00000000 e32 m1 l32 v1  ffffffff 0xbf011c62 bd74d763 bcde24bd bc3e3ba1 bf011c62 bd74d763 bcde24bd bc3e3ba1 bf011c62 bd74d763 bcde24bd bc3e3ba1 bf011c62 bd74d763 bcde24bd bc3e3ba1 bf011c62 bd74d763 bcde24bd bc3e3ba1 3fdeb89d 40077802 3fa48df8 bc3e3ba1 3ec44d39 3e36ff7d 3fb35e10 bc3e3ba1 bc3e3ba1 bc3e3ba1 3fbaffde bc3e3ba1 
core   0: 0x80000278 (0xfb1ff06f) j       pc - 0x50
core   0: 3 0x80000278 (0xfb1ff06f)
core   0: 0x80000228 (0x0000205b) join    v0, v0, pc + 0
core   0: 3 0x80000228 (0x0000205b) current mask:	ffffffff current npc:	80000268 stack size: 0
core   0: 0x8000022c (0x5e0047d7) vmv.v.x v15, x0
core   0: 3 0x8000022c (0x5e0047d7) c8_vstart 0x00000000 e32 m1 l32 v15 ffffffff 0x00000000 00000000 00000000 00000000 00000000 00000000 00000000 00000000 00000000 00000000 00000000 00000000 00000000 00000000 00000000 00000000 00000000 00000000 00000000 00000000 00000000 00000000 00000000 00000000 00000000 00000000 00000000 00000000 00000000 00000000 00000000 00000000 
core   0: 0x80000230 (0x02e23757) vadd.vi v14, v14, 4
core   0: 3 0x80000230 (0x02e23757) c8_vstart 0x00000000 e32 m1 l32 v14 ffffffff 0x90005008 90005008 90005008 90005008 90005008 90005008 90005008 90005008 90005008 90005008 90005008 90005008 90005008 90005008 90005008 90005008 90005008 90005008 90005008 90005008 90005008 90005008 90005008 90005008 90005008 90005008 90005008 90005008 90005008 90005008 90005008 90005008 
core   0: 0x80000234 (0x0016968b) vsub12.vi v13, v13, 1
core   0: 3 0x80000234 (0x0016968b) c8_vstart 0x00000000 e32 m1 l32 v13 ffffffff 0x00000000 00000000 00000000 00000000 00000000 00000000 00000000 00000000 00000000 00000000 00000000 00000000 00000000 00000000 00000000 00000000 00000000 00000000 00000000 00000000 00000000 00000000 00000000 00000000 00000000 00000000 00000000 00000000 00000000 00000000 00000000 00000000 
core   0: 0x80000238 (0x02c0b657) vadd.vi v12, v12, 1
core   0: 3 0x80000238 (0x02c0b657) c8_vstart 0x00000000 e32 m1 l32 v12 ffffffff 0x00000005 00000005 00000005 00000005 00000005 00000005 00000005 00000005 00000005 00000005 00000005 00000005 00000005 00000005 00000005 00000005 00000005 00000005 00000005 00000005 00000004 00000004 00000004 00000004 00000003 00000003 00000003 00000003 00000002 00000002 00000002 00000002 
core   0: 0x8000023c (0x02b235d7) vadd.vi v11, v11, 4
core   0: 3 0x8000023c (0x02b235d7) c8_vstart 0x00000000 e32 m1 l32 v11 ffffffff 0x90001050 9000103c 90001028 90001014 90001050 9000103c 90001028 90001014 90001050 9000103c 90001028 90001014 90001050 9000103c 90001028 90001014 90001050 9000103c 90001028 90001014 9000104c 90001038 90001024 90001010 90001048 90001034 90001020 9000100c 90001044 90001030 9000101c 90001008 
core   0: 0x80000240 (0x00000317) auipc   x6, 0x0
core   0: 3 0x80000240 (0x00000317) x6  0x80000240
core   0: 0x80000244 (0xfac3305b) setrpc  x0, x6, -84
core   0: 3 0x80000244 (0xfac3305b) c2060_rpc 0x800001ec current mask:	ffffffff current npc:	80000268 stack size: 0
core   0: 0x80000248 (0xfad782db) vbeq    v13, v15, pc - 92
core   0: 3 0x80000248 (0xfad782db) c8_vstart 0x00000000 e32 m1 l32 current mask:	ffffffff current npc:	800001ec stack size: 0
core   0: 0x800001ec (0x0000205b) join    v0, v0, pc + 0
core   0: 3 0x800001ec (0x0000205b) current mask:	ffffffff current npc:	800001ec stack size: 0
core   0: 0x800001f0 (0x0270b3d7) vadd.vi v7, v7, 1
core   0: 3 0x800001f0 (0x0270b3d7) c8_vstart 0x00000000 e32 m1 l32 v7  ffffffff 0x00000001 00000001 00000001 00000001 00000001 00000001 00000001 00000001 00000001 00000001 00000001 00000001 00000001 00000001 00000001 00000001 00000001 00000001 00000001 00000001 00000001 00000001 00000001 00000001 00000001 00000001 00000001 00000001 00000001 00000001 00000001 00000001 
core   0: 0x800001f4 (0x029644d7) vadd.vx v9, v9, x12
core   0: 3 0x800001f4 (0x029644d7) c8_vstart 0x00000000 e32 m1 l32 v9  ffffffff 0x90005008 90005008 90005008 90005008 90005008 90005008 90005008 90005008 90005008 90005008 90005008 90005008 90005008 90005008 90005008 90005008 90005008 90005008 90005008 90005008 90005008 90005008 90005008 90005008 90005008 90005008 90005008 90005008 90005008 90005008 90005008 90005008 
core   0: 0x800001f8 (0x5e03c557) vmv.v.x v10, x7
core   0: 3 0x800001f8 (0x5e03c557) c8_vstart 0x00000000 e32 m1 l32 v10 ffffffff 0x00000002 00000002 00000002 00000002 00000002 00000002 00000002 00000002 00000002 00000002 00000002 00000002 00000002 00000002 00000002 00000002 00000002 00000002 00000002 00000002 00000002 00000002 00000002 00000002 00000002 00000002 00000002 00000002 00000002 00000002 00000002 00000002 
core   0: 0x800001fc (0x02874457) vadd.vx v8, v8, x14
core   0: 3 0x800001fc (0x02874457) c8_vstart 0x00000000 e32 m1 l32 v8  ffffffff 0x9000105c 90001048 90001034 90001020 9000105c 90001048 90001034 90001020 9000105c 90001048 90001034 90001020 9000105c 90001048 90001034 90001020 9000105c 90001048 90001034 90001020 90001058 90001044 90001030 9000101c 90001054 90001040 9000102c 90001018 90001050 9000103c 90001028 90001014 
core   0: 0x80000200 (0x00000317) auipc   x6, 0x0
core   0: 3 0x80000200 (0x00000317) x6  0x80000200
core   0: 0x80000204 (0xfb83305b) setrpc  x0, x6, -72
core   0: 3 0x80000204 (0xfb83305b) c2060_rpc 0x800001b8 current mask:	ffffffff current npc:	800001ec stack size: 0
core   0: 0x80000208 (0xfa7508db) vbeq    v7, v10, pc - 80
core   0: 3 0x80000208 (0xfa7508db) c8_vstart 0x00000000 e32 m1 l32 current mask:	ffffffff current npc:	8000020c stack size: 0
core   0: 0x8000020c (0xfe5050e3) bge     x0, x5, pc - 32
core   0: 3 0x8000020c (0xfe5050e3)
core   0: 0x80000210 (0x02718557) vadd.vv v10, v7, v3
core   0: 3 0x80000210 (0x02718557) c8_vstart 0x00000000 e32 m1 l32 v10 ffffffff 0x00000004 00000003 00000002 00000001 00000004 00000003 00000002 00000001 00000004 00000003 00000002 00000001 00000004 00000003 00000002 00000001 00000004 00000003 00000002 00000001 00000004 00000003 00000002 00000001 00000004 00000003 00000002 00000001 00000004 00000003 00000002 00000001 
core   0: 0x80000214 (0x028045d7) vadd.vx v11, v8, x0
core   0: 3 0x80000214 (0x028045d7) c8_vstart 0x00000000 e32 m1 l32 v11 ffffffff 0x9000105c 90001048 90001034 90001020 9000105c 90001048 90001034 90001020 9000105c 90001048 90001034 90001020 9000105c 90001048 90001034 90001020 9000105c 90001048 90001034 90001020 90001058 90001044 90001030 9000101c 90001054 90001040 9000102c 90001018 90001050 9000103c 90001028 90001014 
core   0: 0x80000218 (0x02404657) vadd.vx v12, v4, x0
core   0: 3 0x80000218 (0x02404657) c8_vstart 0x00000000 e32 m1 l32 v12 ffffffff 0x00000003 00000003 00000003 00000003 00000003 00000003 00000003 00000003 00000003 00000003 00000003 00000003 00000003 00000003 00000003 00000003 00000003 00000003 00000003 00000003 00000002 00000002 00000002 00000002 00000001 00000001 00000001 00000001 00000000 00000000 00000000 00000000 
core   0: 0x8000021c (0x5e02c6d7) vmv.v.x v13, x5
core   0: 3 0x8000021c (0x5e02c6d7) c8_vstart 0x00000000 e32 m1 l32 v13 ffffffff 0x00000002 00000002 00000002 00000002 00000002 00000002 00000002 00000002 00000002 00000002 00000002 00000002 00000002 00000002 00000002 00000002 00000002 00000002 00000002 00000002 00000002 00000002 00000002 00000002 00000002 00000002 00000002 00000002 00000002 00000002 00000002 00000002 
core   0: 0x80000220 (0x02904757) vadd.vx v14, v9, x0
core   0: 3 0x80000220 (0x02904757) c8_vstart 0x00000000 e32 m1 l32 v14 ffffffff 0x90005008 90005008 90005008 90005008 90005008 90005008 90005008 90005008 90005008 90005008 90005008 90005008 90005008 90005008 90005008 90005008 90005008 90005008 90005008 90005008 90005008 90005008 90005008 90005008 90005008 90005008 90005008 90005008 90005008 90005008 90005008 90005008 
core   0: 0x80000224 (0x0280006f) j       pc + 0x28
core   0: 3 0x80000224 (0x0280006f)
core   0: 0x8000024c (0x5e0047d7) vmv.v.x v15, x0
core   0: 3 0x8000024c (0x5e0047d7) c8_vstart 0x00000000 e32 m1 l32 v15 ffffffff 0x00000000 00000000 00000000 00000000 00000000 00000000 00000000 00000000 00000000 00000000 00000000 00000000 00000000 00000000 00000000 00000000 00000000 00000000 00000000 00000000 00000000 00000000 00000000 00000000 00000000 00000000 00000000 00000000 00000000 00000000 00000000 00000000 
core   0: 0x80000250 (0x6ea54857) vmslt.vx v16, v10, x10
core   0: 3 0x80000250 (0x6ea54857) c8_vstart 0x00000000 e32 m1 l32 v16 ffffffff 0x00000001 00000001 00000001 00000001 00000001 00000001 00000001 00000001 00000001 00000001 00000001 00000001 00000001 00000001 00000001 00000001 00000001 00000001 00000001 00000001 00000001 00000001 00000001 00000001 00000001 00000001 00000001 00000001 00000001 00000001 00000001 00000001 
core   0: 0x80000254 (0x6ec4c8d7) vmslt.vx v17, v12, x9
core   0: 3 0x80000254 (0x6ec4c8d7) c8_vstart 0x00000000 e32 m1 l32 v17 ffffffff 0x00000001 00000001 00000001 00000001 00000001 00000001 00000001 00000001 00000001 00000001 00000001 00000001 00000001 00000001 00000001 00000001 00000001 00000001 00000001 00000001 00000001 00000001 00000001 00000001 00000001 00000001 00000001 00000001 00000001 00000001 00000001 00000001 
core   0: 0x80000258 (0x27088857) vand.vv v16, v16, v17
core   0: 3 0x80000258 (0x27088857) c8_vstart 0x00000000 e32 m1 l32 v16 ffffffff 0x00000001 00000001 00000001 00000001 00000001 00000001 00000001 00000001 00000001 00000001 00000001 00000001 00000001 00000001 00000001 00000001 00000001 00000001 00000001 00000001 00000001 00000001 00000001 00000001 00000001 00000001 00000001 00000001 00000001 00000001 00000001 00000001 
core   0: 0x8000025c (0x00000317) auipc   x6, 0x0
core   0: 3 0x8000025c (0x00000317) x6  0x8000025c
core   0: 0x80000260 (0xfcc3305b) setrpc  x0, x6, -52
core   0: 3 0x80000260 (0xfcc3305b) c2060_rpc 0x80000228 current mask:	ffffffff current npc:	8000020c stack size: 0
core   0: 0x80000264 (0xfd0782db) vbeq    v16, v15, pc - 60
core   0: 3 0x80000264 (0xfd0782db) c8_vstart 0x00000000 e32 m1 l32 current mask:	ffffffff current npc:	80000268 stack size: 0
core   0: 0x80000268 (0x0005a7fb) vlw12.v v15, v11, 0
core   0: 3 0x80000268 (0x0005a7fb) e32 m1 l32 v15 ffffffff 0x3f082330 40699bed 408913d7 405f7af7 3f082330 40699bed 408913d7 405f7af7 3f082330 40699bed 408913d7 405f7af7 3f082330 40699bed 408913d7 405f7af7 3f082330 40699bed 408913d7 405f7af7 409ad597 3f472b0d 3ec05eed 4062fab6 3ade121e 3ade121e 3ade121e 40395231 3ade121e 3ade121e 3ade121e 3ade121e  c8_vstart 0x00000000 mem 0x90001014 mem 0x90001028 mem 0x9000103c mem 0x90001050 mem 0x90001018 mem 0x9000102c mem 0x90001040 mem 0x90001054 mem 0x9000101c mem 0x90001030 mem 0x90001044 mem 0x90001058 mem 0x90001020 mem 0x90001034 mem 0x90001048 mem 0x9000105c mem 0x90001020 mem 0x90001034 mem 0x90001048 mem 0x9000105c mem 0x90001020 mem 0x90001034 mem 0x90001048 mem 0x9000105c mem 0x90001020 mem 0x90001034 mem 0x90001048 mem 0x9000105c mem 0x90001020 mem 0x90001034 mem 0x90001048 mem 0x9000105c
core   0: 0x8000026c (0x0007287b) vlw12.v v16, v14, 0
core   0: 3 0x8000026c (0x0007287b) e32 m1 l32 v16 ffffffff 0x3e958fd8 3e958fd8 3e958fd8 3e958fd8 3e958fd8 3e958fd8 3e958fd8 3e958fd8 3e958fd8 3e958fd8 3e958fd8 3e958fd8 3e958fd8 3e958fd8 3e958fd8 3e958fd8 3e958fd8 3e958fd8 3e958fd8 3e958fd8 3e958fd8 3e958fd8 3e958fd8 3e958fd8 3e958fd8 3e958fd8 3e958fd8 3e958fd8 3e958fd8 3e958fd8 3e958fd8 3e958fd8  c8_vstart 0x00000000 mem 0x90005008 mem 0x90005008 mem 0x90005008 mem 0x90005008 mem 0x90005008 mem 0x90005008 mem 0x90005008 mem 0x90005008 mem 0x90005008 mem 0x90005008 mem 0x90005008 mem 0x90005008 mem 0x90005008 mem 0x90005008 mem 0x90005008 mem 0x90005008 mem 0x90005008 mem 0x90005008 mem 0x90005008 mem 0x90005008 mem 0x90005008 mem 0x90005008 mem 0x90005008 mem 0x90005008 mem 0x90005008 mem 0x90005008 mem 0x90005008 mem 0x90005008 mem 0x90005008 mem 0x90005008 mem 0x90005008 mem 0x90005008
core   0: 0x80000270 (0xa21817d7) vfmadd.vv v15, v1, v16
core   0: 3 0x80000270 (0xa21817d7) c8_vstart 0x00000000 c1_fflags 0x00000001 e32 m1 l32 v15 ffffffff 0xbeb2afcb 3f80d449 3f9cb291 3f8113ad beb2afcb 3f80d449 3f9cb291 3f8113ad beb2afcb 3f80d449 3f9cb291 3f8113ad beb2afcb 3f80d449 3f9cb291 3f8113ad beb2afcb 3f80d449 3f9cb291 3f8113ad 4049d19f 40160381 3fb29a63 3f831efe 3ec48e18 3e37813a 3fb36e48 3f559101 bc361fcc bc361fcc 3fbb1016 bc361fcc 
core   0: 0x80000274 (0x02f040d7) vadd.vx v1, v15, x0
core   0: 3 0x80000274 (0x02f040d7) c8_vstart 0x00000000 e32 m1 l32 v1  ffffffff 0xbeb2afcb 3f80d449 3f9cb291 3f8113ad beb2afcb 3f80d449 3f9cb291 3f8113ad beb2afcb 3f80d449 3f9cb291 3f8113ad beb2afcb 3f80d449 3f9cb291 3f8113ad beb2afcb 3f80d449 3f9cb291 3f8113ad 4049d19f 40160381 3fb29a63 3f831efe 3ec48e18 3e37813a 3fb36e48 3f559101 bc361fcc bc361fcc 3fbb1016 bc361fcc 
core   0: 0x80000278 (0xfb1ff06f) j       pc - 0x50
core   0: 3 0x80000278 (0xfb1ff06f)
core   0: 0x80000228 (0x0000205b) join    v0, v0, pc + 0
core   0: 3 0x80000228 (0x0000205b) current mask:	ffffffff current npc:	80000268 stack size: 0
core   0: 0x8000022c (0x5e0047d7) vmv.v.x v15, x0
core   0: 3 0x8000022c (0x5e0047d7) c8_vstart 0x00000000 e32 m1 l32 v15 ffffffff 0x00000000 00000000 00000000 00000000 00000000 00000000 00000000 00000000 00000000 00000000 00000000 00000000 00000000 00000000 00000000 00000000 00000000 00000000 00000000 00000000 00000000 00000000 00000000 00000000 00000000 00000000 00000000 00000000 00000000 00000000 00000000 00000000 
core   0: 0x80000230 (0x02e23757) vadd.vi v14, v14, 4
core   0: 3 0x80000230 (0x02e23757) c8_vstart 0x00000000 e32 m1 l32 v14 ffffffff 0x9000500c 9000500c 9000500c 9000500c 9000500c 9000500c 9000500c 9000500c 9000500c 9000500c 9000500c 9000500c 9000500c 9000500c 9000500c 9000500c 9000500c 9000500c 9000500c 9000500c 9000500c 9000500c 9000500c 9000500c 9000500c 9000500c 9000500c 9000500c 9000500c 9000500c 9000500c 9000500c 
core   0: 0x80000234 (0x0016968b) vsub12.vi v13, v13, 1
core   0: 3 0x80000234 (0x0016968b) c8_vstart 0x00000000 e32 m1 l32 v13 ffffffff 0x00000001 00000001 00000001 00000001 00000001 00000001 00000001 00000001 00000001 00000001 00000001 00000001 00000001 00000001 00000001 00000001 00000001 00000001 00000001 00000001 00000001 00000001 00000001 00000001 00000001 00000001 00000001 00000001 00000001 00000001 00000001 00000001 
core   0: 0x80000238 (0x02c0b657) vadd.vi v12, v12, 1
core   0: 3 0x80000238 (0x02c0b657) c8_vstart 0x00000000 e32 m1 l32 v12 ffffffff 0x00000004 00000004 00000004 00000004 00000004 00000004 00000004 00000004 00000004 00000004 00000004 00000004 00000004 00000004 00000004 00000004 00000004 00000004 00000004 00000004 00000003 00000003 00000003 00000003 00000002 00000002 00000002 00000002 00000001 00000001 00000001 00000001 
core   0: 0x8000023c (0x02b235d7) vadd.vi v11, v11, 4
core   0: 3 0x8000023c (0x02b235d7) c8_vstart 0x00000000 e32 m1 l32 v11 ffffffff 0x90001060 9000104c 90001038 90001024 90001060 9000104c 90001038 90001024 90001060 9000104c 90001038 90001024 90001060 9000104c 90001038 90001024 90001060 9000104c 90001038 90001024 9000105c 90001048 90001034 90001020 90001058 90001044 90001030 9000101c 90001054 90001040 9000102c 90001018 
core   0: 0x80000240 (0x00000317) auipc   x6, 0x0
core   0: 3 0x80000240 (0x00000317) x6  0x80000240
core   0: 0x80000244 (0xfac3305b) setrpc  x0, x6, -84
core   0: 3 0x80000244 (0xfac3305b) c2060_rpc 0x800001ec current mask:	ffffffff current npc:	80000268 stack size: 0
core   0: 0x80000248 (0xfad782db) vbeq    v13, v15, pc - 92
core   0: 3 0x80000248 (0xfad782db) c8_vstart 0x00000000 e32 m1 l32 current mask:	ffffffff current npc:	8000024c stack size: 0
core   0: 0x8000024c (0x5e0047d7) vmv.v.x v15, x0
core   0: 3 0x8000024c (0x5e0047d7) c8_vstart 0x00000000 e32 m1 l32 v15 ffffffff 0x00000000 00000000 00000000 00000000 00000000 00000000 00000000 00000000 00000000 00000000 00000000 00000000 00000000 00000000 00000000 00000000 00000000 00000000 00000000 00000000 00000000 00000000 00000000 00000000 00000000 00000000 00000000 00000000 00000000 00000000 00000000 00000000 
core   0: 0x80000250 (0x6ea54857) vmslt.vx v16, v10, x10
core   0: 3 0x80000250 (0x6ea54857) c8_vstart 0x00000000 e32 m1 l32 v16 ffffffff 0x00000001 00000001 00000001 00000001 00000001 00000001 00000001 00000001 00000001 00000001 00000001 00000001 00000001 00000001 00000001 00000001 00000001 00000001 00000001 00000001 00000001 00000001 00000001 00000001 00000001 00000001 00000001 00000001 00000001 00000001 00000001 00000001 
core   0: 0x80000254 (0x6ec4c8d7) vmslt.vx v17, v12, x9
core   0: 3 0x80000254 (0x6ec4c8d7) c8_vstart 0x00000000 e32 m1 l32 v17 ffffffff 0x00000001 00000001 00000001 00000001 00000001 00000001 00000001 00000001 00000001 00000001 00000001 00000001 00000001 00000001 00000001 00000001 00000001 00000001 00000001 00000001 00000001 00000001 00000001 00000001 00000001 00000001 00000001 00000001 00000001 00000001 00000001 00000001 
core   0: 0x80000258 (0x27088857) vand.vv v16, v16, v17
core   0: 3 0x80000258 (0x27088857) c8_vstart 0x00000000 e32 m1 l32 v16 ffffffff 0x00000001 00000001 00000001 00000001 00000001 00000001 00000001 00000001 00000001 00000001 00000001 00000001 00000001 00000001 00000001 00000001 00000001 00000001 00000001 00000001 00000001 00000001 00000001 00000001 00000001 00000001 00000001 00000001 00000001 00000001 00000001 00000001 
core   0: 0x8000025c (0x00000317) auipc   x6, 0x0
core   0: 3 0x8000025c (0x00000317) x6  0x8000025c
core   0: 0x80000260 (0xfcc3305b) setrpc  x0, x6, -52
core   0: 3 0x80000260 (0xfcc3305b) c2060_rpc 0x80000228 current mask:	ffffffff current npc:	8000024c stack size: 0
core   0: 0x80000264 (0xfd0782db) vbeq    v16, v15, pc - 60
core   0: 3 0x80000264 (0xfd0782db) c8_vstart 0x00000000 e32 m1 l32 current mask:	ffffffff current npc:	80000268 stack size: 0
core   0: 0x80000268 (0x0005a7fb) vlw12.v v15, v11, 0
core   0: 3 0x80000268 (0x0005a7fb) e32 m1 l32 v15 ffffffff 0x3ade121e 3ade121e 3f85925a 3f65c680 3ade121e 3ade121e 3f85925a 3f65c680 3ade121e 3ade121e 3f85925a 3f65c680 3ade121e 3ade121e 3f85925a 3f65c680 3ade121e 3ade121e 3f85925a 3f65c680 3f082330 40699bed 408913d7 405f7af7 409ad597 3f472b0d 3ec05eed 4062fab6 3ade121e 3ade121e 3ade121e 40395231  c8_vstart 0x00000000 mem 0x90001018 mem 0x9000102c mem 0x90001040 mem 0x90001054 mem 0x9000101c mem 0x90001030 mem 0x90001044 mem 0x90001058 mem 0x90001020 mem 0x90001034 mem 0x90001048 mem 0x9000105c mem 0x90001024 mem 0x90001038 mem 0x9000104c mem 0x90001060 mem 0x90001024 mem 0x90001038 mem 0x9000104c mem 0x90001060 mem 0x90001024 mem 0x90001038 mem 0x9000104c mem 0x90001060 mem 0x90001024 mem 0x90001038 mem 0x9000104c mem 0x90001060 mem 0x90001024 mem 0x90001038 mem 0x9000104c mem 0x90001060
core   0: 0x8000026c (0x0007287b) vlw12.v v16, v14, 0
core   0: 3 0x8000026c (0x0007287b) e32 m1 l32 v16 ffffffff 0x4002ae52 4002ae52 4002ae52 4002ae52 4002ae52 4002ae52 4002ae52 4002ae52 4002ae52 4002ae52 4002ae52 4002ae52 4002ae52 4002ae52 4002ae52 4002ae52 4002ae52 4002ae52 4002ae52 4002ae52 4002ae52 4002ae52 4002ae52 4002ae52 4002ae52 4002ae52 4002ae52 4002ae52 4002ae52 4002ae52 4002ae52 4002ae52  c8_vstart 0x00000000 mem 0x9000500c mem 0x9000500c mem 0x9000500c mem 0x9000500c mem 0x9000500c mem 0x9000500c mem 0x9000500c mem 0x9000500c mem 0x9000500c mem 0x9000500c mem 0x9000500c mem 0x9000500c mem 0x9000500c mem 0x9000500c mem 0x9000500c mem 0x9000500c mem 0x9000500c mem 0x9000500c mem 0x9000500c mem 0x9000500c mem 0x9000500c mem 0x9000500c mem 0x9000500c mem 0x9000500c mem 0x9000500c mem 0x9000500c mem 0x9000500c mem 0x9000500c mem 0x9000500c mem 0x9000500c mem 0x9000500c mem 0x9000500c
core   0: 0x80000270 (0xa21817d7) vfmadd.vv v15, v1, v16
core   0: 3 0x80000270 (0xa21817d7) c8_vstart 0x00000000 c1_fflags 0x00000001 e32 m1 l32 v15 ffffffff 0xbeb0ea59 3f8145a5 4056b7d4 4035d51a beb0ea59 3f8145a5 4056b7d4 4035d51a beb0ea59 3f8145a5 4056b7d4 4035d51a beb0ea59 3f8145a5 4056b7d4 4035d51a beb0ea59 3f8145a5 4056b7d4 4035d51a 4087a818 411cc121 41224622 4102787e 4124383c 3fe2471f 400ad0bd 410136f0 bbfae32d bbfae32d 3fbb8172 40bcd8cc 
core   0: 0x80000274 (0x02f040d7) vadd.vx v1, v15, x0
core   0: 3 0x80000274 (0x02f040d7) c8_vstart 0x00000000 e32 m1 l32 v1  ffffffff 0xbeb0ea59 3f8145a5 4056b7d4 4035d51a beb0ea59 3f8145a5 4056b7d4 4035d51a beb0ea59 3f8145a5 4056b7d4 4035d51a beb0ea59 3f8145a5 4056b7d4 4035d51a beb0ea59 3f8145a5 4056b7d4 4035d51a 4087a818 411cc121 41224622 4102787e 4124383c 3fe2471f 400ad0bd 410136f0 bbfae32d bbfae32d 3fbb8172 40bcd8cc 
core   0: 0x80000278 (0xfb1ff06f) j       pc - 0x50
core   0: 3 0x80000278 (0xfb1ff06f)
core   0: 0x80000228 (0x0000205b) join    v0, v0, pc + 0
core   0: 3 0x80000228 (0x0000205b) current mask:	ffffffff current npc:	80000268 stack size: 0
core   0: 0x8000022c (0x5e0047d7) vmv.v.x v15, x0
core   0: 3 0x8000022c (0x5e0047d7) c8_vstart 0x00000000 e32 m1 l32 v15 ffffffff 0x00000000 00000000 00000000 00000000 00000000 00000000 00000000 00000000 00000000 00000000 00000000 00000000 00000000 00000000 00000000 00000000 00000000 00000000 00000000 00000000 00000000 00000000 00000000 00000000 00000000 00000000 00000000 00000000 00000000 00000000 00000000 00000000 
core   0: 0x80000230 (0x02e23757) vadd.vi v14, v14, 4
core   0: 3 0x80000230 (0x02e23757) c8_vstart 0x00000000 e32 m1 l32 v14 ffffffff 0x90005010 90005010 90005010 90005010 90005010 90005010 90005010 90005010 90005010 90005010 90005010 90005010 90005010 90005010 90005010 90005010 90005010 90005010 90005010 90005010 90005010 90005010 90005010 90005010 90005010 90005010 90005010 90005010 90005010 90005010 90005010 90005010 
core   0: 0x80000234 (0x0016968b) vsub12.vi v13, v13, 1
core   0: 3 0x80000234 (0x0016968b) c8_vstart 0x00000000 e32 m1 l32 v13 ffffffff 0x00000000 00000000 00000000 00000000 00000000 00000000 00000000 00000000 00000000 00000000 00000000 00000000 00000000 00000000 00000000 00000000 00000000 00000000 00000000 00000000 00000000 00000000 00000000 00000000 00000000 00000000 00000000 00000000 00000000 00000000 00000000 00000000 
core   0: 0x80000238 (0x02c0b657) vadd.vi v12, v12, 1
core   0: 3 0x80000238 (0x02c0b657) c8_vstart 0x00000000 e32 m1 l32 v12 ffffffff 0x00000005 00000005 00000005 00000005 00000005 00000005 00000005 00000005 00000005 00000005 00000005 00000005 00000005 00000005 00000005 00000005 00000005 00000005 00000005 00000005 00000004 00000004 00000004 00000004 00000003 00000003 00000003 00000003 00000002 00000002 00000002 00000002 
core   0: 0x8000023c (0x02b235d7) vadd.vi v11, v11, 4
core   0: 3 0x8000023c (0x02b235d7) c8_vstart 0x00000000 e32 m1 l32 v11 ffffffff 0x90001064 90001050 9000103c 90001028 90001064 90001050 9000103c 90001028 90001064 90001050 9000103c 90001028 90001064 90001050 9000103c 90001028 90001064 90001050 9000103c 90001028 90001060 9000104c 90001038 90001024 9000105c 90001048 90001034 90001020 90001058 90001044 90001030 9000101c 
core   0: 0x80000240 (0x00000317) auipc   x6, 0x0
core   0: 3 0x80000240 (0x00000317) x6  0x80000240
core   0: 0x80000244 (0xfac3305b) setrpc  x0, x6, -84
core   0: 3 0x80000244 (0xfac3305b) c2060_rpc 0x800001ec current mask:	ffffffff current npc:	80000268 stack size: 0
core   0: 0x80000248 (0xfad782db) vbeq    v13, v15, pc - 92
core   0: 3 0x80000248 (0xfad782db) c8_vstart 0x00000000 e32 m1 l32 current mask:	ffffffff current npc:	800001ec stack size: 0
core   0: 0x800001ec (0x0000205b) join    v0, v0, pc + 0
core   0: 3 0x800001ec (0x0000205b) current mask:	ffffffff current npc:	800001ec stack size: 0
core   0: 0x800001f0 (0x0270b3d7) vadd.vi v7, v7, 1
core   0: 3 0x800001f0 (0x0270b3d7) c8_vstart 0x00000000 e32 m1 l32 v7  ffffffff 0x00000002 00000002 00000002 00000002 00000002 00000002 00000002 00000002 00000002 00000002 00000002 00000002 00000002 00000002 00000002 00000002 00000002 00000002 00000002 00000002 00000002 00000002 00000002 00000002 00000002 00000002 00000002 00000002 00000002 00000002 00000002 00000002 
core   0: 0x800001f4 (0x029644d7) vadd.vx v9, v9, x12
core   0: 3 0x800001f4 (0x029644d7) c8_vstart 0x00000000 e32 m1 l32 v9  ffffffff 0x90005010 90005010 90005010 90005010 90005010 90005010 90005010 90005010 90005010 90005010 90005010 90005010 90005010 90005010 90005010 90005010 90005010 90005010 90005010 90005010 90005010 90005010 90005010 90005010 90005010 90005010 90005010 90005010 90005010 90005010 90005010 90005010 
core   0: 0x800001f8 (0x5e03c557) vmv.v.x v10, x7
core   0: 3 0x800001f8 (0x5e03c557) c8_vstart 0x00000000 e32 m1 l32 v10 ffffffff 0x00000002 00000002 00000002 00000002 00000002 00000002 00000002 00000002 00000002 00000002 00000002 00000002 00000002 00000002 00000002 00000002 00000002 00000002 00000002 00000002 00000002 00000002 00000002 00000002 00000002 00000002 00000002 00000002 00000002 00000002 00000002 00000002 
core   0: 0x800001fc (0x02874457) vadd.vx v8, v8, x14
core   0: 3 0x800001fc (0x02874457) c8_vstart 0x00000000 e32 m1 l32 v8  ffffffff 0x90001070 9000105c 90001048 90001034 90001070 9000105c 90001048 90001034 90001070 9000105c 90001048 90001034 90001070 9000105c 90001048 90001034 90001070 9000105c 90001048 90001034 9000106c 90001058 90001044 90001030 90001068 90001054 90001040 9000102c 90001064 90001050 9000103c 90001028 
core   0: 0x80000200 (0x00000317) auipc   x6, 0x0
core   0: 3 0x80000200 (0x00000317) x6  0x80000200
core   0: 0x80000204 (0xfb83305b) setrpc  x0, x6, -72
core   0: 3 0x80000204 (0xfb83305b) c2060_rpc 0x800001b8 current mask:	ffffffff current npc:	800001ec stack size: 0
core   0: 0x80000208 (0xfa7508db) vbeq    v7, v10, pc - 80
core   0: 3 0x80000208 (0xfa7508db) c8_vstart 0x00000000 e32 m1 l32 current mask:	ffffffff current npc:	800001b8 stack size: 0
core   0: 0x800001b8 (0x0000205b) join    v0, v0, pc + 0
core   0: 3 0x800001b8 (0x0000205b) current mask:	ffffffff current npc:	800001b8 stack size: 0
core   0: 0x800001bc (0x0220b157) vadd.vi v2, v2, 1
core   0: 3 0x800001bc (0x0220b157) c8_vstart 0x00000000 e32 m1 l32 v2  ffffffff 0x00000001 00000001 00000001 00000001 00000001 00000001 00000001 00000001 00000001 00000001 00000001 00000001 00000001 00000001 00000001 00000001 00000001 00000001 00000001 00000001 00000001 00000001 00000001 00000001 00000001 00000001 00000001 00000001 00000001 00000001 00000001 00000001 
core   0: 0x800001c0 (0x0255c2d7) vadd.vx v5, v5, x11
core   0: 3 0x800001c0 (0x0255c2d7) c8_vstart 0x00000000 e32 m1 l32 v5  ffffffff 0x90005010 90005010 90005010 90005010 90005010 90005010 90005010 90005010 90005010 90005010 90005010 90005010 90005010 90005010 90005010 90005010 90005010 90005010 90005010 90005010 90005010 90005010 90005010 90005010 90005010 90005010 90005010 90005010 90005010 90005010 90005010 90005010 
core   0: 0x800001c4 (0x5e0843d7) vmv.v.x v7, x16
core   0: 3 0x800001c4 (0x5e0843d7) c8_vstart 0x00000000 e32 m1 l32 v7  ffffffff 0x00000001 00000001 00000001 00000001 00000001 00000001 00000001 00000001 00000001 00000001 00000001 00000001 00000001 00000001 00000001 00000001 00000001 00000001 00000001 00000001 00000001 00000001 00000001 00000001 00000001 00000001 00000001 00000001 00000001 00000001 00000001 00000001 
core   0: 0x800001c8 (0x0266c357) vadd.vx v6, v6, x13
core   0: 3 0x800001c8 (0x0266c357) c8_vstart 0x00000000 e32 m1 l32 v6  ffffffff 0x900010ac 90001098 90001084 90001070 900010ac 90001098 90001084 90001070 900010ac 90001098 90001084 90001070 900010ac 90001098 90001084 90001070 900010ac 90001098 90001084 90001070 900010a8 90001094 90001080 9000106c 900010a4 90001090 9000107c 90001068 900010a0 9000108c 90001078 90001064 
core   0: 0x800001cc (0x00000317) auipc   x6, 0x0
core   0: 3 0x800001cc (0x00000317) x6  0x800001cc
core   0: 0x800001d0 (0x0b43305b) setrpc  x0, x6, 180
core   0: 3 0x800001d0 (0x0b43305b) c2060_rpc 0x80000280 current mask:	ffffffff current npc:	800001b8 stack size: 0
core   0: 0x800001d4 (0x0a23865b) vbeq    v2, v7, pc + 172
core   0: 3 0x800001d4 (0x0a23865b) c8_vstart 0x00000000 e32 m1 l32 current mask:	ffffffff current npc:	80000280 stack size: 0
core   0: 0x80000280 (0x0000205b) join    v0, v0, pc + 0
core   0: 3 0x80000280 (0x0000205b) current mask:	ffffffff current npc:	80000280 stack size: 0
core   0: 0x80000284 (0x5e0041d7) vmv.v.x v3, x0
core   0: 3 0x80000284 (0x5e0041d7) c8_vstart 0x00000000 e32 m1 l32 v3  ffffffff 0x00000000 00000000 00000000 00000000 00000000 00000000 00000000 00000000 00000000 00000000 00000000 00000000 00000000 00000000 00000000 00000000 00000000 00000000 00000000 00000000 00000000 00000000 00000000 00000000 00000000 00000000 00000000 00000000 00000000 00000000 00000000 00000000 
core   0: 0x80000288 (0x0287a383) lw      x7, 40(x15)
core   0: 3 0x80000288 (0x0287a383) x7  0x00000004 mem 0x90007028
core   0: 0x8000028c (0x0247a483) lw      x9, 36(x15)
core   0: 3 0x8000028c (0x0247a483) x9  0x00000004 mem 0x90007024
core   0: 0x80000290 (0x800032b7) lui     x5, 0x80003
core   0: 3 0x80000290 (0x800032b7) x5  0x80003000
core   0: 0x80000294 (0x0082a303) lw      x6, 8(x5)
core   0: 3 0x80000294 (0x0082a303) x6  0x00000000 mem 0x80003008
core   0: 0x80000298 (0x00c7a283) lw      x5, 12(x15)
core   0: 3 0x80000298 (0x00c7a283) x5  0x90004000 mem 0x9000700c
core   0: 0x8000029c (0xffc12503) lw      x10, -4(x2)
core   0: 3 0x8000029c (0xffc12503) x10 0x00000001 mem 0x70000010
core   0: 0x800002a0 (0x00a03533) snez    x10, x10
core   0: 3 0x800002a0 (0x00a03533) x10 0x00000001
core   0: 0x800002a4 (0x5e034157) vmv.v.x v2, x6
core   0: 3 0x800002a4 (0x5e034157) c8_vstart 0x00000000 e32 m1 l32 v2  ffffffff 0x00000000 00000000 00000000 00000000 00000000 00000000 00000000 00000000 00000000 00000000 00000000 00000000 00000000 00000000 00000000 00000000 00000000 00000000 00000000 00000000 00000000 00000000 00000000 00000000 00000000 00000000 00000000 00000000 00000000 00000000 00000000 00000000 
core   0: 0x800002a8 (0x6e111257) vmflt.vv v4, v1, v2
core   0: 3 0x800002a8 (0x6e111257) c8_vstart 0x00000000 e32 m1 l32 v4  ffffffff 0x00000001 00000000 00000000 00000000 00000001 00000000 00000000 00000000 00000001 00000000 00000000 00000000 00000001 00000000 00000000 00000000 00000001 00000000 00000000 00000000 00000000 00000000 00000000 00000000 00000000 00000000 00000000 00000000 00000001 00000001 00000000 00000000 
core   0: 0x800002ac (0x5e0542d7) vmv.v.x v5, x10
core   0: 3 0x800002ac (0x5e0542d7) c8_vstart 0x00000000 e32 m1 l32 v5  ffffffff 0x00000001 00000001 00000001 00000001 00000001 00000001 00000001 00000001 00000001 00000001 00000001 00000001 00000001 00000001 00000001 00000001 00000001 00000001 00000001 00000001 00000001 00000001 00000001 00000001 00000001 00000001 00000001 00000001 00000001 00000001 00000001 00000001 
core   0: 0x800002b0 (0x26520257) vand.vv v4, v5, v4
core   0: 3 0x800002b0 (0x26520257) c8_vstart 0x00000000 e32 m1 l32 v4  ffffffff 0x00000001 00000000 00000000 00000000 00000001 00000000 00000000 00000000 00000001 00000000 00000000 00000000 00000001 00000000 00000000 00000000 00000001 00000000 00000000 00000000 00000000 00000000 00000000 00000000 00000000 00000000 00000000 00000000 00000001 00000001 00000000 00000000 
core   0: 0x800002b4 (0x00000317) auipc   x6, 0x0
core   0: 3 0x800002b4 (0x00000317) x6  0x800002b4
core   0: 0x800002b8 (0x0103305b) setrpc  x0, x6, 16
core   0: 3 0x800002b8 (0x0103305b) c2060_rpc 0x800002c4 current mask:	ffffffff current npc:	80000280 stack size: 0
core   0: 0x800002bc (0x0041945b) vbne    v4, v3, pc + 8
core   0: 3 0x800002bc (0x0041945b) c8_vstart 0x00000000 e32 m1 l32 current mask:	8888800c current npc:	800002c4 stack size: 2
[r_pc] 800002c4 [else_pc] 800002c0 [else_mask] 77777ff3 
[r_pc] 800002c4 [else_pc] 800002c4 [else_mask] ffffffff 
core   0: 0x800002c4 (0x0000205b) join    v0, v0, pc + 0
core   0: 3 0x800002c4 (0x0000205b) current mask:	77777ff3 current npc:	800002c0 stack size: 1
[r_pc] 800002c4 [else_pc] 800002c4 [else_mask] ffffffff 
core   0: 0x800002c0 (0x02104157) vadd.vx v2, v1, x0
core   0: 3 0x800002c0 (0x02104157) c8_vstart 0x00000000 e32 m1 l32 v2  77777ff3 0x00000000 3f8145a5 4056b7d4 4035d51a 00000000 3f8145a5 4056b7d4 4035d51a 00000000 3f8145a5 4056b7d4 4035d51a 00000000 3f8145a5 4056b7d4 4035d51a 00000000 3f8145a5 4056b7d4 4035d51a 4087a818 411cc121 41224622 4102787e 4124383c 3fe2471f 400ad0bd 410136f0 00000000 00000000 3fbb8172 40bcd8cc 
core   0: 0x800002c4 (0x0000205b) join    v0, v0, pc + 0
core   0: 3 0x800002c4 (0x0000205b) current mask:	ffffffff current npc:	800002c4 stack size: 0
core   0: 3 0x800002c4 (0x0000205b) current mask:	ffffffff current npc:	800002c4 stack size: 0
core   0: Executed 2 times
core   0: 0x800002c8 (0x0410200b) regext  x0, x0,  0 1 0 1 
core   0: 3 0x800002c8 (0x0410200b)
core   0: 0x800002cc (0xa624e0d7) vmadd.vx v1, v2, x9
core   0: 3 0x800002cc (0xa624e0d7) c8_vstart 0x00000000 e32 m1 l32 v33 ffffffff 0x00000003 00000002 00000001 00000000 00000003 00000002 00000001 00000000 00000003 00000002 00000001 00000000 00000003 00000002 00000001 00000000 00000003 00000002 00000001 00000000 00000003 00000002 00000001 00000000 00000003 00000002 00000001 00000000 00000003 00000002 00000001 00000000 
core   0: 0x800002d0 (0x0010200b) regext  x0, x0,  0 0 0 1 
core   0: 3 0x800002d0 (0x0010200b)
core   0: 0x800002d4 (0xa603e0d7) vmadd.vx v1, v0, x7
core   0: 3 0x800002d4 (0xa603e0d7) c8_vstart 0x00000000 e32 m1 l32 v33 ffffffff 0x0000000f 0000000b 00000007 00000003 0000000f 0000000b 00000007 00000003 0000000f 0000000b 00000007 00000003 0000000f 0000000b 00000007 00000003 0000000f 0000000b 00000007 00000003 0000000e 0000000a 00000006 00000002 0000000d 00000009 00000005 00000001 0000000c 00000008 00000004 00000000 
core   0: 0x800002d8 (0x0400200b) regext  x0, x0,  0 1 0 0 
core   0: 3 0x800002d8 (0x0400200b)
core   0: 0x800002dc (0x96113057) vsll.vi v0, v1, 2
core   0: 3 0x800002dc (0x96113057) c8_vstart 0x00000000 e32 m1 l32 v0  ffffffff 0x0000003c 0000002c 0000001c 0000000c 0000003c 0000002c 0000001c 0000000c 0000003c 0000002c 0000001c 0000000c 0000003c 0000002c 0000001c 0000000c 0000003c 0000002c 0000001c 0000000c 00000038 00000028 00000018 00000008 00000034 00000024 00000014 00000004 00000030 00000020 00000010 00000000 
core   0: 0x800002e0 (0x0202c057) vadd.vx v0, v0, x5
core   0: 3 0x800002e0 (0x0202c057) c8_vstart 0x00000000 e32 m1 l32 v0  ffffffff 0x9000403c 9000402c 9000401c 9000400c 9000403c 9000402c 9000401c 9000400c 9000403c 9000402c 9000401c 9000400c 9000403c 9000402c 9000401c 9000400c 9000403c 9000402c 9000401c 9000400c 90004038 90004028 90004018 90004008 90004034 90004024 90004014 90004004 90004030 90004020 90004010 90004000 
core   0: 0x800002e4 (0x0020607b) vsw12.v v2, v0, 0
core   0: 3 0x800002e4 (0x0020607b) c8_vstart 0x00000000 e32 m1 l32 mem 0x90004000 0x40bcd8cc mem 0x90004010 0x3fbb8172 mem 0x90004020 0x00000000 mem 0x90004030 0x00000000 mem 0x90004004 0x410136f0 mem 0x90004014 0x400ad0bd mem 0x90004024 0x3fe2471f mem 0x90004034 0x4124383c mem 0x90004008 0x4102787e mem 0x90004018 0x41224622 mem 0x90004028 0x411cc121 mem 0x90004038 0x4087a818 mem 0x9000400c 0x4035d51a mem 0x9000401c 0x4056b7d4 mem 0x9000402c 0x3f8145a5 mem 0x9000403c 0x00000000 mem 0x9000400c 0x4035d51a mem 0x9000401c 0x4056b7d4 mem 0x9000402c 0x3f8145a5 mem 0x9000403c 0x00000000 mem 0x9000400c 0x4035d51a mem 0x9000401c 0x4056b7d4 mem 0x9000402c 0x3f8145a5 mem 0x9000403c 0x00000000 mem 0x9000400c 0x4035d51a mem 0x9000401c 0x4056b7d4 mem 0x9000402c 0x3f8145a5 mem 0x9000403c 0x00000000 mem 0x9000400c 0x4035d51a mem 0x9000401c 0x4056b7d4 mem 0x9000402c 0x3f8145a5 mem 0x9000403c 0x00000000
core   0: 0x800002e8 (0xfec12083) lw      x1, -20(x2)
core   0: 3 0x800002e8 (0xfec12083) x1  0x800000a0 mem 0x70000000
core   0: 0x800002ec (0x0090200b) regext  x0, x0,  0 0 1 1 
core   0: 3 0x800002ec (0x0090200b)
core   0: 0x800002f0 (0x7fc020ab) vlw.v   v1, x0, -4
core   0: 3 0x800002f0 (0x7fc020ab) e32 m1 l32 v33 ffffffff 0x00000000 00000000 00000000 00000000 00000000 00000000 00000000 00000000 00000000 00000000 00000000 00000000 00000000 00000000 00000000 00000000 00000000 00000000 00000000 00000000 00000000 00000000 00000000 00000000 00000000 00000000 00000000 00000000 00000000 00000000 00000000 00000000  c8_vstart 0x00000000 mem 0x90008080 mem 0x90008084 mem 0x90008088 mem 0x9000808c mem 0x90008090 mem 0x90008094 mem 0x90008098 mem 0x9000809c mem 0x900080a0 mem 0x900080a4 mem 0x900080a8 mem 0x900080ac mem 0x900080b0 mem 0x900080b4 mem 0x900080b8 mem 0x900080bc mem 0x900080c0 mem 0x900080c4 mem 0x900080c8 mem 0x900080cc mem 0x900080d0 mem 0x900080d4 mem 0x900080d8 mem 0x900080dc mem 0x900080e0 mem 0x900080e4 mem 0x900080e8 mem 0x900080ec mem 0x900080f0 mem 0x900080f4 mem 0x900080f8 mem 0x900080fc
core   0: 0x800002f4 (0x0090200b) regext  x0, x0,  0 0 1 1 
core   0: 3 0x800002f4 (0x0090200b)
core   0: 0x800002f8 (0x7f80212b) vlw.v   v2, x0, -8
core   0: 3 0x800002f8 (0x7f80212b) e32 m1 l32 v34 ffffffff 0x00000000 00000000 00000000 00000000 00000000 00000000 00000000 00000000 00000000 00000000 00000000 00000000 00000000 00000000 00000000 00000000 00000000 00000000 00000000 00000000 00000000 00000000 00000000 00000000 00000000 00000000 00000000 00000000 00000000 00000000 00000000 00000000  c8_vstart 0x00000000 mem 0x90008000 mem 0x90008004 mem 0x90008008 mem 0x9000800c mem 0x90008010 mem 0x90008014 mem 0x90008018 mem 0x9000801c mem 0x90008020 mem 0x90008024 mem 0x90008028 mem 0x9000802c mem 0x90008030 mem 0x90008034 mem 0x90008038 mem 0x9000803c mem 0x90008040 mem 0x90008044 mem 0x90008048 mem 0x9000804c mem 0x90008050 mem 0x90008054 mem 0x90008058 mem 0x9000805c mem 0x90008060 mem 0x90008064 mem 0x90008068 mem 0x9000806c mem 0x90008070 mem 0x90008074 mem 0x90008078 mem 0x9000807c
core   0: 0x800002fc (0xfec10113) addi    x2, x2, -20
core   0: 3 0x800002fc (0xfec10113) x2  0x70000000
core   0: 0x80000300 (0xff820213) addi    x4, x4, -8
core   0: 3 0x80000300 (0xff820213) x4  0x00000000
core   0: 0x80000304 (0x0010200b) regext  x0, x0,  0 0 0 1 
core   0: 3 0x80000304 (0x0010200b)
core   0: 0x80000308 (0x5e024057) vmv.v.x v0, x4
core   0: 3 0x80000308 (0x5e024057) c8_vstart 0x00000000 e32 m1 l32 v32 ffffffff 0x00000000 00000000 00000000 00000000 00000000 00000000 00000000 00000000 00000000 00000000 00000000 00000000 00000000 00000000 00000000 00000000 00000000 00000000 00000000 00000000 00000000 00000000 00000000 00000000 00000000 00000000 00000000 00000000 00000000 00000000 00000000 00000000 
core   0: 0x8000030c (0x00008067) ret
core   0: 3 0x8000030c (0x00008067)
core   0: 0x800000a0 (0x0000400b) endprg  x0, x0, x0
core   0: 3 0x800000a0 (0x0000400b)
core   0: 0x800000a4 (0x0040006f) j       pc + 0x4
core   0: 3 0x800000a4 (0x0040006f)
core   0: 0x800000a8 (0x00100313) li      x6, 1
core   0: 3 0x800000a8 (0x00100313) x6  0x00000001
core   0: 0x800000ac (0x00001297) auipc   x5, 0x1
core   0: 3 0x800000ac (0x00001297) x5  0x800010ac
core   0: 0x800000b0 (0xf5428293) addi    x5, x5, -172
core   0: 3 0x800000b0 (0xf5428293) x5  0x80001000
core   0: 0x800000b4 (0x0062a023) sw      x6, 0(x5)
core   0: 3 0x800000b4 (0x0062a023) mem 0x80001000 0x00000001
